[2023-11-16 15:03:50,802][train.py][line:396][INFO] Batch size: 8, Learning Rate: 1e-05, Epochs: 50, Loss: CrossEntropy, Optimizer: RMSProp, Device: cuda
[2023-11-16 15:03:50,810][train.py][line:116][INFO] ********* Train Epoch:0 ********
[2023-11-16 16:49:53,373][train.py][line:179][INFO] 
Train mode Epoch 0: Total loss:1.59 
Arousal >> F1_score:0.43, recall:0.81, precision0.3, loss:0.85 
Apnea >> F1_score:0.43, recall:0.84, precision0.34, loss:0.74
[2023-11-16 16:49:53,374][train.py][line:195][INFO] ************************************

[2023-11-16 16:49:53,375][train.py][line:257][INFO] *************** test ***************
[2023-11-16 17:03:45,790][train.py][line:298][INFO] 
Test mode: Total loss:1.48 
Arousal >> F1_score:0.45, recall:0.81, precision0.32, loss:0.82 
Apnea >> F1_score:0.5, recall:0.83, precision0.4, loss:0.66
[2023-11-16 17:03:45,791][train.py][line:301][INFO] ************************************

[2023-11-16 17:03:45,966][train.py][line:116][INFO] ********* Train Epoch:1 ********
[2023-11-16 18:44:13,893][train.py][line:179][INFO] 
Train mode Epoch 1: Total loss:1.38 
Arousal >> F1_score:0.45, recall:0.84, precision0.32, loss:0.78 
Apnea >> F1_score:0.48, recall:0.89, precision0.37, loss:0.6
[2023-11-16 18:44:13,894][train.py][line:195][INFO] ************************************

[2023-11-16 18:44:13,894][train.py][line:257][INFO] *************** test ***************
[2023-11-16 18:55:46,586][train.py][line:298][INFO] 
Test mode: Total loss:1.44 
Arousal >> F1_score:0.49, recall:0.77, precision0.36, loss:0.8 
Apnea >> F1_score:0.51, recall:0.84, precision0.41, loss:0.64
[2023-11-16 18:55:46,587][train.py][line:301][INFO] ************************************

[2023-11-16 18:55:46,785][train.py][line:116][INFO] ********* Train Epoch:2 ********
[2023-11-16 20:32:02,211][train.py][line:179][INFO] 
Train mode Epoch 2: Total loss:1.3 
Arousal >> F1_score:0.47, recall:0.86, precision0.33, loss:0.73 
Apnea >> F1_score:0.49, recall:0.9, precision0.38, loss:0.57
[2023-11-16 20:32:02,211][train.py][line:195][INFO] ************************************

[2023-11-16 20:32:02,212][train.py][line:257][INFO] *************** test ***************
[2023-11-16 20:43:33,858][train.py][line:298][INFO] 
Test mode: Total loss:1.36 
Arousal >> F1_score:0.51, recall:0.81, precision0.38, loss:0.75 
Apnea >> F1_score:0.52, recall:0.84, precision0.42, loss:0.61
[2023-11-16 20:43:33,858][train.py][line:301][INFO] ************************************

[2023-11-16 20:43:34,235][train.py][line:116][INFO] ********* Train Epoch:3 ********
[2023-11-16 22:19:56,187][train.py][line:179][INFO] 
Train mode Epoch 3: Total loss:1.24 
Arousal >> F1_score:0.49, recall:0.87, precision0.35, loss:0.69 
Apnea >> F1_score:0.5, recall:0.9, precision0.39, loss:0.55
[2023-11-16 22:19:56,188][train.py][line:195][INFO] ************************************

[2023-11-16 22:19:56,189][train.py][line:257][INFO] *************** test ***************
[2023-11-16 22:31:30,002][train.py][line:298][INFO] 
Test mode: Total loss:1.31 
Arousal >> F1_score:0.53, recall:0.82, precision0.4, loss:0.7 
Apnea >> F1_score:0.52, recall:0.84, precision0.43, loss:0.61
[2023-11-16 22:31:30,002][train.py][line:301][INFO] ************************************

[2023-11-16 22:31:30,163][train.py][line:116][INFO] ********* Train Epoch:4 ********
[2023-11-17 00:11:00,967][train.py][line:179][INFO] 
Train mode Epoch 4: Total loss:1.2 
Arousal >> F1_score:0.51, recall:0.87, precision0.36, loss:0.66 
Apnea >> F1_score:0.5, recall:0.9, precision0.39, loss:0.54
[2023-11-17 00:11:00,967][train.py][line:195][INFO] ************************************

[2023-11-17 00:11:00,968][train.py][line:257][INFO] *************** test ***************
[2023-11-17 00:24:49,647][train.py][line:298][INFO] 
Test mode: Total loss:1.32 
Arousal >> F1_score:0.55, recall:0.81, precision0.42, loss:0.71 
Apnea >> F1_score:0.53, recall:0.84, precision0.43, loss:0.61
[2023-11-17 00:24:49,648][train.py][line:301][INFO] ************************************

[2023-11-17 00:24:49,759][train.py][line:116][INFO] ********* Train Epoch:5 ********
[2023-11-17 02:07:03,120][train.py][line:179][INFO] 
Train mode Epoch 5: Total loss:1.18 
Arousal >> F1_score:0.52, recall:0.88, precision0.38, loss:0.64 
Apnea >> F1_score:0.5, recall:0.9, precision0.39, loss:0.54
[2023-11-17 02:07:03,120][train.py][line:195][INFO] ************************************

[2023-11-17 02:07:03,121][train.py][line:257][INFO] *************** test ***************
[2023-11-17 02:18:32,664][train.py][line:298][INFO] 
Test mode: Total loss:1.25 
Arousal >> F1_score:0.56, recall:0.84, precision0.42, loss:0.65 
Apnea >> F1_score:0.53, recall:0.85, precision0.43, loss:0.6
[2023-11-17 02:18:32,665][train.py][line:301][INFO] ************************************

[2023-11-17 02:18:32,829][train.py][line:116][INFO] ********* Train Epoch:6 ********
[2023-11-17 03:54:35,032][train.py][line:179][INFO] 
Train mode Epoch 6: Total loss:1.15 
Arousal >> F1_score:0.53, recall:0.88, precision0.38, loss:0.63 
Apnea >> F1_score:0.5, recall:0.9, precision0.4, loss:0.53
[2023-11-17 03:54:35,033][train.py][line:195][INFO] ************************************

[2023-11-17 03:54:35,033][train.py][line:257][INFO] *************** test ***************
[2023-11-17 04:06:04,312][train.py][line:298][INFO] 
Test mode: Total loss:1.25 
Arousal >> F1_score:0.56, recall:0.83, precision0.42, loss:0.65 
Apnea >> F1_score:0.53, recall:0.84, precision0.43, loss:0.59
[2023-11-17 04:06:04,313][train.py][line:301][INFO] ************************************

[2023-11-17 04:06:04,447][train.py][line:116][INFO] ********* Train Epoch:7 ********
[2023-11-17 05:42:04,110][train.py][line:179][INFO] 
Train mode Epoch 7: Total loss:1.14 
Arousal >> F1_score:0.53, recall:0.89, precision0.39, loss:0.61 
Apnea >> F1_score:0.51, recall:0.9, precision0.4, loss:0.52
[2023-11-17 05:42:04,111][train.py][line:195][INFO] ************************************

[2023-11-17 05:42:04,112][train.py][line:257][INFO] *************** test ***************
[2023-11-17 05:53:32,973][train.py][line:298][INFO] 
Test mode: Total loss:1.25 
Arousal >> F1_score:0.57, recall:0.84, precision0.43, loss:0.64 
Apnea >> F1_score:0.54, recall:0.82, precision0.45, loss:0.61
[2023-11-17 05:53:32,974][train.py][line:301][INFO] ************************************

[2023-11-17 05:53:33,064][train.py][line:116][INFO] ********* Train Epoch:8 ********
[2023-11-17 07:29:22,603][train.py][line:179][INFO] 
Train mode Epoch 8: Total loss:1.13 
Arousal >> F1_score:0.53, recall:0.89, precision0.39, loss:0.61 
Apnea >> F1_score:0.51, recall:0.91, precision0.4, loss:0.52
[2023-11-17 07:29:22,603][train.py][line:195][INFO] ************************************

[2023-11-17 07:29:22,604][train.py][line:257][INFO] *************** test ***************
[2023-11-17 07:40:52,365][train.py][line:298][INFO] 
Test mode: Total loss:1.26 
Arousal >> F1_score:0.57, recall:0.82, precision0.44, loss:0.67 
Apnea >> F1_score:0.53, recall:0.84, precision0.43, loss:0.59
[2023-11-17 07:40:52,366][train.py][line:301][INFO] ************************************

[2023-11-17 07:40:52,451][train.py][line:116][INFO] ********* Train Epoch:9 ********
[2023-11-17 09:16:54,973][train.py][line:179][INFO] 
Train mode Epoch 9: Total loss:1.12 
Arousal >> F1_score:0.54, recall:0.89, precision0.39, loss:0.6 
Apnea >> F1_score:0.51, recall:0.91, precision0.4, loss:0.52
[2023-11-17 09:16:54,974][train.py][line:195][INFO] ************************************

[2023-11-17 09:16:54,974][train.py][line:257][INFO] *************** test ***************
[2023-11-17 09:29:28,565][train.py][line:298][INFO] 
Test mode: Total loss:1.23 
Arousal >> F1_score:0.57, recall:0.84, precision0.44, loss:0.64 
Apnea >> F1_score:0.54, recall:0.84, precision0.44, loss:0.59
[2023-11-17 09:29:28,565][train.py][line:301][INFO] ************************************

[2023-11-17 09:29:28,678][train.py][line:116][INFO] ********* Train Epoch:10 ********
[2023-11-17 11:14:27,726][train.py][line:179][INFO] 
Train mode Epoch 10: Total loss:1.11 
Arousal >> F1_score:0.54, recall:0.89, precision0.39, loss:0.6 
Apnea >> F1_score:0.51, recall:0.91, precision0.4, loss:0.51
[2023-11-17 11:14:27,727][train.py][line:195][INFO] ************************************

[2023-11-17 11:14:27,728][train.py][line:257][INFO] *************** test ***************
[2023-11-17 11:27:09,467][train.py][line:298][INFO] 
Test mode: Total loss:1.21 
Arousal >> F1_score:0.58, recall:0.85, precision0.44, loss:0.63 
Apnea >> F1_score:0.54, recall:0.84, precision0.44, loss:0.59
[2023-11-17 11:27:09,467][train.py][line:301][INFO] ************************************

[2023-11-17 11:27:09,593][train.py][line:116][INFO] ********* Train Epoch:11 ********
[2023-11-17 13:03:11,585][train.py][line:179][INFO] 
Train mode Epoch 11: Total loss:1.1 
Arousal >> F1_score:0.54, recall:0.89, precision0.39, loss:0.59 
Apnea >> F1_score:0.52, recall:0.91, precision0.41, loss:0.5
[2023-11-17 13:03:11,585][train.py][line:195][INFO] ************************************

[2023-11-17 13:03:11,586][train.py][line:257][INFO] *************** test ***************
[2023-11-17 13:14:42,632][train.py][line:298][INFO] 
Test mode: Total loss:1.2 
Arousal >> F1_score:0.57, recall:0.85, precision0.44, loss:0.62 
Apnea >> F1_score:0.54, recall:0.84, precision0.44, loss:0.58
[2023-11-17 13:14:42,632][train.py][line:301][INFO] ************************************

[2023-11-17 13:14:42,753][train.py][line:116][INFO] ********* Train Epoch:12 ********
[2023-11-17 14:56:03,677][train.py][line:179][INFO] 
Train mode Epoch 12: Total loss:1.08 
Arousal >> F1_score:0.54, recall:0.9, precision0.4, loss:0.59 
Apnea >> F1_score:0.52, recall:0.91, precision0.41, loss:0.5
[2023-11-17 14:56:03,678][train.py][line:195][INFO] ************************************

[2023-11-17 14:56:03,679][train.py][line:257][INFO] *************** test ***************
[2023-11-17 15:09:50,869][train.py][line:298][INFO] 
Test mode: Total loss:1.19 
Arousal >> F1_score:0.57, recall:0.86, precision0.44, loss:0.61 
Apnea >> F1_score:0.53, recall:0.85, precision0.44, loss:0.58
[2023-11-17 15:09:50,870][train.py][line:301][INFO] ************************************

[2023-11-17 15:09:50,992][train.py][line:116][INFO] ********* Train Epoch:13 ********
[2023-11-17 16:49:59,152][train.py][line:179][INFO] 
Train mode Epoch 13: Total loss:1.07 
Arousal >> F1_score:0.54, recall:0.9, precision0.4, loss:0.58 
Apnea >> F1_score:0.52, recall:0.91, precision0.41, loss:0.49
[2023-11-17 16:49:59,153][train.py][line:195][INFO] ************************************

[2023-11-17 16:49:59,154][train.py][line:257][INFO] *************** test ***************
[2023-11-17 17:01:33,450][train.py][line:298][INFO] 
Test mode: Total loss:1.2 
Arousal >> F1_score:0.58, recall:0.85, precision0.44, loss:0.62 
Apnea >> F1_score:0.54, recall:0.84, precision0.44, loss:0.58
[2023-11-17 17:01:33,451][train.py][line:301][INFO] ************************************

[2023-11-17 17:01:33,551][train.py][line:116][INFO] ********* Train Epoch:14 ********
[2023-11-17 18:37:51,153][train.py][line:179][INFO] 
Train mode Epoch 14: Total loss:1.07 
Arousal >> F1_score:0.54, recall:0.9, precision0.4, loss:0.58 
Apnea >> F1_score:0.52, recall:0.92, precision0.41, loss:0.49
[2023-11-17 18:37:51,153][train.py][line:195][INFO] ************************************

[2023-11-17 18:37:51,154][train.py][line:257][INFO] *************** test ***************
[2023-11-17 18:49:23,713][train.py][line:298][INFO] 
Test mode: Total loss:1.19 
Arousal >> F1_score:0.58, recall:0.86, precision0.44, loss:0.61 
Apnea >> F1_score:0.54, recall:0.84, precision0.44, loss:0.59
[2023-11-17 18:49:23,714][train.py][line:301][INFO] ************************************

[2023-11-17 18:49:23,821][train.py][line:116][INFO] ********* Train Epoch:15 ********
[2023-11-17 20:25:39,087][train.py][line:179][INFO] 
Train mode Epoch 15: Total loss:1.06 
Arousal >> F1_score:0.55, recall:0.9, precision0.4, loss:0.57 
Apnea >> F1_score:0.53, recall:0.92, precision0.42, loss:0.48
[2023-11-17 20:25:39,088][train.py][line:195][INFO] ************************************

[2023-11-17 20:25:39,089][train.py][line:257][INFO] *************** test ***************
[2023-11-17 20:37:11,752][train.py][line:298][INFO] 
Test mode: Total loss:1.22 
Arousal >> F1_score:0.58, recall:0.84, precision0.45, loss:0.63 
Apnea >> F1_score:0.54, recall:0.84, precision0.44, loss:0.58
[2023-11-17 20:37:11,752][train.py][line:301][INFO] ************************************

[2023-11-17 20:37:11,836][train.py][line:116][INFO] ********* Train Epoch:16 ********
[2023-11-17 22:13:34,703][train.py][line:179][INFO] 
Train mode Epoch 16: Total loss:1.05 
Arousal >> F1_score:0.55, recall:0.9, precision0.4, loss:0.57 
Apnea >> F1_score:0.53, recall:0.92, precision0.42, loss:0.48
[2023-11-17 22:13:34,704][train.py][line:195][INFO] ************************************

[2023-11-17 22:13:34,705][train.py][line:257][INFO] *************** test ***************
[2023-11-17 22:25:07,297][train.py][line:298][INFO] 
Test mode: Total loss:1.21 
Arousal >> F1_score:0.58, recall:0.84, precision0.45, loss:0.63 
Apnea >> F1_score:0.54, recall:0.84, precision0.45, loss:0.59
[2023-11-17 22:25:07,297][train.py][line:301][INFO] ************************************

[2023-11-17 22:25:07,400][train.py][line:116][INFO] ********* Train Epoch:17 ********
[2023-11-18 00:04:04,551][train.py][line:179][INFO] 
Train mode Epoch 17: Total loss:1.04 
Arousal >> F1_score:0.55, recall:0.9, precision0.4, loss:0.57 
Apnea >> F1_score:0.53, recall:0.92, precision0.42, loss:0.47
[2023-11-18 00:04:04,551][train.py][line:195][INFO] ************************************

[2023-11-18 00:04:04,552][train.py][line:257][INFO] *************** test ***************
[2023-11-18 00:17:53,590][train.py][line:298][INFO] 
Test mode: Total loss:1.2 
Arousal >> F1_score:0.58, recall:0.86, precision0.44, loss:0.61 
Apnea >> F1_score:0.53, recall:0.85, precision0.43, loss:0.59
[2023-11-18 00:17:53,591][train.py][line:301][INFO] ************************************

[2023-11-18 00:17:53,700][train.py][line:116][INFO] ********* Train Epoch:18 ********
[2023-11-18 02:00:27,249][train.py][line:179][INFO] 
Train mode Epoch 18: Total loss:1.03 
Arousal >> F1_score:0.55, recall:0.9, precision0.4, loss:0.57 
Apnea >> F1_score:0.54, recall:0.92, precision0.42, loss:0.47
[2023-11-18 02:00:27,250][train.py][line:195][INFO] ************************************

[2023-11-18 02:00:27,251][train.py][line:257][INFO] *************** test ***************
[2023-11-18 02:11:57,010][train.py][line:298][INFO] 
Test mode: Total loss:1.2 
Arousal >> F1_score:0.58, recall:0.85, precision0.45, loss:0.62 
Apnea >> F1_score:0.53, recall:0.85, precision0.42, loss:0.58
[2023-11-18 02:11:57,011][train.py][line:301][INFO] ************************************

[2023-11-18 02:11:57,096][train.py][line:116][INFO] ********* Train Epoch:19 ********
[2023-11-18 03:47:53,965][train.py][line:179][INFO] 
Train mode Epoch 19: Total loss:1.03 
Arousal >> F1_score:0.55, recall:0.9, precision0.4, loss:0.56 
Apnea >> F1_score:0.54, recall:0.92, precision0.42, loss:0.46
[2023-11-18 03:47:53,966][train.py][line:195][INFO] ************************************

[2023-11-18 03:47:53,966][train.py][line:257][INFO] *************** test ***************
[2023-11-18 03:59:23,646][train.py][line:298][INFO] 
Test mode: Total loss:1.2 
Arousal >> F1_score:0.58, recall:0.85, precision0.44, loss:0.62 
Apnea >> F1_score:0.53, recall:0.85, precision0.43, loss:0.58
[2023-11-18 03:59:23,647][train.py][line:301][INFO] ************************************

[2023-11-18 03:59:23,731][train.py][line:116][INFO] ********* Train Epoch:20 ********
[2023-11-18 05:36:15,770][train.py][line:179][INFO] 
Train mode Epoch 20: Total loss:1.02 
Arousal >> F1_score:0.55, recall:0.9, precision0.4, loss:0.56 
Apnea >> F1_score:0.54, recall:0.92, precision0.43, loss:0.46
[2023-11-18 05:36:15,771][train.py][line:195][INFO] ************************************

[2023-11-18 05:36:15,772][train.py][line:257][INFO] *************** test ***************
[2023-11-18 05:47:45,648][train.py][line:298][INFO] 
Test mode: Total loss:1.2 
Arousal >> F1_score:0.58, recall:0.85, precision0.44, loss:0.61 
Apnea >> F1_score:0.54, recall:0.84, precision0.44, loss:0.58
[2023-11-18 05:47:45,649][train.py][line:301][INFO] ************************************

[2023-11-18 05:47:45,774][train.py][line:116][INFO] ********* Train Epoch:21 ********
[2023-11-18 07:23:42,369][train.py][line:179][INFO] 
Train mode Epoch 21: Total loss:1.01 
Arousal >> F1_score:0.55, recall:0.9, precision0.4, loss:0.56 
Apnea >> F1_score:0.54, recall:0.93, precision0.43, loss:0.45
[2023-11-18 07:23:42,370][train.py][line:195][INFO] ************************************

[2023-11-18 07:23:42,370][train.py][line:257][INFO] *************** test ***************
[2023-11-18 07:35:11,259][train.py][line:298][INFO] 
Test mode: Total loss:1.18 
Arousal >> F1_score:0.58, recall:0.86, precision0.44, loss:0.6 
Apnea >> F1_score:0.53, recall:0.85, precision0.43, loss:0.57
[2023-11-18 07:35:11,259][train.py][line:301][INFO] ************************************

[2023-11-18 07:35:11,370][train.py][line:116][INFO] ********* Train Epoch:22 ********
[2023-11-18 09:11:04,446][train.py][line:179][INFO] 
Train mode Epoch 22: Total loss:1.01 
Arousal >> F1_score:0.55, recall:0.9, precision0.4, loss:0.56 
Apnea >> F1_score:0.55, recall:0.92, precision0.43, loss:0.45
[2023-11-18 09:11:04,447][train.py][line:195][INFO] ************************************

[2023-11-18 09:11:04,448][train.py][line:257][INFO] *************** test ***************
[2023-11-18 09:22:34,717][train.py][line:298][INFO] 
Test mode: Total loss:1.18 
Arousal >> F1_score:0.58, recall:0.86, precision0.44, loss:0.61 
Apnea >> F1_score:0.53, recall:0.84, precision0.43, loss:0.58
[2023-11-18 09:22:34,718][train.py][line:301][INFO] ************************************

[2023-11-18 09:22:34,819][train.py][line:116][INFO] ********* Train Epoch:23 ********
[2023-11-18 11:07:47,329][train.py][line:179][INFO] 
Train mode Epoch 23: Total loss:1.0 
Arousal >> F1_score:0.55, recall:0.9, precision0.4, loss:0.55 
Apnea >> F1_score:0.55, recall:0.93, precision0.43, loss:0.45
[2023-11-18 11:07:47,330][train.py][line:195][INFO] ************************************

[2023-11-18 11:07:47,331][train.py][line:257][INFO] *************** test ***************
[2023-11-18 11:21:34,923][train.py][line:298][INFO] 
Test mode: Total loss:1.19 
Arousal >> F1_score:0.58, recall:0.86, precision0.45, loss:0.61 
Apnea >> F1_score:0.54, recall:0.84, precision0.44, loss:0.59
[2023-11-18 11:21:34,923][train.py][line:301][INFO] ************************************

[2023-11-18 11:21:35,025][train.py][line:116][INFO] ********* Train Epoch:24 ********
[2023-11-18 13:01:34,063][train.py][line:179][INFO] 
Train mode Epoch 24: Total loss:0.99 
Arousal >> F1_score:0.55, recall:0.91, precision0.4, loss:0.55 
Apnea >> F1_score:0.55, recall:0.93, precision0.44, loss:0.44
[2023-11-18 13:01:34,064][train.py][line:195][INFO] ************************************

[2023-11-18 13:01:34,064][train.py][line:257][INFO] *************** test ***************
[2023-11-18 13:15:23,515][train.py][line:298][INFO] 
Test mode: Total loss:1.18 
Arousal >> F1_score:0.59, recall:0.85, precision0.45, loss:0.61 
Apnea >> F1_score:0.53, recall:0.86, precision0.42, loss:0.57
[2023-11-18 13:15:23,516][train.py][line:301][INFO] ************************************

[2023-11-18 13:15:23,605][train.py][line:116][INFO] ********* Train Epoch:25 ********
[2023-11-18 14:58:46,317][train.py][line:179][INFO] 
Train mode Epoch 25: Total loss:0.99 
Arousal >> F1_score:0.55, recall:0.91, precision0.4, loss:0.55 
Apnea >> F1_score:0.55, recall:0.93, precision0.44, loss:0.44
[2023-11-18 14:58:46,318][train.py][line:195][INFO] ************************************

[2023-11-18 14:58:46,319][train.py][line:257][INFO] *************** test ***************
[2023-11-18 15:10:42,429][train.py][line:298][INFO] 
Test mode: Total loss:1.2 
Arousal >> F1_score:0.58, recall:0.85, precision0.44, loss:0.62 
Apnea >> F1_score:0.54, recall:0.85, precision0.44, loss:0.58
[2023-11-18 15:10:42,430][train.py][line:301][INFO] ************************************

[2023-11-18 15:10:42,535][train.py][line:116][INFO] ********* Train Epoch:26 ********
[2023-11-18 16:49:20,751][train.py][line:179][INFO] 
Train mode Epoch 26: Total loss:0.98 
Arousal >> F1_score:0.55, recall:0.91, precision0.4, loss:0.55 
Apnea >> F1_score:0.55, recall:0.93, precision0.44, loss:0.43
[2023-11-18 16:49:20,751][train.py][line:195][INFO] ************************************

[2023-11-18 16:49:20,752][train.py][line:257][INFO] *************** test ***************
[2023-11-18 17:01:13,109][train.py][line:298][INFO] 
Test mode: Total loss:1.19 
Arousal >> F1_score:0.58, recall:0.86, precision0.44, loss:0.6 
Apnea >> F1_score:0.53, recall:0.84, precision0.44, loss:0.59
[2023-11-18 17:01:13,110][train.py][line:301][INFO] ************************************

[2023-11-18 17:01:13,203][train.py][line:116][INFO] ********* Train Epoch:27 ********
[2023-11-18 18:40:07,480][train.py][line:179][INFO] 
Train mode Epoch 27: Total loss:0.98 
Arousal >> F1_score:0.55, recall:0.91, precision0.4, loss:0.55 
Apnea >> F1_score:0.56, recall:0.93, precision0.44, loss:0.43
[2023-11-18 18:40:07,481][train.py][line:195][INFO] ************************************

[2023-11-18 18:40:07,481][train.py][line:257][INFO] *************** test ***************
[2023-11-18 18:52:08,131][train.py][line:298][INFO] 
Test mode: Total loss:1.19 
Arousal >> F1_score:0.57, recall:0.86, precision0.43, loss:0.6 
Apnea >> F1_score:0.54, recall:0.84, precision0.44, loss:0.58
[2023-11-18 18:52:08,132][train.py][line:301][INFO] ************************************

[2023-11-18 18:52:08,220][train.py][line:116][INFO] ********* Train Epoch:28 ********
[2023-11-18 20:28:30,166][train.py][line:179][INFO] 
Train mode Epoch 28: Total loss:0.97 
Arousal >> F1_score:0.55, recall:0.91, precision0.4, loss:0.55 
Apnea >> F1_score:0.56, recall:0.93, precision0.45, loss:0.43
[2023-11-18 20:28:30,167][train.py][line:195][INFO] ************************************

[2023-11-18 20:28:30,168][train.py][line:257][INFO] *************** test ***************
[2023-11-18 20:40:00,860][train.py][line:298][INFO] 
Test mode: Total loss:1.18 
Arousal >> F1_score:0.59, recall:0.86, precision0.45, loss:0.6 
Apnea >> F1_score:0.54, recall:0.84, precision0.44, loss:0.59
[2023-11-18 20:40:00,861][train.py][line:301][INFO] ************************************

[2023-11-18 20:40:01,001][train.py][line:116][INFO] ********* Train Epoch:29 ********
[2023-11-18 22:16:09,909][train.py][line:179][INFO] 
Train mode Epoch 29: Total loss:0.97 
Arousal >> F1_score:0.55, recall:0.91, precision0.4, loss:0.55 
Apnea >> F1_score:0.56, recall:0.93, precision0.45, loss:0.43
[2023-11-18 22:16:09,910][train.py][line:195][INFO] ************************************

[2023-11-18 22:16:09,911][train.py][line:257][INFO] *************** test ***************
[2023-11-18 22:27:42,292][train.py][line:298][INFO] 
Test mode: Total loss:1.21 
Arousal >> F1_score:0.58, recall:0.85, precision0.45, loss:0.62 
Apnea >> F1_score:0.54, recall:0.83, precision0.45, loss:0.59
[2023-11-18 22:27:42,293][train.py][line:301][INFO] ************************************

[2023-11-18 22:27:42,400][train.py][line:116][INFO] ********* Train Epoch:30 ********
[2023-11-19 00:06:37,541][train.py][line:179][INFO] 
Train mode Epoch 30: Total loss:0.97 
Arousal >> F1_score:0.55, recall:0.91, precision0.4, loss:0.55 
Apnea >> F1_score:0.56, recall:0.93, precision0.45, loss:0.43
[2023-11-19 00:06:37,542][train.py][line:195][INFO] ************************************

[2023-11-19 00:06:37,543][train.py][line:257][INFO] *************** test ***************
[2023-11-19 00:20:34,068][train.py][line:298][INFO] 
Test mode: Total loss:1.18 
Arousal >> F1_score:0.58, recall:0.85, precision0.45, loss:0.61 
Apnea >> F1_score:0.53, recall:0.85, precision0.43, loss:0.58
[2023-11-19 00:20:34,069][train.py][line:301][INFO] ************************************

[2023-11-19 00:20:34,188][train.py][line:116][INFO] ********* Train Epoch:31 ********
[2023-11-19 02:03:04,743][train.py][line:179][INFO] 
Train mode Epoch 31: Total loss:0.97 
Arousal >> F1_score:0.55, recall:0.91, precision0.4, loss:0.54 
Apnea >> F1_score:0.56, recall:0.93, precision0.45, loss:0.43
[2023-11-19 02:03:04,744][train.py][line:195][INFO] ************************************

[2023-11-19 02:03:04,744][train.py][line:257][INFO] *************** test ***************
[2023-11-19 02:14:38,659][train.py][line:298][INFO] 
Test mode: Total loss:1.2 
Arousal >> F1_score:0.58, recall:0.85, precision0.45, loss:0.61 
Apnea >> F1_score:0.53, recall:0.85, precision0.43, loss:0.59
[2023-11-19 02:14:38,659][train.py][line:301][INFO] ************************************

[2023-11-19 02:14:38,750][train.py][line:116][INFO] ********* Train Epoch:32 ********
[2023-11-19 03:50:40,332][train.py][line:179][INFO] 
Train mode Epoch 32: Total loss:0.96 
Arousal >> F1_score:0.55, recall:0.91, precision0.41, loss:0.54 
Apnea >> F1_score:0.56, recall:0.93, precision0.45, loss:0.42
[2023-11-19 03:50:40,333][train.py][line:195][INFO] ************************************

[2023-11-19 03:50:40,334][train.py][line:257][INFO] *************** test ***************
[2023-11-19 04:02:14,820][train.py][line:298][INFO] 
Test mode: Total loss:1.19 
Arousal >> F1_score:0.58, recall:0.86, precision0.44, loss:0.59 
Apnea >> F1_score:0.54, recall:0.83, precision0.45, loss:0.59
[2023-11-19 04:02:14,821][train.py][line:301][INFO] ************************************

[2023-11-19 04:02:14,989][train.py][line:116][INFO] ********* Train Epoch:33 ********
[2023-11-19 05:38:25,273][train.py][line:179][INFO] 
Train mode Epoch 33: Total loss:0.96 
Arousal >> F1_score:0.55, recall:0.91, precision0.4, loss:0.54 
Apnea >> F1_score:0.57, recall:0.93, precision0.45, loss:0.42
[2023-11-19 05:38:25,274][train.py][line:195][INFO] ************************************

[2023-11-19 05:38:25,274][train.py][line:257][INFO] *************** test ***************
[2023-11-19 05:49:59,966][train.py][line:298][INFO] 
Test mode: Total loss:1.2 
Arousal >> F1_score:0.59, recall:0.85, precision0.46, loss:0.61 
Apnea >> F1_score:0.53, recall:0.84, precision0.43, loss:0.59
[2023-11-19 05:49:59,967][train.py][line:301][INFO] ************************************

[2023-11-19 05:50:00,142][train.py][line:116][INFO] ********* Train Epoch:34 ********
[2023-11-19 07:26:01,475][train.py][line:179][INFO] 
Train mode Epoch 34: Total loss:0.96 
Arousal >> F1_score:0.55, recall:0.91, precision0.41, loss:0.54 
Apnea >> F1_score:0.57, recall:0.93, precision0.45, loss:0.42
[2023-11-19 07:26:01,476][train.py][line:195][INFO] ************************************

[2023-11-19 07:26:01,477][train.py][line:257][INFO] *************** test ***************
[2023-11-19 07:37:34,882][train.py][line:298][INFO] 
Test mode: Total loss:1.19 
Arousal >> F1_score:0.58, recall:0.85, precision0.45, loss:0.61 
Apnea >> F1_score:0.53, recall:0.85, precision0.43, loss:0.58
[2023-11-19 07:37:34,883][train.py][line:301][INFO] ************************************

[2023-11-19 07:37:35,048][train.py][line:116][INFO] ********* Train Epoch:35 ********
[2023-11-19 09:13:44,742][train.py][line:179][INFO] 
Train mode Epoch 35: Total loss:0.95 
Arousal >> F1_score:0.55, recall:0.91, precision0.41, loss:0.54 
Apnea >> F1_score:0.57, recall:0.93, precision0.45, loss:0.41
[2023-11-19 09:13:44,743][train.py][line:195][INFO] ************************************

[2023-11-19 09:13:44,744][train.py][line:257][INFO] *************** test ***************
[2023-11-19 09:25:44,029][train.py][line:298][INFO] 
Test mode: Total loss:1.26 
Arousal >> F1_score:0.57, recall:0.85, precision0.44, loss:0.63 
Apnea >> F1_score:0.55, recall:0.79, precision0.47, loss:0.63
[2023-11-19 09:25:44,029][train.py][line:301][INFO] ************************************

[2023-11-19 09:25:44,243][train.py][line:116][INFO] ********* Train Epoch:36 ********
[2023-11-19 11:11:15,051][train.py][line:179][INFO] 
Train mode Epoch 36: Total loss:0.95 
Arousal >> F1_score:0.56, recall:0.91, precision0.41, loss:0.54 
Apnea >> F1_score:0.57, recall:0.93, precision0.45, loss:0.41
[2023-11-19 11:11:15,052][train.py][line:195][INFO] ************************************

[2023-11-19 11:11:15,053][train.py][line:257][INFO] *************** test ***************
[2023-11-19 11:25:05,753][train.py][line:298][INFO] 
Test mode: Total loss:1.2 
Arousal >> F1_score:0.59, recall:0.86, precision0.45, loss:0.6 
Apnea >> F1_score:0.54, recall:0.84, precision0.44, loss:0.59
[2023-11-19 11:25:05,754][train.py][line:301][INFO] ************************************

[2023-11-19 11:25:05,901][train.py][line:116][INFO] ********* Train Epoch:37 ********
[2023-11-19 13:10:20,993][train.py][line:179][INFO] 
Train mode Epoch 37: Total loss:0.95 
Arousal >> F1_score:0.56, recall:0.91, precision0.41, loss:0.54 
Apnea >> F1_score:0.57, recall:0.93, precision0.46, loss:0.41
[2023-11-19 13:10:20,994][train.py][line:195][INFO] ************************************

[2023-11-19 13:10:20,995][train.py][line:257][INFO] *************** test ***************
[2023-11-19 13:21:51,028][train.py][line:298][INFO] 
Test mode: Total loss:1.19 
Arousal >> F1_score:0.58, recall:0.86, precision0.45, loss:0.6 
Apnea >> F1_score:0.54, recall:0.85, precision0.44, loss:0.58
[2023-11-19 13:21:51,028][train.py][line:301][INFO] ************************************

[2023-11-19 13:21:51,261][train.py][line:116][INFO] ********* Train Epoch:38 ********
[2023-11-19 14:57:57,596][train.py][line:179][INFO] 
Train mode Epoch 38: Total loss:0.95 
Arousal >> F1_score:0.55, recall:0.91, precision0.41, loss:0.54 
Apnea >> F1_score:0.58, recall:0.93, precision0.46, loss:0.41
[2023-11-19 14:57:57,597][train.py][line:195][INFO] ************************************

[2023-11-19 14:57:57,598][train.py][line:257][INFO] *************** test ***************
[2023-11-19 15:09:27,627][train.py][line:298][INFO] 
Test mode: Total loss:1.2 
Arousal >> F1_score:0.59, recall:0.85, precision0.46, loss:0.61 
Apnea >> F1_score:0.53, recall:0.85, precision0.43, loss:0.59
[2023-11-19 15:09:27,628][train.py][line:301][INFO] ************************************

[2023-11-19 15:09:27,768][train.py][line:116][INFO] ********* Train Epoch:39 ********
[2023-11-19 16:46:16,124][train.py][line:179][INFO] 
Train mode Epoch 39: Total loss:0.94 
Arousal >> F1_score:0.56, recall:0.91, precision0.41, loss:0.53 
Apnea >> F1_score:0.58, recall:0.93, precision0.46, loss:0.4
[2023-11-19 16:46:16,124][train.py][line:195][INFO] ************************************

[2023-11-19 16:46:16,125][train.py][line:257][INFO] *************** test ***************
[2023-11-19 16:58:35,000][train.py][line:298][INFO] 
Test mode: Total loss:1.19 
Arousal >> F1_score:0.58, recall:0.86, precision0.45, loss:0.6 
Apnea >> F1_score:0.54, recall:0.84, precision0.44, loss:0.59
[2023-11-19 16:58:35,000][train.py][line:301][INFO] ************************************

[2023-11-19 16:58:35,121][train.py][line:116][INFO] ********* Train Epoch:40 ********
[2023-11-19 18:41:10,529][train.py][line:179][INFO] 
Train mode Epoch 40: Total loss:0.94 
Arousal >> F1_score:0.56, recall:0.91, precision0.41, loss:0.53 
Apnea >> F1_score:0.58, recall:0.93, precision0.46, loss:0.4
[2023-11-19 18:41:10,529][train.py][line:195][INFO] ************************************

[2023-11-19 18:41:10,530][train.py][line:257][INFO] *************** test ***************
[2023-11-19 18:53:16,438][train.py][line:298][INFO] 
Test mode: Total loss:1.2 
Arousal >> F1_score:0.58, recall:0.86, precision0.44, loss:0.6 
Apnea >> F1_score:0.54, recall:0.83, precision0.44, loss:0.6
[2023-11-19 18:53:16,439][train.py][line:301][INFO] ************************************

[2023-11-19 18:53:16,531][train.py][line:116][INFO] ********* Train Epoch:41 ********
[2023-11-19 20:31:38,617][train.py][line:179][INFO] 
Train mode Epoch 41: Total loss:0.93 
Arousal >> F1_score:0.56, recall:0.91, precision0.41, loss:0.53 
Apnea >> F1_score:0.58, recall:0.93, precision0.46, loss:0.4
[2023-11-19 20:31:38,635][train.py][line:195][INFO] ************************************

[2023-11-19 20:31:38,636][train.py][line:257][INFO] *************** test ***************
[2023-11-19 20:43:17,058][train.py][line:298][INFO] 
Test mode: Total loss:1.19 
Arousal >> F1_score:0.59, recall:0.86, precision0.46, loss:0.6 
Apnea >> F1_score:0.54, recall:0.85, precision0.44, loss:0.59
[2023-11-19 20:43:17,058][train.py][line:301][INFO] ************************************

[2023-11-19 20:43:17,162][train.py][line:116][INFO] ********* Train Epoch:42 ********
[2023-11-19 22:19:53,451][train.py][line:179][INFO] 
Train mode Epoch 42: Total loss:0.93 
Arousal >> F1_score:0.56, recall:0.91, precision0.41, loss:0.53 
Apnea >> F1_score:0.59, recall:0.93, precision0.47, loss:0.4
[2023-11-19 22:19:53,452][train.py][line:195][INFO] ************************************

[2023-11-19 22:19:53,453][train.py][line:257][INFO] *************** test ***************
[2023-11-19 22:31:28,983][train.py][line:298][INFO] 
Test mode: Total loss:1.18 
Arousal >> F1_score:0.59, recall:0.86, precision0.45, loss:0.6 
Apnea >> F1_score:0.54, recall:0.84, precision0.44, loss:0.58
[2023-11-19 22:31:28,984][train.py][line:301][INFO] ************************************

[2023-11-19 22:31:29,094][train.py][line:116][INFO] ********* Train Epoch:43 ********
[2023-11-20 00:11:18,629][train.py][line:179][INFO] 
Train mode Epoch 43: Total loss:0.93 
Arousal >> F1_score:0.56, recall:0.91, precision0.41, loss:0.53 
Apnea >> F1_score:0.58, recall:0.93, precision0.47, loss:0.4
[2023-11-20 00:11:18,630][train.py][line:195][INFO] ************************************

[2023-11-20 00:11:18,630][train.py][line:257][INFO] *************** test ***************
[2023-11-20 00:25:13,905][train.py][line:298][INFO] 
Test mode: Total loss:1.21 
Arousal >> F1_score:0.59, recall:0.85, precision0.45, loss:0.62 
Apnea >> F1_score:0.54, recall:0.84, precision0.44, loss:0.59
[2023-11-20 00:25:13,906][train.py][line:301][INFO] ************************************

[2023-11-20 00:25:14,038][train.py][line:116][INFO] ********* Train Epoch:44 ********
[2023-11-20 02:07:23,583][train.py][line:179][INFO] 
Train mode Epoch 44: Total loss:0.93 
Arousal >> F1_score:0.56, recall:0.91, precision0.41, loss:0.53 
Apnea >> F1_score:0.59, recall:0.93, precision0.47, loss:0.4
[2023-11-20 02:07:23,584][train.py][line:195][INFO] ************************************

[2023-11-20 02:07:23,585][train.py][line:257][INFO] *************** test ***************
[2023-11-20 02:18:59,240][train.py][line:298][INFO] 
Test mode: Total loss:1.21 
Arousal >> F1_score:0.59, recall:0.84, precision0.46, loss:0.62 
Apnea >> F1_score:0.53, recall:0.85, precision0.43, loss:0.59
[2023-11-20 02:18:59,240][train.py][line:301][INFO] ************************************

[2023-11-20 02:18:59,362][train.py][line:116][INFO] ********* Train Epoch:45 ********
[2023-11-20 03:55:09,100][train.py][line:179][INFO] 
Train mode Epoch 45: Total loss:0.92 
Arousal >> F1_score:0.56, recall:0.91, precision0.41, loss:0.53 
Apnea >> F1_score:0.59, recall:0.93, precision0.47, loss:0.39
[2023-11-20 03:55:09,101][train.py][line:195][INFO] ************************************

[2023-11-20 03:55:09,102][train.py][line:257][INFO] *************** test ***************
[2023-11-20 04:06:45,067][train.py][line:298][INFO] 
Test mode: Total loss:1.21 
Arousal >> F1_score:0.58, recall:0.86, precision0.45, loss:0.61 
Apnea >> F1_score:0.53, recall:0.84, precision0.44, loss:0.59
[2023-11-20 04:06:45,067][train.py][line:301][INFO] ************************************

[2023-11-20 04:06:45,235][train.py][line:116][INFO] ********* Train Epoch:46 ********
[2023-11-20 05:43:47,136][train.py][line:179][INFO] 
Train mode Epoch 46: Total loss:0.92 
Arousal >> F1_score:0.56, recall:0.91, precision0.41, loss:0.53 
Apnea >> F1_score:0.59, recall:0.94, precision0.47, loss:0.39
[2023-11-20 05:43:47,137][train.py][line:195][INFO] ************************************

[2023-11-20 05:43:47,138][train.py][line:257][INFO] *************** test ***************
[2023-11-20 05:55:33,467][train.py][line:298][INFO] 
Test mode: Total loss:1.22 
Arousal >> F1_score:0.59, recall:0.85, precision0.46, loss:0.62 
Apnea >> F1_score:0.53, recall:0.86, precision0.42, loss:0.6
[2023-11-20 05:55:33,467][train.py][line:301][INFO] ************************************

[2023-11-20 05:55:33,603][train.py][line:116][INFO] ********* Train Epoch:47 ********
[2023-11-20 07:31:46,533][train.py][line:179][INFO] 
Train mode Epoch 47: Total loss:0.92 
Arousal >> F1_score:0.56, recall:0.91, precision0.41, loss:0.53 
Apnea >> F1_score:0.59, recall:0.94, precision0.47, loss:0.39
[2023-11-20 07:31:46,534][train.py][line:195][INFO] ************************************

[2023-11-20 07:31:46,535][train.py][line:257][INFO] *************** test ***************
[2023-11-20 07:43:22,321][train.py][line:298][INFO] 
Test mode: Total loss:1.2 
Arousal >> F1_score:0.59, recall:0.86, precision0.45, loss:0.6 
Apnea >> F1_score:0.53, recall:0.85, precision0.42, loss:0.6
[2023-11-20 07:43:22,321][train.py][line:301][INFO] ************************************

[2023-11-20 07:43:22,507][train.py][line:116][INFO] ********* Train Epoch:48 ********
[2023-11-20 09:19:38,444][train.py][line:179][INFO] 
Train mode Epoch 48: Total loss:0.92 
Arousal >> F1_score:0.56, recall:0.91, precision0.41, loss:0.53 
Apnea >> F1_score:0.59, recall:0.93, precision0.47, loss:0.4
[2023-11-20 09:19:38,445][train.py][line:195][INFO] ************************************

[2023-11-20 09:19:38,445][train.py][line:257][INFO] *************** test ***************
[2023-11-20 09:32:53,166][train.py][line:298][INFO] 
Test mode: Total loss:1.21 
Arousal >> F1_score:0.59, recall:0.85, precision0.46, loss:0.62 
Apnea >> F1_score:0.53, recall:0.85, precision0.43, loss:0.59
[2023-11-20 09:32:53,167][train.py][line:301][INFO] ************************************

[2023-11-20 09:32:53,360][train.py][line:116][INFO] ********* Train Epoch:49 ********
[2023-11-20 11:18:31,197][train.py][line:179][INFO] 
Train mode Epoch 49: Total loss:0.92 
Arousal >> F1_score:0.56, recall:0.91, precision0.41, loss:0.53 
Apnea >> F1_score:0.59, recall:0.94, precision0.47, loss:0.39
[2023-11-20 11:18:31,198][train.py][line:195][INFO] ************************************

[2023-11-20 11:18:31,199][train.py][line:257][INFO] *************** test ***************
[2023-11-20 11:32:28,675][train.py][line:298][INFO] 
Test mode: Total loss:1.23 
Arousal >> F1_score:0.59, recall:0.84, precision0.46, loss:0.63 
Apnea >> F1_score:0.53, recall:0.85, precision0.43, loss:0.6
[2023-11-20 11:32:28,676][train.py][line:301][INFO] ************************************

[2023-11-20 11:32:32,349][train.py][line:246][INFO] Best Test Loss: 1.18, Best Arousal F1 Score: 0.59, Best Apnea F1 Score: 0.55
