[2023-12-06 16:54:57,091][train.py][line:396][INFO] Batch size: 8, Learning Rate: 1e-05, Epochs: 80, Loss: CrossEntropy, Optimizer: RMSProp, Device: cuda
[2023-12-06 16:54:57,097][train.py][line:116][INFO] ********* Train Epoch:0 ********
[2023-12-06 17:24:15,901][train.py][line:179][INFO] 
Train mode Epoch 0: Total loss:1.48 
Arousal >> F1_score:0.47, recall:0.85, precision0.33, loss:0.74 
Apnea >> F1_score:0.44, recall:0.82, precision0.35, loss:0.73
[2023-12-06 17:24:15,902][train.py][line:195][INFO] ************************************

[2023-12-06 17:24:15,903][train.py][line:257][INFO] *************** test ***************
[2023-12-06 17:29:32,763][train.py][line:298][INFO] 
Test mode: Total loss:1.37 
Arousal >> F1_score:0.55, recall:0.8, precision0.43, loss:0.73 
Apnea >> F1_score:0.52, recall:0.82, precision0.43, loss:0.65
[2023-12-06 17:29:32,764][train.py][line:301][INFO] ************************************

[2023-12-06 17:29:32,913][train.py][line:116][INFO] ********* Train Epoch:1 ********
[2023-12-06 17:48:20,248][train.py][line:179][INFO] 
Train mode Epoch 1: Total loss:1.22 
Arousal >> F1_score:0.5, recall:0.88, precision0.36, loss:0.65 
Apnea >> F1_score:0.49, recall:0.89, precision0.39, loss:0.56
[2023-12-06 17:48:20,249][train.py][line:195][INFO] ************************************

[2023-12-06 17:48:20,250][train.py][line:257][INFO] *************** test ***************
[2023-12-06 17:51:04,046][train.py][line:298][INFO] 
Test mode: Total loss:1.31 
Arousal >> F1_score:0.54, recall:0.85, precision0.41, loss:0.67 
Apnea >> F1_score:0.53, recall:0.81, precision0.45, loss:0.64
[2023-12-06 17:51:04,046][train.py][line:301][INFO] ************************************

[2023-12-06 17:51:04,221][train.py][line:116][INFO] ********* Train Epoch:2 ********
[2023-12-06 18:15:44,810][train.py][line:179][INFO] 
Train mode Epoch 2: Total loss:1.16 
Arousal >> F1_score:0.52, recall:0.89, precision0.37, loss:0.62 
Apnea >> F1_score:0.5, recall:0.9, precision0.39, loss:0.54
[2023-12-06 18:15:44,810][train.py][line:195][INFO] ************************************

[2023-12-06 18:15:44,811][train.py][line:257][INFO] *************** test ***************
[2023-12-06 18:18:25,442][train.py][line:298][INFO] 
Test mode: Total loss:1.28 
Arousal >> F1_score:0.55, recall:0.86, precision0.4, loss:0.65 
Apnea >> F1_score:0.54, recall:0.81, precision0.45, loss:0.64
[2023-12-06 18:18:25,443][train.py][line:301][INFO] ************************************

[2023-12-06 18:18:25,581][train.py][line:116][INFO] ********* Train Epoch:3 ********
[2023-12-06 18:38:37,600][train.py][line:179][INFO] 
Train mode Epoch 3: Total loss:1.13 
Arousal >> F1_score:0.52, recall:0.9, precision0.38, loss:0.6 
Apnea >> F1_score:0.5, recall:0.9, precision0.4, loss:0.53
[2023-12-06 18:38:37,601][train.py][line:195][INFO] ************************************

[2023-12-06 18:38:37,602][train.py][line:257][INFO] *************** test ***************
[2023-12-06 18:43:51,619][train.py][line:298][INFO] 
Test mode: Total loss:1.28 
Arousal >> F1_score:0.55, recall:0.87, precision0.4, loss:0.64 
Apnea >> F1_score:0.54, recall:0.8, precision0.46, loss:0.64
[2023-12-06 18:43:51,620][train.py][line:301][INFO] ************************************

[2023-12-06 18:43:51,739][train.py][line:116][INFO] ********* Train Epoch:4 ********
[2023-12-06 19:05:39,046][train.py][line:179][INFO] 
Train mode Epoch 4: Total loss:1.11 
Arousal >> F1_score:0.53, recall:0.9, precision0.38, loss:0.59 
Apnea >> F1_score:0.51, recall:0.91, precision0.4, loss:0.52
[2023-12-06 19:05:39,047][train.py][line:195][INFO] ************************************

[2023-12-06 19:05:39,048][train.py][line:257][INFO] *************** test ***************
[2023-12-06 19:08:23,313][train.py][line:298][INFO] 
Test mode: Total loss:1.27 
Arousal >> F1_score:0.55, recall:0.87, precision0.41, loss:0.63 
Apnea >> F1_score:0.54, recall:0.8, precision0.46, loss:0.64
[2023-12-06 19:08:23,314][train.py][line:301][INFO] ************************************

[2023-12-06 19:08:23,429][train.py][line:116][INFO] ********* Train Epoch:5 ********
[2023-12-06 19:32:12,186][train.py][line:179][INFO] 
Train mode Epoch 5: Total loss:1.09 
Arousal >> F1_score:0.53, recall:0.9, precision0.38, loss:0.58 
Apnea >> F1_score:0.51, recall:0.91, precision0.4, loss:0.51
[2023-12-06 19:32:12,187][train.py][line:195][INFO] ************************************

[2023-12-06 19:32:12,188][train.py][line:257][INFO] *************** test ***************
[2023-12-06 19:36:32,809][train.py][line:298][INFO] 
Test mode: Total loss:1.27 
Arousal >> F1_score:0.55, recall:0.86, precision0.41, loss:0.63 
Apnea >> F1_score:0.54, recall:0.8, precision0.46, loss:0.64
[2023-12-06 19:36:32,810][train.py][line:301][INFO] ************************************

[2023-12-06 19:36:32,960][train.py][line:116][INFO] ********* Train Epoch:6 ********
[2023-12-06 19:55:42,346][train.py][line:179][INFO] 
Train mode Epoch 6: Total loss:1.08 
Arousal >> F1_score:0.53, recall:0.9, precision0.39, loss:0.58 
Apnea >> F1_score:0.51, recall:0.91, precision0.4, loss:0.5
[2023-12-06 19:55:42,346][train.py][line:195][INFO] ************************************

[2023-12-06 19:55:42,348][train.py][line:257][INFO] *************** test ***************
[2023-12-06 19:58:27,948][train.py][line:298][INFO] 
Test mode: Total loss:1.27 
Arousal >> F1_score:0.55, recall:0.86, precision0.41, loss:0.63 
Apnea >> F1_score:0.54, recall:0.8, precision0.46, loss:0.64
[2023-12-06 19:58:27,949][train.py][line:301][INFO] ************************************

[2023-12-06 19:58:28,082][train.py][line:116][INFO] ********* Train Epoch:7 ********
[2023-12-06 20:23:17,571][train.py][line:179][INFO] 
Train mode Epoch 7: Total loss:1.06 
Arousal >> F1_score:0.54, recall:0.91, precision0.39, loss:0.57 
Apnea >> F1_score:0.52, recall:0.92, precision0.41, loss:0.49
[2023-12-06 20:23:17,572][train.py][line:195][INFO] ************************************

[2023-12-06 20:23:17,573][train.py][line:257][INFO] *************** test ***************
[2023-12-06 20:25:58,555][train.py][line:298][INFO] 
Test mode: Total loss:1.27 
Arousal >> F1_score:0.56, recall:0.86, precision0.42, loss:0.63 
Apnea >> F1_score:0.54, recall:0.8, precision0.46, loss:0.64
[2023-12-06 20:25:58,556][train.py][line:301][INFO] ************************************

[2023-12-06 20:25:58,645][train.py][line:116][INFO] ********* Train Epoch:8 ********
[2023-12-06 20:44:54,212][train.py][line:179][INFO] 
Train mode Epoch 8: Total loss:1.05 
Arousal >> F1_score:0.54, recall:0.91, precision0.39, loss:0.57 
Apnea >> F1_score:0.52, recall:0.92, precision0.41, loss:0.48
[2023-12-06 20:44:54,213][train.py][line:195][INFO] ************************************

[2023-12-06 20:44:54,214][train.py][line:257][INFO] *************** test ***************
[2023-12-06 20:49:53,678][train.py][line:298][INFO] 
Test mode: Total loss:1.27 
Arousal >> F1_score:0.56, recall:0.86, precision0.42, loss:0.64 
Apnea >> F1_score:0.54, recall:0.81, precision0.46, loss:0.64
[2023-12-06 20:49:53,679][train.py][line:301][INFO] ************************************

[2023-12-06 20:49:53,774][train.py][line:116][INFO] ********* Train Epoch:9 ********
[2023-12-06 21:13:02,870][train.py][line:179][INFO] 
Train mode Epoch 9: Total loss:1.04 
Arousal >> F1_score:0.54, recall:0.91, precision0.39, loss:0.56 
Apnea >> F1_score:0.53, recall:0.92, precision0.41, loss:0.47
[2023-12-06 21:13:02,870][train.py][line:195][INFO] ************************************

[2023-12-06 21:13:02,871][train.py][line:257][INFO] *************** test ***************
[2023-12-06 21:15:49,127][train.py][line:298][INFO] 
Test mode: Total loss:1.27 
Arousal >> F1_score:0.56, recall:0.86, precision0.42, loss:0.64 
Apnea >> F1_score:0.54, recall:0.81, precision0.46, loss:0.64
[2023-12-06 21:15:49,128][train.py][line:301][INFO] ************************************

[2023-12-06 21:15:49,242][train.py][line:116][INFO] ********* Train Epoch:10 ********
[2023-12-06 21:37:44,961][train.py][line:179][INFO] 
Train mode Epoch 10: Total loss:1.02 
Arousal >> F1_score:0.54, recall:0.91, precision0.39, loss:0.56 
Apnea >> F1_score:0.53, recall:0.92, precision0.42, loss:0.46
[2023-12-06 21:37:44,962][train.py][line:195][INFO] ************************************

[2023-12-06 21:37:44,963][train.py][line:257][INFO] *************** test ***************
[2023-12-06 21:42:56,496][train.py][line:298][INFO] 
Test mode: Total loss:1.27 
Arousal >> F1_score:0.56, recall:0.86, precision0.42, loss:0.64 
Apnea >> F1_score:0.54, recall:0.81, precision0.46, loss:0.63
[2023-12-06 21:42:56,496][train.py][line:301][INFO] ************************************

[2023-12-06 21:42:56,600][train.py][line:116][INFO] ********* Train Epoch:11 ********
[2023-12-06 22:02:25,812][train.py][line:179][INFO] 
Train mode Epoch 11: Total loss:1.02 
Arousal >> F1_score:0.54, recall:0.91, precision0.39, loss:0.56 
Apnea >> F1_score:0.53, recall:0.93, precision0.42, loss:0.46
[2023-12-06 22:02:25,813][train.py][line:195][INFO] ************************************

[2023-12-06 22:02:25,814][train.py][line:257][INFO] *************** test ***************
[2023-12-06 22:05:07,136][train.py][line:298][INFO] 
Test mode: Total loss:1.28 
Arousal >> F1_score:0.56, recall:0.86, precision0.42, loss:0.64 
Apnea >> F1_score:0.54, recall:0.81, precision0.46, loss:0.64
[2023-12-06 22:05:07,137][train.py][line:301][INFO] ************************************

[2023-12-06 22:05:07,244][train.py][line:116][INFO] ********* Train Epoch:12 ********
[2023-12-06 22:30:37,145][train.py][line:179][INFO] 
Train mode Epoch 12: Total loss:1.01 
Arousal >> F1_score:0.54, recall:0.91, precision0.39, loss:0.55 
Apnea >> F1_score:0.54, recall:0.93, precision0.42, loss:0.45
[2023-12-06 22:30:37,146][train.py][line:195][INFO] ************************************

[2023-12-06 22:30:37,147][train.py][line:257][INFO] *************** test ***************
[2023-12-06 22:33:23,147][train.py][line:298][INFO] 
Test mode: Total loss:1.27 
Arousal >> F1_score:0.56, recall:0.86, precision0.42, loss:0.64 
Apnea >> F1_score:0.54, recall:0.81, precision0.45, loss:0.63
[2023-12-06 22:33:23,148][train.py][line:301][INFO] ************************************

[2023-12-06 22:33:23,242][train.py][line:116][INFO] ********* Train Epoch:13 ********
[2023-12-06 22:55:44,280][train.py][line:179][INFO] 
Train mode Epoch 13: Total loss:1.0 
Arousal >> F1_score:0.54, recall:0.91, precision0.39, loss:0.55 
Apnea >> F1_score:0.54, recall:0.93, precision0.43, loss:0.45
[2023-12-06 22:55:44,281][train.py][line:195][INFO] ************************************

[2023-12-06 22:55:44,282][train.py][line:257][INFO] *************** test ***************
[2023-12-06 23:00:53,891][train.py][line:298][INFO] 
Test mode: Total loss:1.27 
Arousal >> F1_score:0.56, recall:0.86, precision0.42, loss:0.64 
Apnea >> F1_score:0.54, recall:0.81, precision0.45, loss:0.63
[2023-12-06 23:00:53,892][train.py][line:301][INFO] ************************************

[2023-12-06 23:00:53,985][train.py][line:116][INFO] ********* Train Epoch:14 ********
[2023-12-06 23:25:30,344][train.py][line:179][INFO] 
Train mode Epoch 14: Total loss:1.0 
Arousal >> F1_score:0.54, recall:0.91, precision0.39, loss:0.55 
Apnea >> F1_score:0.54, recall:0.93, precision0.43, loss:0.45
[2023-12-06 23:25:30,344][train.py][line:195][INFO] ************************************

[2023-12-06 23:25:30,345][train.py][line:257][INFO] *************** test ***************
[2023-12-06 23:28:11,421][train.py][line:298][INFO] 
Test mode: Total loss:1.27 
Arousal >> F1_score:0.55, recall:0.86, precision0.41, loss:0.64 
Apnea >> F1_score:0.54, recall:0.82, precision0.45, loss:0.63
[2023-12-06 23:28:11,421][train.py][line:301][INFO] ************************************

[2023-12-06 23:28:11,583][train.py][line:116][INFO] ********* Train Epoch:15 ********
[2023-12-06 23:49:04,256][train.py][line:179][INFO] 
Train mode Epoch 15: Total loss:0.99 
Arousal >> F1_score:0.54, recall:0.91, precision0.4, loss:0.55 
Apnea >> F1_score:0.54, recall:0.93, precision0.43, loss:0.44
[2023-12-06 23:49:04,257][train.py][line:195][INFO] ************************************

[2023-12-06 23:49:04,258][train.py][line:257][INFO] *************** test ***************
[2023-12-06 23:54:19,015][train.py][line:298][INFO] 
Test mode: Total loss:1.27 
Arousal >> F1_score:0.56, recall:0.86, precision0.42, loss:0.64 
Apnea >> F1_score:0.54, recall:0.82, precision0.45, loss:0.63
[2023-12-06 23:54:19,015][train.py][line:301][INFO] ************************************

[2023-12-06 23:54:19,107][train.py][line:116][INFO] ********* Train Epoch:16 ********
[2023-12-07 00:15:02,036][train.py][line:179][INFO] 
Train mode Epoch 16: Total loss:0.98 
Arousal >> F1_score:0.55, recall:0.91, precision0.4, loss:0.54 
Apnea >> F1_score:0.55, recall:0.93, precision0.43, loss:0.43
[2023-12-07 00:15:02,037][train.py][line:195][INFO] ************************************

[2023-12-07 00:15:02,038][train.py][line:257][INFO] *************** test ***************
[2023-12-07 00:17:42,967][train.py][line:298][INFO] 
Test mode: Total loss:1.29 
Arousal >> F1_score:0.55, recall:0.86, precision0.41, loss:0.65 
Apnea >> F1_score:0.54, recall:0.81, precision0.45, loss:0.64
[2023-12-07 00:17:42,968][train.py][line:301][INFO] ************************************

[2023-12-07 00:17:43,056][train.py][line:116][INFO] ********* Train Epoch:17 ********
[2023-12-07 00:41:49,878][train.py][line:179][INFO] 
Train mode Epoch 17: Total loss:0.97 
Arousal >> F1_score:0.55, recall:0.91, precision0.4, loss:0.54 
Apnea >> F1_score:0.55, recall:0.93, precision0.44, loss:0.43
[2023-12-07 00:41:49,879][train.py][line:195][INFO] ************************************

[2023-12-07 00:41:49,880][train.py][line:257][INFO] *************** test ***************
[2023-12-07 00:45:29,729][train.py][line:298][INFO] 
Test mode: Total loss:1.3 
Arousal >> F1_score:0.56, recall:0.86, precision0.42, loss:0.65 
Apnea >> F1_score:0.54, recall:0.81, precision0.45, loss:0.65
[2023-12-07 00:45:29,730][train.py][line:301][INFO] ************************************

[2023-12-07 00:45:29,822][train.py][line:116][INFO] ********* Train Epoch:18 ********
[2023-12-07 01:04:40,193][train.py][line:179][INFO] 
Train mode Epoch 18: Total loss:0.97 
Arousal >> F1_score:0.55, recall:0.91, precision0.4, loss:0.54 
Apnea >> F1_score:0.55, recall:0.93, precision0.44, loss:0.43
[2023-12-07 01:04:40,194][train.py][line:195][INFO] ************************************

[2023-12-07 01:04:40,195][train.py][line:257][INFO] *************** test ***************
[2023-12-07 01:07:26,601][train.py][line:298][INFO] 
Test mode: Total loss:1.29 
Arousal >> F1_score:0.55, recall:0.86, precision0.41, loss:0.65 
Apnea >> F1_score:0.54, recall:0.82, precision0.45, loss:0.64
[2023-12-07 01:07:26,602][train.py][line:301][INFO] ************************************

[2023-12-07 01:07:26,693][train.py][line:116][INFO] ********* Train Epoch:19 ********
[2023-12-07 01:32:07,318][train.py][line:179][INFO] 
Train mode Epoch 19: Total loss:0.97 
Arousal >> F1_score:0.55, recall:0.91, precision0.4, loss:0.54 
Apnea >> F1_score:0.55, recall:0.93, precision0.44, loss:0.43
[2023-12-07 01:32:07,319][train.py][line:195][INFO] ************************************

[2023-12-07 01:32:07,320][train.py][line:257][INFO] *************** test ***************
[2023-12-07 01:34:48,061][train.py][line:298][INFO] 
Test mode: Total loss:1.31 
Arousal >> F1_score:0.55, recall:0.85, precision0.41, loss:0.66 
Apnea >> F1_score:0.54, recall:0.81, precision0.45, loss:0.65
[2023-12-07 01:34:48,062][train.py][line:301][INFO] ************************************

[2023-12-07 01:34:48,154][train.py][line:116][INFO] ********* Train Epoch:20 ********
[2023-12-07 01:54:06,230][train.py][line:179][INFO] 
Train mode Epoch 20: Total loss:0.96 
Arousal >> F1_score:0.55, recall:0.92, precision0.4, loss:0.54 
Apnea >> F1_score:0.56, recall:0.93, precision0.44, loss:0.42
[2023-12-07 01:54:06,230][train.py][line:195][INFO] ************************************

[2023-12-07 01:54:06,231][train.py][line:257][INFO] *************** test ***************
[2023-12-07 01:59:15,419][train.py][line:298][INFO] 
Test mode: Total loss:1.31 
Arousal >> F1_score:0.55, recall:0.86, precision0.4, loss:0.65 
Apnea >> F1_score:0.54, recall:0.81, precision0.45, loss:0.65
[2023-12-07 01:59:15,419][train.py][line:301][INFO] ************************************

[2023-12-07 01:59:15,514][train.py][line:116][INFO] ********* Train Epoch:21 ********
[2023-12-07 02:21:42,680][train.py][line:179][INFO] 
Train mode Epoch 21: Total loss:0.95 
Arousal >> F1_score:0.55, recall:0.92, precision0.4, loss:0.53 
Apnea >> F1_score:0.56, recall:0.94, precision0.44, loss:0.42
[2023-12-07 02:21:42,681][train.py][line:195][INFO] ************************************

[2023-12-07 02:21:42,682][train.py][line:257][INFO] *************** test ***************
[2023-12-07 02:24:28,807][train.py][line:298][INFO] 
Test mode: Total loss:1.32 
Arousal >> F1_score:0.55, recall:0.86, precision0.41, loss:0.66 
Apnea >> F1_score:0.54, recall:0.81, precision0.45, loss:0.66
[2023-12-07 02:24:28,808][train.py][line:301][INFO] ************************************

[2023-12-07 02:24:28,899][train.py][line:116][INFO] ********* Train Epoch:22 ********
[2023-12-07 02:46:54,155][train.py][line:179][INFO] 
Train mode Epoch 22: Total loss:0.95 
Arousal >> F1_score:0.55, recall:0.92, precision0.4, loss:0.53 
Apnea >> F1_score:0.56, recall:0.94, precision0.45, loss:0.41
[2023-12-07 02:46:54,155][train.py][line:195][INFO] ************************************

[2023-12-07 02:46:54,156][train.py][line:257][INFO] *************** test ***************
[2023-12-07 02:52:00,033][train.py][line:298][INFO] 
Test mode: Total loss:1.32 
Arousal >> F1_score:0.55, recall:0.85, precision0.42, loss:0.67 
Apnea >> F1_score:0.54, recall:0.82, precision0.44, loss:0.65
[2023-12-07 02:52:00,034][train.py][line:301][INFO] ************************************

[2023-12-07 02:52:00,123][train.py][line:116][INFO] ********* Train Epoch:23 ********
[2023-12-07 03:10:53,018][train.py][line:179][INFO] 
Train mode Epoch 23: Total loss:0.95 
Arousal >> F1_score:0.55, recall:0.92, precision0.4, loss:0.53 
Apnea >> F1_score:0.56, recall:0.94, precision0.44, loss:0.42
[2023-12-07 03:10:53,019][train.py][line:195][INFO] ************************************

[2023-12-07 03:10:53,020][train.py][line:257][INFO] *************** test ***************
[2023-12-07 03:13:34,812][train.py][line:298][INFO] 
Test mode: Total loss:1.33 
Arousal >> F1_score:0.55, recall:0.86, precision0.41, loss:0.66 
Apnea >> F1_score:0.54, recall:0.8, precision0.45, loss:0.67
[2023-12-07 03:13:34,813][train.py][line:301][INFO] ************************************

[2023-12-07 03:13:34,909][train.py][line:116][INFO] ********* Train Epoch:24 ********
[2023-12-07 03:38:36,637][train.py][line:179][INFO] 
Train mode Epoch 24: Total loss:0.94 
Arousal >> F1_score:0.55, recall:0.92, precision0.4, loss:0.53 
Apnea >> F1_score:0.57, recall:0.94, precision0.45, loss:0.41
[2023-12-07 03:38:36,638][train.py][line:195][INFO] ************************************

[2023-12-07 03:38:36,639][train.py][line:257][INFO] *************** test ***************
[2023-12-07 03:41:21,899][train.py][line:298][INFO] 
Test mode: Total loss:1.35 
Arousal >> F1_score:0.55, recall:0.85, precision0.41, loss:0.67 
Apnea >> F1_score:0.54, recall:0.8, precision0.45, loss:0.67
[2023-12-07 03:41:21,900][train.py][line:301][INFO] ************************************

[2023-12-07 03:41:21,994][train.py][line:116][INFO] ********* Train Epoch:25 ********
[2023-12-07 04:00:07,034][train.py][line:179][INFO] 
Train mode Epoch 25: Total loss:0.94 
Arousal >> F1_score:0.55, recall:0.92, precision0.4, loss:0.53 
Apnea >> F1_score:0.57, recall:0.94, precision0.45, loss:0.41
[2023-12-07 04:00:07,035][train.py][line:195][INFO] ************************************

[2023-12-07 04:00:07,036][train.py][line:257][INFO] *************** test ***************
[2023-12-07 04:04:09,587][train.py][line:298][INFO] 
Test mode: Total loss:1.34 
Arousal >> F1_score:0.55, recall:0.85, precision0.42, loss:0.67 
Apnea >> F1_score:0.54, recall:0.82, precision0.44, loss:0.66
[2023-12-07 04:04:09,588][train.py][line:301][INFO] ************************************

[2023-12-07 04:04:09,692][train.py][line:116][INFO] ********* Train Epoch:26 ********
[2023-12-07 04:27:28,051][train.py][line:179][INFO] 
Train mode Epoch 26: Total loss:0.93 
Arousal >> F1_score:0.55, recall:0.92, precision0.4, loss:0.53 
Apnea >> F1_score:0.57, recall:0.94, precision0.45, loss:0.41
[2023-12-07 04:27:28,052][train.py][line:195][INFO] ************************************

[2023-12-07 04:27:28,053][train.py][line:257][INFO] *************** test ***************
[2023-12-07 04:30:09,322][train.py][line:298][INFO] 
Test mode: Total loss:1.37 
Arousal >> F1_score:0.55, recall:0.85, precision0.42, loss:0.68 
Apnea >> F1_score:0.54, recall:0.79, precision0.45, loss:0.69
[2023-12-07 04:30:09,323][train.py][line:301][INFO] ************************************

[2023-12-07 04:30:09,420][train.py][line:116][INFO] ********* Train Epoch:27 ********
[2023-12-07 04:51:21,627][train.py][line:179][INFO] 
Train mode Epoch 27: Total loss:0.93 
Arousal >> F1_score:0.55, recall:0.92, precision0.4, loss:0.52 
Apnea >> F1_score:0.56, recall:0.94, precision0.45, loss:0.41
[2023-12-07 04:51:21,628][train.py][line:195][INFO] ************************************

[2023-12-07 04:51:21,628][train.py][line:257][INFO] *************** test ***************
[2023-12-07 04:56:32,298][train.py][line:298][INFO] 
Test mode: Total loss:1.33 
Arousal >> F1_score:0.56, recall:0.86, precision0.42, loss:0.66 
Apnea >> F1_score:0.53, recall:0.81, precision0.44, loss:0.67
[2023-12-07 04:56:32,298][train.py][line:301][INFO] ************************************

[2023-12-07 04:56:32,389][train.py][line:116][INFO] ********* Train Epoch:28 ********
[2023-12-07 05:19:01,607][train.py][line:179][INFO] 
Train mode Epoch 28: Total loss:0.93 
Arousal >> F1_score:0.55, recall:0.92, precision0.4, loss:0.52 
Apnea >> F1_score:0.56, recall:0.94, precision0.45, loss:0.41
[2023-12-07 05:19:01,608][train.py][line:195][INFO] ************************************

[2023-12-07 05:19:01,609][train.py][line:257][INFO] *************** test ***************
[2023-12-07 05:22:09,422][train.py][line:298][INFO] 
Test mode: Total loss:1.36 
Arousal >> F1_score:0.55, recall:0.86, precision0.41, loss:0.68 
Apnea >> F1_score:0.54, recall:0.8, precision0.44, loss:0.68
[2023-12-07 05:22:09,423][train.py][line:301][INFO] ************************************

[2023-12-07 05:22:09,532][train.py][line:116][INFO] ********* Train Epoch:29 ********
[2023-12-07 05:42:25,749][train.py][line:179][INFO] 
Train mode Epoch 29: Total loss:0.93 
Arousal >> F1_score:0.55, recall:0.92, precision0.4, loss:0.52 
Apnea >> F1_score:0.57, recall:0.94, precision0.45, loss:0.4
[2023-12-07 05:42:25,750][train.py][line:195][INFO] ************************************

[2023-12-07 05:42:25,751][train.py][line:257][INFO] *************** test ***************
[2023-12-07 05:45:18,557][train.py][line:298][INFO] 
Test mode: Total loss:1.37 
Arousal >> F1_score:0.55, recall:0.85, precision0.41, loss:0.68 
Apnea >> F1_score:0.54, recall:0.8, precision0.45, loss:0.69
[2023-12-07 05:45:18,558][train.py][line:301][INFO] ************************************

[2023-12-07 05:45:18,642][train.py][line:116][INFO] ********* Train Epoch:30 ********
[2023-12-07 06:05:05,400][train.py][line:179][INFO] 
Train mode Epoch 30: Total loss:0.92 
Arousal >> F1_score:0.55, recall:0.92, precision0.4, loss:0.52 
Apnea >> F1_score:0.57, recall:0.94, precision0.45, loss:0.4
[2023-12-07 06:05:05,401][train.py][line:195][INFO] ************************************

[2023-12-07 06:05:05,402][train.py][line:257][INFO] *************** test ***************
[2023-12-07 06:09:10,607][train.py][line:298][INFO] 
Test mode: Total loss:1.37 
Arousal >> F1_score:0.55, recall:0.85, precision0.41, loss:0.69 
Apnea >> F1_score:0.53, recall:0.82, precision0.43, loss:0.68
[2023-12-07 06:09:10,608][train.py][line:301][INFO] ************************************

[2023-12-07 06:09:10,699][train.py][line:116][INFO] ********* Train Epoch:31 ********
[2023-12-07 06:34:31,690][train.py][line:179][INFO] 
Train mode Epoch 31: Total loss:0.92 
Arousal >> F1_score:0.55, recall:0.92, precision0.4, loss:0.52 
Apnea >> F1_score:0.57, recall:0.94, precision0.46, loss:0.4
[2023-12-07 06:34:31,691][train.py][line:195][INFO] ************************************

[2023-12-07 06:34:31,691][train.py][line:257][INFO] *************** test ***************
[2023-12-07 06:37:24,068][train.py][line:298][INFO] 
Test mode: Total loss:1.37 
Arousal >> F1_score:0.55, recall:0.86, precision0.41, loss:0.67 
Apnea >> F1_score:0.53, recall:0.81, precision0.44, loss:0.7
[2023-12-07 06:37:24,069][train.py][line:301][INFO] ************************************

[2023-12-07 06:37:24,162][train.py][line:116][INFO] ********* Train Epoch:32 ********
[2023-12-07 06:56:59,869][train.py][line:179][INFO] 
Train mode Epoch 32: Total loss:0.92 
Arousal >> F1_score:0.55, recall:0.92, precision0.4, loss:0.52 
Apnea >> F1_score:0.58, recall:0.94, precision0.46, loss:0.4
[2023-12-07 06:56:59,870][train.py][line:195][INFO] ************************************

[2023-12-07 06:56:59,871][train.py][line:257][INFO] *************** test ***************
[2023-12-07 07:00:54,614][train.py][line:298][INFO] 
Test mode: Total loss:1.39 
Arousal >> F1_score:0.56, recall:0.84, precision0.42, loss:0.7 
Apnea >> F1_score:0.53, recall:0.81, precision0.44, loss:0.68
[2023-12-07 07:00:54,615][train.py][line:301][INFO] ************************************

[2023-12-07 07:00:54,706][train.py][line:116][INFO] ********* Train Epoch:33 ********
[2023-12-07 07:25:07,488][train.py][line:179][INFO] 
Train mode Epoch 33: Total loss:0.92 
Arousal >> F1_score:0.55, recall:0.92, precision0.4, loss:0.52 
Apnea >> F1_score:0.57, recall:0.94, precision0.45, loss:0.4
[2023-12-07 07:25:07,489][train.py][line:195][INFO] ************************************

[2023-12-07 07:25:07,490][train.py][line:257][INFO] *************** test ***************
[2023-12-07 07:27:53,303][train.py][line:298][INFO] 
Test mode: Total loss:1.41 
Arousal >> F1_score:0.56, recall:0.85, precision0.42, loss:0.7 
Apnea >> F1_score:0.53, recall:0.79, precision0.44, loss:0.71
[2023-12-07 07:27:53,303][train.py][line:301][INFO] ************************************

[2023-12-07 07:27:53,409][train.py][line:116][INFO] ********* Train Epoch:34 ********
[2023-12-07 07:46:40,141][train.py][line:179][INFO] 
Train mode Epoch 34: Total loss:0.91 
Arousal >> F1_score:0.55, recall:0.92, precision0.4, loss:0.52 
Apnea >> F1_score:0.58, recall:0.94, precision0.46, loss:0.39
[2023-12-07 07:46:40,142][train.py][line:195][INFO] ************************************

[2023-12-07 07:46:40,143][train.py][line:257][INFO] *************** test ***************
[2023-12-07 07:50:12,189][train.py][line:298][INFO] 
Test mode: Total loss:1.39 
Arousal >> F1_score:0.56, recall:0.85, precision0.42, loss:0.68 
Apnea >> F1_score:0.54, recall:0.8, precision0.45, loss:0.71
[2023-12-07 07:50:12,189][train.py][line:301][INFO] ************************************

[2023-12-07 07:50:12,294][train.py][line:116][INFO] ********* Train Epoch:35 ********
[2023-12-07 08:12:05,602][train.py][line:179][INFO] 
Train mode Epoch 35: Total loss:0.91 
Arousal >> F1_score:0.55, recall:0.92, precision0.4, loss:0.52 
Apnea >> F1_score:0.57, recall:0.94, precision0.46, loss:0.4
[2023-12-07 08:12:05,603][train.py][line:195][INFO] ************************************

[2023-12-07 08:12:05,604][train.py][line:257][INFO] *************** test ***************
[2023-12-07 08:14:46,937][train.py][line:298][INFO] 
Test mode: Total loss:1.37 
Arousal >> F1_score:0.56, recall:0.85, precision0.42, loss:0.68 
Apnea >> F1_score:0.53, recall:0.81, precision0.44, loss:0.69
[2023-12-07 08:14:46,938][train.py][line:301][INFO] ************************************

[2023-12-07 08:14:47,026][train.py][line:116][INFO] ********* Train Epoch:36 ********
[2023-12-07 08:33:48,115][train.py][line:179][INFO] 
Train mode Epoch 36: Total loss:0.9 
Arousal >> F1_score:0.55, recall:0.92, precision0.4, loss:0.51 
Apnea >> F1_score:0.58, recall:0.94, precision0.46, loss:0.39
[2023-12-07 08:33:48,116][train.py][line:195][INFO] ************************************

[2023-12-07 08:33:48,117][train.py][line:257][INFO] *************** test ***************
[2023-12-07 08:37:23,708][train.py][line:298][INFO] 
Test mode: Total loss:1.37 
Arousal >> F1_score:0.55, recall:0.85, precision0.41, loss:0.69 
Apnea >> F1_score:0.53, recall:0.82, precision0.43, loss:0.68
[2023-12-07 08:37:23,708][train.py][line:301][INFO] ************************************

[2023-12-07 08:37:23,793][train.py][line:116][INFO] ********* Train Epoch:37 ********
[2023-12-07 08:59:07,489][train.py][line:179][INFO] 
Train mode Epoch 37: Total loss:0.91 
Arousal >> F1_score:0.55, recall:0.92, precision0.4, loss:0.51 
Apnea >> F1_score:0.57, recall:0.94, precision0.46, loss:0.39
[2023-12-07 08:59:07,490][train.py][line:195][INFO] ************************************

[2023-12-07 08:59:07,491][train.py][line:257][INFO] *************** test ***************
[2023-12-07 09:01:48,647][train.py][line:298][INFO] 
Test mode: Total loss:1.36 
Arousal >> F1_score:0.56, recall:0.86, precision0.42, loss:0.68 
Apnea >> F1_score:0.53, recall:0.81, precision0.44, loss:0.68
[2023-12-07 09:01:48,648][train.py][line:301][INFO] ************************************

[2023-12-07 09:01:48,738][train.py][line:116][INFO] ********* Train Epoch:38 ********
[2023-12-07 09:20:37,501][train.py][line:179][INFO] 
Train mode Epoch 38: Total loss:0.9 
Arousal >> F1_score:0.55, recall:0.92, precision0.4, loss:0.51 
Apnea >> F1_score:0.58, recall:0.94, precision0.46, loss:0.39
[2023-12-07 09:20:37,502][train.py][line:195][INFO] ************************************

[2023-12-07 09:20:37,503][train.py][line:257][INFO] *************** test ***************
[2023-12-07 09:24:10,502][train.py][line:298][INFO] 
Test mode: Total loss:1.38 
Arousal >> F1_score:0.55, recall:0.86, precision0.41, loss:0.67 
Apnea >> F1_score:0.53, recall:0.8, precision0.44, loss:0.7
[2023-12-07 09:24:10,502][train.py][line:301][INFO] ************************************

[2023-12-07 09:24:10,595][train.py][line:116][INFO] ********* Train Epoch:39 ********
[2023-12-07 09:46:30,309][train.py][line:179][INFO] 
Train mode Epoch 39: Total loss:0.9 
Arousal >> F1_score:0.55, recall:0.92, precision0.4, loss:0.51 
Apnea >> F1_score:0.58, recall:0.94, precision0.46, loss:0.39
[2023-12-07 09:46:30,309][train.py][line:195][INFO] ************************************

[2023-12-07 09:46:30,310][train.py][line:257][INFO] *************** test ***************
[2023-12-07 09:49:15,635][train.py][line:298][INFO] 
Test mode: Total loss:1.34 
Arousal >> F1_score:0.55, recall:0.86, precision0.41, loss:0.67 
Apnea >> F1_score:0.53, recall:0.82, precision0.44, loss:0.67
[2023-12-07 09:49:15,636][train.py][line:301][INFO] ************************************

[2023-12-07 09:49:15,730][train.py][line:116][INFO] ********* Train Epoch:40 ********
[2023-12-07 10:08:00,042][train.py][line:179][INFO] 
Train mode Epoch 40: Total loss:0.9 
Arousal >> F1_score:0.55, recall:0.92, precision0.4, loss:0.51 
Apnea >> F1_score:0.58, recall:0.94, precision0.46, loss:0.39
[2023-12-07 10:08:00,042][train.py][line:195][INFO] ************************************

[2023-12-07 10:08:00,043][train.py][line:257][INFO] *************** test ***************
[2023-12-07 10:11:32,001][train.py][line:298][INFO] 
Test mode: Total loss:1.42 
Arousal >> F1_score:0.55, recall:0.84, precision0.41, loss:0.72 
Apnea >> F1_score:0.54, recall:0.79, precision0.45, loss:0.7
[2023-12-07 10:11:32,002][train.py][line:301][INFO] ************************************

[2023-12-07 10:11:32,091][train.py][line:116][INFO] ********* Train Epoch:41 ********
[2023-12-07 10:33:31,199][train.py][line:179][INFO] 
Train mode Epoch 41: Total loss:0.89 
Arousal >> F1_score:0.55, recall:0.92, precision0.4, loss:0.51 
Apnea >> F1_score:0.58, recall:0.94, precision0.46, loss:0.38
[2023-12-07 10:33:31,215][train.py][line:195][INFO] ************************************

[2023-12-07 10:33:31,216][train.py][line:257][INFO] *************** test ***************
[2023-12-07 10:36:13,062][train.py][line:298][INFO] 
Test mode: Total loss:1.38 
Arousal >> F1_score:0.56, recall:0.84, precision0.42, loss:0.7 
Apnea >> F1_score:0.52, recall:0.83, precision0.43, loss:0.68
[2023-12-07 10:36:13,062][train.py][line:301][INFO] ************************************

[2023-12-07 10:36:13,157][train.py][line:116][INFO] ********* Train Epoch:42 ********
[2023-12-07 10:55:15,994][train.py][line:179][INFO] 
Train mode Epoch 42: Total loss:0.89 
Arousal >> F1_score:0.55, recall:0.92, precision0.4, loss:0.51 
Apnea >> F1_score:0.59, recall:0.94, precision0.47, loss:0.38
[2023-12-07 10:55:15,995][train.py][line:195][INFO] ************************************

[2023-12-07 10:55:15,996][train.py][line:257][INFO] *************** test ***************
[2023-12-07 10:59:00,285][train.py][line:298][INFO] 
Test mode: Total loss:1.34 
Arousal >> F1_score:0.55, recall:0.86, precision0.41, loss:0.68 
Apnea >> F1_score:0.53, recall:0.83, precision0.43, loss:0.66
[2023-12-07 10:59:00,286][train.py][line:301][INFO] ************************************

[2023-12-07 10:59:00,378][train.py][line:116][INFO] ********* Train Epoch:43 ********
[2023-12-07 11:21:22,449][train.py][line:179][INFO] 
Train mode Epoch 43: Total loss:0.89 
Arousal >> F1_score:0.56, recall:0.92, precision0.4, loss:0.51 
Apnea >> F1_score:0.59, recall:0.94, precision0.47, loss:0.38
[2023-12-07 11:21:22,450][train.py][line:195][INFO] ************************************

[2023-12-07 11:21:22,450][train.py][line:257][INFO] *************** test ***************
[2023-12-07 11:24:04,072][train.py][line:298][INFO] 
Test mode: Total loss:1.38 
Arousal >> F1_score:0.55, recall:0.86, precision0.42, loss:0.68 
Apnea >> F1_score:0.53, recall:0.8, precision0.44, loss:0.7
[2023-12-07 11:24:04,072][train.py][line:301][INFO] ************************************

[2023-12-07 11:24:04,158][train.py][line:116][INFO] ********* Train Epoch:44 ********
[2023-12-07 11:42:53,118][train.py][line:179][INFO] 
Train mode Epoch 44: Total loss:0.89 
Arousal >> F1_score:0.55, recall:0.92, precision0.4, loss:0.51 
Apnea >> F1_score:0.59, recall:0.94, precision0.47, loss:0.38
[2023-12-07 11:42:53,119][train.py][line:195][INFO] ************************************

[2023-12-07 11:42:53,119][train.py][line:257][INFO] *************** test ***************
[2023-12-07 11:46:24,506][train.py][line:298][INFO] 
Test mode: Total loss:1.37 
Arousal >> F1_score:0.56, recall:0.86, precision0.42, loss:0.67 
Apnea >> F1_score:0.54, recall:0.8, precision0.45, loss:0.7
[2023-12-07 11:46:24,507][train.py][line:301][INFO] ************************************

[2023-12-07 11:46:24,607][train.py][line:116][INFO] ********* Train Epoch:45 ********
[2023-12-07 12:08:33,090][train.py][line:179][INFO] 
Train mode Epoch 45: Total loss:0.89 
Arousal >> F1_score:0.56, recall:0.92, precision0.4, loss:0.51 
Apnea >> F1_score:0.59, recall:0.94, precision0.47, loss:0.38
[2023-12-07 12:08:33,090][train.py][line:195][INFO] ************************************

[2023-12-07 12:08:33,091][train.py][line:257][INFO] *************** test ***************
[2023-12-07 12:11:18,220][train.py][line:298][INFO] 
Test mode: Total loss:1.39 
Arousal >> F1_score:0.55, recall:0.85, precision0.42, loss:0.69 
Apnea >> F1_score:0.54, recall:0.79, precision0.45, loss:0.7
[2023-12-07 12:11:18,221][train.py][line:301][INFO] ************************************

[2023-12-07 12:11:18,318][train.py][line:116][INFO] ********* Train Epoch:46 ********
[2023-12-07 12:30:06,081][train.py][line:179][INFO] 
Train mode Epoch 46: Total loss:0.88 
Arousal >> F1_score:0.56, recall:0.92, precision0.4, loss:0.5 
Apnea >> F1_score:0.59, recall:0.94, precision0.48, loss:0.37
[2023-12-07 12:30:06,082][train.py][line:195][INFO] ************************************

[2023-12-07 12:30:06,082][train.py][line:257][INFO] *************** test ***************
[2023-12-07 12:33:38,456][train.py][line:298][INFO] 
Test mode: Total loss:1.41 
Arousal >> F1_score:0.55, recall:0.85, precision0.42, loss:0.7 
Apnea >> F1_score:0.54, recall:0.78, precision0.45, loss:0.72
[2023-12-07 12:33:38,457][train.py][line:301][INFO] ************************************

[2023-12-07 12:33:38,549][train.py][line:116][INFO] ********* Train Epoch:47 ********
[2023-12-07 12:55:55,063][train.py][line:179][INFO] 
Train mode Epoch 47: Total loss:0.89 
Arousal >> F1_score:0.56, recall:0.92, precision0.4, loss:0.5 
Apnea >> F1_score:0.59, recall:0.94, precision0.47, loss:0.38
[2023-12-07 12:55:55,064][train.py][line:195][INFO] ************************************

[2023-12-07 12:55:55,065][train.py][line:257][INFO] *************** test ***************
[2023-12-07 12:58:37,187][train.py][line:298][INFO] 
Test mode: Total loss:1.38 
Arousal >> F1_score:0.56, recall:0.85, precision0.42, loss:0.7 
Apnea >> F1_score:0.53, recall:0.79, precision0.45, loss:0.68
[2023-12-07 12:58:37,188][train.py][line:301][INFO] ************************************

[2023-12-07 12:58:37,301][train.py][line:116][INFO] ********* Train Epoch:48 ********
[2023-12-07 13:17:46,484][train.py][line:179][INFO] 
Train mode Epoch 48: Total loss:0.87 
Arousal >> F1_score:0.56, recall:0.92, precision0.4, loss:0.5 
Apnea >> F1_score:0.59, recall:0.94, precision0.48, loss:0.37
[2023-12-07 13:17:46,485][train.py][line:195][INFO] ************************************

[2023-12-07 13:17:46,486][train.py][line:257][INFO] *************** test ***************
[2023-12-07 13:21:23,063][train.py][line:298][INFO] 
Test mode: Total loss:1.4 
Arousal >> F1_score:0.55, recall:0.86, precision0.41, loss:0.68 
Apnea >> F1_score:0.54, recall:0.8, precision0.45, loss:0.72
[2023-12-07 13:21:23,064][train.py][line:301][INFO] ************************************

[2023-12-07 13:21:23,160][train.py][line:116][INFO] ********* Train Epoch:49 ********
[2023-12-07 13:43:52,730][train.py][line:179][INFO] 
Train mode Epoch 49: Total loss:0.87 
Arousal >> F1_score:0.56, recall:0.92, precision0.4, loss:0.5 
Apnea >> F1_score:0.59, recall:0.94, precision0.48, loss:0.37
[2023-12-07 13:43:52,730][train.py][line:195][INFO] ************************************

[2023-12-07 13:43:52,731][train.py][line:257][INFO] *************** test ***************
[2023-12-07 13:46:35,247][train.py][line:298][INFO] 
Test mode: Total loss:1.39 
Arousal >> F1_score:0.55, recall:0.87, precision0.41, loss:0.68 
Apnea >> F1_score:0.54, recall:0.78, precision0.45, loss:0.71
[2023-12-07 13:46:35,248][train.py][line:301][INFO] ************************************

[2023-12-07 13:46:35,366][train.py][line:116][INFO] ********* Train Epoch:50 ********
[2023-12-07 14:05:31,058][train.py][line:179][INFO] 
Train mode Epoch 50: Total loss:0.87 
Arousal >> F1_score:0.56, recall:0.92, precision0.4, loss:0.5 
Apnea >> F1_score:0.59, recall:0.94, precision0.48, loss:0.37
[2023-12-07 14:05:31,059][train.py][line:195][INFO] ************************************

[2023-12-07 14:05:31,059][train.py][line:257][INFO] *************** test ***************
[2023-12-07 14:09:04,004][train.py][line:298][INFO] 
Test mode: Total loss:1.42 
Arousal >> F1_score:0.55, recall:0.85, precision0.41, loss:0.72 
Apnea >> F1_score:0.53, recall:0.8, precision0.44, loss:0.7
[2023-12-07 14:09:04,004][train.py][line:301][INFO] ************************************

[2023-12-07 14:09:04,098][train.py][line:116][INFO] ********* Train Epoch:51 ********
[2023-12-07 14:31:19,609][train.py][line:179][INFO] 
Train mode Epoch 51: Total loss:0.87 
Arousal >> F1_score:0.56, recall:0.93, precision0.4, loss:0.5 
Apnea >> F1_score:0.6, recall:0.94, precision0.48, loss:0.36
[2023-12-07 14:31:19,610][train.py][line:195][INFO] ************************************

[2023-12-07 14:31:19,611][train.py][line:257][INFO] *************** test ***************
[2023-12-07 14:34:04,854][train.py][line:298][INFO] 
Test mode: Total loss:1.41 
Arousal >> F1_score:0.55, recall:0.85, precision0.41, loss:0.7 
Apnea >> F1_score:0.53, recall:0.8, precision0.44, loss:0.71
[2023-12-07 14:34:04,855][train.py][line:301][INFO] ************************************

[2023-12-07 14:34:04,955][train.py][line:116][INFO] ********* Train Epoch:52 ********
[2023-12-07 14:53:05,215][train.py][line:179][INFO] 
Train mode Epoch 52: Total loss:0.86 
Arousal >> F1_score:0.56, recall:0.93, precision0.4, loss:0.5 
Apnea >> F1_score:0.6, recall:0.94, precision0.48, loss:0.37
[2023-12-07 14:53:05,216][train.py][line:195][INFO] ************************************

[2023-12-07 14:53:05,217][train.py][line:257][INFO] *************** test ***************
[2023-12-07 14:56:38,815][train.py][line:298][INFO] 
Test mode: Total loss:1.42 
Arousal >> F1_score:0.55, recall:0.85, precision0.41, loss:0.72 
Apnea >> F1_score:0.54, recall:0.81, precision0.44, loss:0.7
[2023-12-07 14:56:38,816][train.py][line:301][INFO] ************************************

[2023-12-07 14:56:38,919][train.py][line:116][INFO] ********* Train Epoch:53 ********
[2023-12-07 15:18:48,072][train.py][line:179][INFO] 
Train mode Epoch 53: Total loss:0.87 
Arousal >> F1_score:0.56, recall:0.93, precision0.41, loss:0.5 
Apnea >> F1_score:0.59, recall:0.94, precision0.48, loss:0.37
[2023-12-07 15:18:48,072][train.py][line:195][INFO] ************************************

[2023-12-07 15:18:48,073][train.py][line:257][INFO] *************** test ***************
[2023-12-07 15:21:30,493][train.py][line:298][INFO] 
Test mode: Total loss:1.4 
Arousal >> F1_score:0.55, recall:0.86, precision0.41, loss:0.71 
Apnea >> F1_score:0.53, recall:0.82, precision0.44, loss:0.7
[2023-12-07 15:21:30,493][train.py][line:301][INFO] ************************************

[2023-12-07 15:21:30,592][train.py][line:116][INFO] ********* Train Epoch:54 ********
[2023-12-07 15:40:39,854][train.py][line:179][INFO] 
Train mode Epoch 54: Total loss:0.87 
Arousal >> F1_score:0.56, recall:0.93, precision0.41, loss:0.5 
Apnea >> F1_score:0.59, recall:0.94, precision0.48, loss:0.37
[2023-12-07 15:40:39,854][train.py][line:195][INFO] ************************************

[2023-12-07 15:40:39,855][train.py][line:257][INFO] *************** test ***************
[2023-12-07 15:44:15,016][train.py][line:298][INFO] 
Test mode: Total loss:1.44 
Arousal >> F1_score:0.54, recall:0.85, precision0.41, loss:0.72 
Apnea >> F1_score:0.54, recall:0.79, precision0.46, loss:0.72
[2023-12-07 15:44:15,017][train.py][line:301][INFO] ************************************

[2023-12-07 15:44:15,103][train.py][line:116][INFO] ********* Train Epoch:55 ********
[2023-12-07 16:06:04,873][train.py][line:179][INFO] 
Train mode Epoch 55: Total loss:0.86 
Arousal >> F1_score:0.56, recall:0.93, precision0.41, loss:0.5 
Apnea >> F1_score:0.6, recall:0.94, precision0.48, loss:0.37
[2023-12-07 16:06:04,874][train.py][line:195][INFO] ************************************

[2023-12-07 16:06:04,874][train.py][line:257][INFO] *************** test ***************
[2023-12-07 16:08:46,685][train.py][line:298][INFO] 
Test mode: Total loss:1.43 
Arousal >> F1_score:0.55, recall:0.85, precision0.41, loss:0.71 
Apnea >> F1_score:0.54, recall:0.79, precision0.45, loss:0.72
[2023-12-07 16:08:46,686][train.py][line:301][INFO] ************************************

[2023-12-07 16:08:46,782][train.py][line:116][INFO] ********* Train Epoch:56 ********
[2023-12-07 16:27:42,946][train.py][line:179][INFO] 
Train mode Epoch 56: Total loss:0.86 
Arousal >> F1_score:0.56, recall:0.93, precision0.41, loss:0.5 
Apnea >> F1_score:0.6, recall:0.94, precision0.48, loss:0.36
[2023-12-07 16:27:42,947][train.py][line:195][INFO] ************************************

[2023-12-07 16:27:42,948][train.py][line:257][INFO] *************** test ***************
[2023-12-07 16:31:15,953][train.py][line:298][INFO] 
Test mode: Total loss:1.4 
Arousal >> F1_score:0.55, recall:0.85, precision0.41, loss:0.7 
Apnea >> F1_score:0.53, recall:0.81, precision0.44, loss:0.7
[2023-12-07 16:31:15,953][train.py][line:301][INFO] ************************************

[2023-12-07 16:31:16,054][train.py][line:116][INFO] ********* Train Epoch:57 ********
[2023-12-07 16:53:25,489][train.py][line:179][INFO] 
Train mode Epoch 57: Total loss:0.86 
Arousal >> F1_score:0.56, recall:0.93, precision0.41, loss:0.49 
Apnea >> F1_score:0.6, recall:0.94, precision0.49, loss:0.36
[2023-12-07 16:53:25,490][train.py][line:195][INFO] ************************************

[2023-12-07 16:53:25,491][train.py][line:257][INFO] *************** test ***************
[2023-12-07 16:56:10,030][train.py][line:298][INFO] 
Test mode: Total loss:1.43 
Arousal >> F1_score:0.55, recall:0.86, precision0.41, loss:0.71 
Apnea >> F1_score:0.54, recall:0.79, precision0.45, loss:0.72
[2023-12-07 16:56:10,030][train.py][line:301][INFO] ************************************

[2023-12-07 16:56:10,120][train.py][line:116][INFO] ********* Train Epoch:58 ********
[2023-12-07 17:15:01,865][train.py][line:179][INFO] 
Train mode Epoch 58: Total loss:0.86 
Arousal >> F1_score:0.56, recall:0.93, precision0.4, loss:0.49 
Apnea >> F1_score:0.6, recall:0.94, precision0.48, loss:0.36
[2023-12-07 17:15:01,866][train.py][line:195][INFO] ************************************

[2023-12-07 17:15:01,867][train.py][line:257][INFO] *************** test ***************
[2023-12-07 17:18:35,293][train.py][line:298][INFO] 
Test mode: Total loss:1.43 
Arousal >> F1_score:0.55, recall:0.86, precision0.41, loss:0.7 
Apnea >> F1_score:0.53, recall:0.77, precision0.45, loss:0.73
[2023-12-07 17:18:35,294][train.py][line:301][INFO] ************************************

[2023-12-07 17:18:35,457][train.py][line:116][INFO] ********* Train Epoch:59 ********
[2023-12-07 17:40:27,134][train.py][line:179][INFO] 
Train mode Epoch 59: Total loss:0.85 
Arousal >> F1_score:0.56, recall:0.93, precision0.4, loss:0.49 
Apnea >> F1_score:0.6, recall:0.95, precision0.49, loss:0.36
[2023-12-07 17:40:27,135][train.py][line:195][INFO] ************************************

[2023-12-07 17:40:27,136][train.py][line:257][INFO] *************** test ***************
[2023-12-07 17:43:09,592][train.py][line:298][INFO] 
Test mode: Total loss:1.42 
Arousal >> F1_score:0.56, recall:0.86, precision0.42, loss:0.69 
Apnea >> F1_score:0.54, recall:0.78, precision0.46, loss:0.73
[2023-12-07 17:43:09,592][train.py][line:301][INFO] ************************************

[2023-12-07 17:43:09,692][train.py][line:116][INFO] ********* Train Epoch:60 ********
[2023-12-07 18:02:19,111][train.py][line:179][INFO] 
Train mode Epoch 60: Total loss:0.85 
Arousal >> F1_score:0.56, recall:0.93, precision0.4, loss:0.49 
Apnea >> F1_score:0.61, recall:0.95, precision0.49, loss:0.36
[2023-12-07 18:02:19,112][train.py][line:195][INFO] ************************************

[2023-12-07 18:02:19,113][train.py][line:257][INFO] *************** test ***************
[2023-12-07 18:05:54,855][train.py][line:298][INFO] 
Test mode: Total loss:1.43 
Arousal >> F1_score:0.55, recall:0.86, precision0.42, loss:0.7 
Apnea >> F1_score:0.53, recall:0.79, precision0.45, loss:0.73
[2023-12-07 18:05:54,856][train.py][line:301][INFO] ************************************

[2023-12-07 18:05:54,942][train.py][line:116][INFO] ********* Train Epoch:61 ********
[2023-12-07 18:27:38,801][train.py][line:179][INFO] 
Train mode Epoch 61: Total loss:0.85 
Arousal >> F1_score:0.56, recall:0.93, precision0.4, loss:0.49 
Apnea >> F1_score:0.6, recall:0.95, precision0.49, loss:0.36
[2023-12-07 18:27:38,802][train.py][line:195][INFO] ************************************

[2023-12-07 18:27:38,803][train.py][line:257][INFO] *************** test ***************
[2023-12-07 18:30:20,156][train.py][line:298][INFO] 
Test mode: Total loss:1.42 
Arousal >> F1_score:0.55, recall:0.86, precision0.41, loss:0.7 
Apnea >> F1_score:0.54, recall:0.79, precision0.45, loss:0.72
[2023-12-07 18:30:20,157][train.py][line:301][INFO] ************************************

[2023-12-07 18:30:20,251][train.py][line:116][INFO] ********* Train Epoch:62 ********
[2023-12-07 18:49:16,650][train.py][line:179][INFO] 
Train mode Epoch 62: Total loss:0.84 
Arousal >> F1_score:0.56, recall:0.93, precision0.41, loss:0.49 
Apnea >> F1_score:0.61, recall:0.95, precision0.49, loss:0.35
[2023-12-07 18:49:16,651][train.py][line:195][INFO] ************************************

[2023-12-07 18:49:16,652][train.py][line:257][INFO] *************** test ***************
[2023-12-07 18:52:56,601][train.py][line:298][INFO] 
Test mode: Total loss:1.4 
Arousal >> F1_score:0.56, recall:0.85, precision0.42, loss:0.7 
Apnea >> F1_score:0.53, recall:0.81, precision0.44, loss:0.7
[2023-12-07 18:52:56,602][train.py][line:301][INFO] ************************************

[2023-12-07 18:52:56,680][train.py][line:116][INFO] ********* Train Epoch:63 ********
[2023-12-07 19:15:24,130][train.py][line:179][INFO] 
Train mode Epoch 63: Total loss:0.84 
Arousal >> F1_score:0.56, recall:0.93, precision0.41, loss:0.49 
Apnea >> F1_score:0.61, recall:0.95, precision0.49, loss:0.35
[2023-12-07 19:15:24,131][train.py][line:195][INFO] ************************************

[2023-12-07 19:15:24,132][train.py][line:257][INFO] *************** test ***************
[2023-12-07 19:18:08,735][train.py][line:298][INFO] 
Test mode: Total loss:1.43 
Arousal >> F1_score:0.55, recall:0.86, precision0.41, loss:0.69 
Apnea >> F1_score:0.53, recall:0.79, precision0.45, loss:0.74
[2023-12-07 19:18:08,736][train.py][line:301][INFO] ************************************

[2023-12-07 19:18:08,836][train.py][line:116][INFO] ********* Train Epoch:64 ********
[2023-12-07 19:36:55,912][train.py][line:179][INFO] 
Train mode Epoch 64: Total loss:0.84 
Arousal >> F1_score:0.56, recall:0.93, precision0.41, loss:0.49 
Apnea >> F1_score:0.61, recall:0.95, precision0.49, loss:0.35
[2023-12-07 19:36:55,913][train.py][line:195][INFO] ************************************

[2023-12-07 19:36:55,914][train.py][line:257][INFO] *************** test ***************
[2023-12-07 19:40:28,727][train.py][line:298][INFO] 
Test mode: Total loss:1.4 
Arousal >> F1_score:0.56, recall:0.86, precision0.42, loss:0.69 
Apnea >> F1_score:0.54, recall:0.8, precision0.45, loss:0.71
[2023-12-07 19:40:28,728][train.py][line:301][INFO] ************************************

[2023-12-07 19:40:28,805][train.py][line:116][INFO] ********* Train Epoch:65 ********
[2023-12-07 20:03:31,884][train.py][line:179][INFO] 
Train mode Epoch 65: Total loss:0.84 
Arousal >> F1_score:0.56, recall:0.93, precision0.41, loss:0.49 
Apnea >> F1_score:0.61, recall:0.95, precision0.49, loss:0.35
[2023-12-07 20:03:31,885][train.py][line:195][INFO] ************************************

[2023-12-07 20:03:31,886][train.py][line:257][INFO] *************** test ***************
[2023-12-07 20:06:18,104][train.py][line:298][INFO] 
Test mode: Total loss:1.46 
Arousal >> F1_score:0.54, recall:0.87, precision0.4, loss:0.7 
Apnea >> F1_score:0.54, recall:0.76, precision0.47, loss:0.77
[2023-12-07 20:06:18,105][train.py][line:301][INFO] ************************************

[2023-12-07 20:06:18,205][train.py][line:116][INFO] ********* Train Epoch:66 ********
[2023-12-07 20:26:16,651][train.py][line:179][INFO] 
Train mode Epoch 66: Total loss:0.84 
Arousal >> F1_score:0.56, recall:0.93, precision0.41, loss:0.49 
Apnea >> F1_score:0.61, recall:0.95, precision0.49, loss:0.35
[2023-12-07 20:26:16,652][train.py][line:195][INFO] ************************************

[2023-12-07 20:26:16,653][train.py][line:257][INFO] *************** test ***************
[2023-12-07 20:29:55,306][train.py][line:298][INFO] 
Test mode: Total loss:1.41 
Arousal >> F1_score:0.55, recall:0.87, precision0.41, loss:0.7 
Apnea >> F1_score:0.53, recall:0.8, precision0.45, loss:0.71
[2023-12-07 20:29:55,307][train.py][line:301][INFO] ************************************

[2023-12-07 20:29:55,406][train.py][line:116][INFO] ********* Train Epoch:67 ********
[2023-12-07 20:54:31,371][train.py][line:179][INFO] 
Train mode Epoch 67: Total loss:0.84 
Arousal >> F1_score:0.56, recall:0.93, precision0.41, loss:0.49 
Apnea >> F1_score:0.61, recall:0.95, precision0.49, loss:0.35
[2023-12-07 20:54:31,372][train.py][line:195][INFO] ************************************

[2023-12-07 20:54:31,373][train.py][line:257][INFO] *************** test ***************
[2023-12-07 20:59:36,270][train.py][line:298][INFO] 
Test mode: Total loss:1.48 
Arousal >> F1_score:0.55, recall:0.86, precision0.41, loss:0.68 
Apnea >> F1_score:0.54, recall:0.75, precision0.47, loss:0.8
[2023-12-07 20:59:36,271][train.py][line:301][INFO] ************************************

[2023-12-07 20:59:36,361][train.py][line:116][INFO] ********* Train Epoch:68 ********
[2023-12-07 21:25:01,380][train.py][line:179][INFO] 
Train mode Epoch 68: Total loss:0.83 
Arousal >> F1_score:0.56, recall:0.93, precision0.41, loss:0.48 
Apnea >> F1_score:0.61, recall:0.95, precision0.49, loss:0.35
[2023-12-07 21:25:01,380][train.py][line:195][INFO] ************************************

[2023-12-07 21:25:01,381][train.py][line:257][INFO] *************** test ***************
[2023-12-07 21:28:36,845][train.py][line:298][INFO] 
Test mode: Total loss:1.34 
Arousal >> F1_score:0.55, recall:0.87, precision0.4, loss:0.67 
Apnea >> F1_score:0.52, recall:0.84, precision0.42, loss:0.68
[2023-12-07 21:28:36,846][train.py][line:301][INFO] ************************************

[2023-12-07 21:28:36,938][train.py][line:116][INFO] ********* Train Epoch:69 ********
[2023-12-07 21:51:03,380][train.py][line:179][INFO] 
Train mode Epoch 69: Total loss:0.83 
Arousal >> F1_score:0.56, recall:0.93, precision0.41, loss:0.48 
Apnea >> F1_score:0.61, recall:0.95, precision0.49, loss:0.35
[2023-12-07 21:51:03,380][train.py][line:195][INFO] ************************************

[2023-12-07 21:51:03,381][train.py][line:257][INFO] *************** test ***************
[2023-12-07 21:53:50,658][train.py][line:298][INFO] 
Test mode: Total loss:1.43 
Arousal >> F1_score:0.54, recall:0.86, precision0.4, loss:0.71 
Apnea >> F1_score:0.53, recall:0.79, precision0.45, loss:0.73
[2023-12-07 21:53:50,659][train.py][line:301][INFO] ************************************

[2023-12-07 21:53:50,759][train.py][line:116][INFO] ********* Train Epoch:70 ********
[2023-12-07 22:12:47,414][train.py][line:179][INFO] 
Train mode Epoch 70: Total loss:0.83 
Arousal >> F1_score:0.56, recall:0.93, precision0.41, loss:0.48 
Apnea >> F1_score:0.61, recall:0.95, precision0.49, loss:0.35
[2023-12-07 22:12:47,415][train.py][line:195][INFO] ************************************

[2023-12-07 22:12:47,416][train.py][line:257][INFO] *************** test ***************
[2023-12-07 22:16:23,143][train.py][line:298][INFO] 
Test mode: Total loss:1.38 
Arousal >> F1_score:0.55, recall:0.87, precision0.4, loss:0.68 
Apnea >> F1_score:0.54, recall:0.79, precision0.45, loss:0.71
[2023-12-07 22:16:23,144][train.py][line:301][INFO] ************************************

[2023-12-07 22:16:23,244][train.py][line:116][INFO] ********* Train Epoch:71 ********
[2023-12-07 22:38:31,655][train.py][line:179][INFO] 
Train mode Epoch 71: Total loss:0.83 
Arousal >> F1_score:0.56, recall:0.93, precision0.41, loss:0.48 
Apnea >> F1_score:0.61, recall:0.95, precision0.49, loss:0.35
[2023-12-07 22:38:31,655][train.py][line:195][INFO] ************************************

[2023-12-07 22:38:31,656][train.py][line:257][INFO] *************** test ***************
[2023-12-07 22:41:14,135][train.py][line:298][INFO] 
Test mode: Total loss:1.41 
Arousal >> F1_score:0.55, recall:0.87, precision0.41, loss:0.67 
Apnea >> F1_score:0.54, recall:0.77, precision0.46, loss:0.75
[2023-12-07 22:41:14,136][train.py][line:301][INFO] ************************************

[2023-12-07 22:41:14,224][train.py][line:116][INFO] ********* Train Epoch:72 ********
[2023-12-07 23:00:28,408][train.py][line:179][INFO] 
Train mode Epoch 72: Total loss:0.83 
Arousal >> F1_score:0.56, recall:0.93, precision0.41, loss:0.48 
Apnea >> F1_score:0.61, recall:0.95, precision0.49, loss:0.35
[2023-12-07 23:00:28,409][train.py][line:195][INFO] ************************************

[2023-12-07 23:00:28,410][train.py][line:257][INFO] *************** test ***************
[2023-12-07 23:04:06,214][train.py][line:298][INFO] 
Test mode: Total loss:1.35 
Arousal >> F1_score:0.55, recall:0.87, precision0.4, loss:0.68 
Apnea >> F1_score:0.52, recall:0.82, precision0.43, loss:0.67
[2023-12-07 23:04:06,215][train.py][line:301][INFO] ************************************

[2023-12-07 23:04:06,315][train.py][line:116][INFO] ********* Train Epoch:73 ********
[2023-12-07 23:26:04,777][train.py][line:179][INFO] 
Train mode Epoch 73: Total loss:0.82 
Arousal >> F1_score:0.56, recall:0.93, precision0.41, loss:0.48 
Apnea >> F1_score:0.62, recall:0.95, precision0.5, loss:0.34
[2023-12-07 23:26:04,777][train.py][line:195][INFO] ************************************

[2023-12-07 23:26:04,778][train.py][line:257][INFO] *************** test ***************
[2023-12-07 23:28:47,450][train.py][line:298][INFO] 
Test mode: Total loss:1.45 
Arousal >> F1_score:0.55, recall:0.87, precision0.41, loss:0.69 
Apnea >> F1_score:0.54, recall:0.76, precision0.47, loss:0.76
[2023-12-07 23:28:47,450][train.py][line:301][INFO] ************************************

[2023-12-07 23:28:47,572][train.py][line:116][INFO] ********* Train Epoch:74 ********
[2023-12-07 23:47:49,508][train.py][line:179][INFO] 
Train mode Epoch 74: Total loss:0.82 
Arousal >> F1_score:0.56, recall:0.93, precision0.41, loss:0.48 
Apnea >> F1_score:0.62, recall:0.95, precision0.5, loss:0.34
[2023-12-07 23:47:49,508][train.py][line:195][INFO] ************************************

[2023-12-07 23:47:49,509][train.py][line:257][INFO] *************** test ***************
[2023-12-07 23:51:24,490][train.py][line:298][INFO] 
Test mode: Total loss:1.48 
Arousal >> F1_score:0.55, recall:0.87, precision0.41, loss:0.68 
Apnea >> F1_score:0.54, recall:0.74, precision0.46, loss:0.8
[2023-12-07 23:51:24,491][train.py][line:301][INFO] ************************************

[2023-12-07 23:51:24,580][train.py][line:116][INFO] ********* Train Epoch:75 ********
[2023-12-08 00:14:04,789][train.py][line:179][INFO] 
Train mode Epoch 75: Total loss:0.82 
Arousal >> F1_score:0.56, recall:0.93, precision0.41, loss:0.48 
Apnea >> F1_score:0.62, recall:0.95, precision0.5, loss:0.34
[2023-12-08 00:14:04,790][train.py][line:195][INFO] ************************************

[2023-12-08 00:14:04,791][train.py][line:257][INFO] *************** test ***************
[2023-12-08 00:16:51,848][train.py][line:298][INFO] 
Test mode: Total loss:1.45 
Arousal >> F1_score:0.56, recall:0.87, precision0.42, loss:0.69 
Apnea >> F1_score:0.54, recall:0.76, precision0.46, loss:0.76
[2023-12-08 00:16:51,849][train.py][line:301][INFO] ************************************

[2023-12-08 00:16:51,942][train.py][line:116][INFO] ********* Train Epoch:76 ********
[2023-12-08 00:35:51,392][train.py][line:179][INFO] 
Train mode Epoch 76: Total loss:0.82 
Arousal >> F1_score:0.56, recall:0.93, precision0.41, loss:0.48 
Apnea >> F1_score:0.61, recall:0.95, precision0.49, loss:0.34
[2023-12-08 00:35:51,393][train.py][line:195][INFO] ************************************

[2023-12-08 00:35:51,393][train.py][line:257][INFO] *************** test ***************
[2023-12-08 00:39:26,128][train.py][line:298][INFO] 
Test mode: Total loss:1.44 
Arousal >> F1_score:0.56, recall:0.87, precision0.41, loss:0.68 
Apnea >> F1_score:0.54, recall:0.76, precision0.46, loss:0.76
[2023-12-08 00:39:26,129][train.py][line:301][INFO] ************************************

[2023-12-08 00:39:26,217][train.py][line:116][INFO] ********* Train Epoch:77 ********
[2023-12-08 01:01:40,662][train.py][line:179][INFO] 
Train mode Epoch 77: Total loss:0.82 
Arousal >> F1_score:0.56, recall:0.93, precision0.41, loss:0.48 
Apnea >> F1_score:0.62, recall:0.95, precision0.5, loss:0.34
[2023-12-08 01:01:40,662][train.py][line:195][INFO] ************************************

[2023-12-08 01:01:40,663][train.py][line:257][INFO] *************** test ***************
[2023-12-08 01:04:23,459][train.py][line:298][INFO] 
Test mode: Total loss:1.45 
Arousal >> F1_score:0.56, recall:0.86, precision0.42, loss:0.7 
Apnea >> F1_score:0.54, recall:0.76, precision0.46, loss:0.75
[2023-12-08 01:04:23,460][train.py][line:301][INFO] ************************************

[2023-12-08 01:04:23,551][train.py][line:116][INFO] ********* Train Epoch:78 ********
[2023-12-08 01:23:38,237][train.py][line:179][INFO] 
Train mode Epoch 78: Total loss:0.82 
Arousal >> F1_score:0.56, recall:0.93, precision0.41, loss:0.48 
Apnea >> F1_score:0.61, recall:0.95, precision0.5, loss:0.35
[2023-12-08 01:23:38,238][train.py][line:195][INFO] ************************************

[2023-12-08 01:23:38,239][train.py][line:257][INFO] *************** test ***************
[2023-12-08 01:27:16,567][train.py][line:298][INFO] 
Test mode: Total loss:1.42 
Arousal >> F1_score:0.55, recall:0.87, precision0.41, loss:0.67 
Apnea >> F1_score:0.53, recall:0.76, precision0.46, loss:0.75
[2023-12-08 01:27:16,568][train.py][line:301][INFO] ************************************

[2023-12-08 01:27:16,668][train.py][line:116][INFO] ********* Train Epoch:79 ********
[2023-12-08 01:51:16,688][train.py][line:179][INFO] 
Train mode Epoch 79: Total loss:0.81 
Arousal >> F1_score:0.56, recall:0.93, precision0.41, loss:0.48 
Apnea >> F1_score:0.62, recall:0.95, precision0.5, loss:0.34
[2023-12-08 01:51:16,689][train.py][line:195][INFO] ************************************

[2023-12-08 01:51:16,690][train.py][line:257][INFO] *************** test ***************
[2023-12-08 01:56:20,053][train.py][line:298][INFO] 
Test mode: Total loss:1.47 
Arousal >> F1_score:0.56, recall:0.87, precision0.42, loss:0.68 
Apnea >> F1_score:0.54, recall:0.75, precision0.47, loss:0.79
[2023-12-08 01:56:20,054][train.py][line:301][INFO] ************************************

[2023-12-08 01:56:22,753][train.py][line:246][INFO] Best Test Loss: 1.27, Best Arousal F1 Score: 0.56, Best Apnea F1 Score: 0.54
