[2023-11-13 16:40:46,524][train.py][line:367][INFO] Batch size: 8, Learning Rate: 1e-05, Epochs: 50, Loss: CrossEntropy, Optimizer: RMSProp, Device: cuda
[2023-11-13 16:40:46,532][train.py][line:101][INFO] Epoch:0
[2023-11-13 18:12:57,840][train.py][line:164][INFO] 
Train mode Epoch 0: Total loss:1.62 
Arousal >> F1_score:0.43, recall:0.82, precision0.3, loss:0.84 
Apnea >> F1_score:0.43, recall:0.82, precision0.33, loss:0.77
[2023-11-13 18:12:57,842][train.py][line:229][INFO] *************** test ***************
[2023-11-13 18:24:48,403][train.py][line:270][INFO] 
Test mode: Total loss:1.49 
Arousal >> F1_score:0.47, recall:0.78, precision0.34, loss:0.83 
Apnea >> F1_score:0.52, recall:0.84, precision0.41, loss:0.66
[2023-11-13 18:24:48,404][train.py][line:273][INFO] ************************************

[2023-11-13 18:24:48,433][train.py][line:101][INFO] Epoch:1
[2023-11-13 20:01:14,557][train.py][line:164][INFO] 
Train mode Epoch 1: Total loss:1.34 
Arousal >> F1_score:0.48, recall:0.85, precision0.34, loss:0.73 
Apnea >> F1_score:0.48, recall:0.89, precision0.37, loss:0.6
[2023-11-13 20:01:14,558][train.py][line:229][INFO] *************** test ***************
[2023-11-13 20:12:51,115][train.py][line:270][INFO] 
Test mode: Total loss:1.38 
Arousal >> F1_score:0.52, recall:0.81, precision0.39, loss:0.73 
Apnea >> F1_score:0.53, recall:0.81, precision0.44, loss:0.65
[2023-11-13 20:12:51,115][train.py][line:273][INFO] ************************************

[2023-11-13 20:12:51,144][train.py][line:101][INFO] Epoch:2
[2023-11-13 21:49:10,968][train.py][line:164][INFO] 
Train mode Epoch 2: Total loss:1.24 
Arousal >> F1_score:0.51, recall:0.87, precision0.37, loss:0.67 
Apnea >> F1_score:0.49, recall:0.9, precision0.38, loss:0.57
[2023-11-13 21:49:10,968][train.py][line:229][INFO] *************** test ***************
[2023-11-13 22:00:52,835][train.py][line:270][INFO] 
Test mode: Total loss:1.32 
Arousal >> F1_score:0.55, recall:0.81, precision0.42, loss:0.71 
Apnea >> F1_score:0.53, recall:0.85, precision0.43, loss:0.61
[2023-11-13 22:00:52,836][train.py][line:273][INFO] ************************************

[2023-11-13 22:00:52,867][train.py][line:101][INFO] Epoch:3
[2023-11-13 23:37:23,090][train.py][line:164][INFO] 
Train mode Epoch 3: Total loss:1.19 
Arousal >> F1_score:0.52, recall:0.88, precision0.37, loss:0.64 
Apnea >> F1_score:0.5, recall:0.9, precision0.39, loss:0.55
[2023-11-13 23:37:23,092][train.py][line:229][INFO] *************** test ***************
[2023-11-13 23:48:58,329][train.py][line:270][INFO] 
Test mode: Total loss:1.29 
Arousal >> F1_score:0.56, recall:0.83, precision0.43, loss:0.67 
Apnea >> F1_score:0.54, recall:0.83, precision0.44, loss:0.62
[2023-11-13 23:48:58,330][train.py][line:273][INFO] ************************************

[2023-11-13 23:48:58,367][train.py][line:101][INFO] Epoch:4
[2023-11-14 01:25:19,360][train.py][line:164][INFO] 
Train mode Epoch 4: Total loss:1.17 
Arousal >> F1_score:0.52, recall:0.89, precision0.38, loss:0.62 
Apnea >> F1_score:0.5, recall:0.9, precision0.39, loss:0.55
[2023-11-14 01:25:19,362][train.py][line:229][INFO] *************** test ***************
[2023-11-14 01:36:50,366][train.py][line:270][INFO] 
Test mode: Total loss:1.27 
Arousal >> F1_score:0.56, recall:0.84, precision0.42, loss:0.65 
Apnea >> F1_score:0.54, recall:0.83, precision0.44, loss:0.61
[2023-11-14 01:36:50,367][train.py][line:273][INFO] ************************************

[2023-11-14 01:36:50,411][train.py][line:101][INFO] Epoch:5
[2023-11-14 03:13:21,278][train.py][line:164][INFO] 
Train mode Epoch 5: Total loss:1.15 
Arousal >> F1_score:0.53, recall:0.89, precision0.38, loss:0.61 
Apnea >> F1_score:0.51, recall:0.9, precision0.4, loss:0.54
[2023-11-14 03:13:21,279][train.py][line:229][INFO] *************** test ***************
[2023-11-14 03:24:54,114][train.py][line:270][INFO] 
Test mode: Total loss:1.28 
Arousal >> F1_score:0.57, recall:0.84, precision0.43, loss:0.66 
Apnea >> F1_score:0.54, recall:0.82, precision0.44, loss:0.62
[2023-11-14 03:24:54,115][train.py][line:273][INFO] ************************************

[2023-11-14 03:24:54,116][train.py][line:101][INFO] Epoch:6
[2023-11-14 05:02:07,199][train.py][line:164][INFO] 
Train mode Epoch 6: Total loss:1.13 
Arousal >> F1_score:0.53, recall:0.89, precision0.39, loss:0.6 
Apnea >> F1_score:0.51, recall:0.91, precision0.4, loss:0.53
[2023-11-14 05:02:07,200][train.py][line:229][INFO] *************** test ***************
[2023-11-14 05:13:57,404][train.py][line:270][INFO] 
Test mode: Total loss:1.23 
Arousal >> F1_score:0.57, recall:0.85, precision0.43, loss:0.64 
Apnea >> F1_score:0.54, recall:0.83, precision0.45, loss:0.6
[2023-11-14 05:13:57,404][train.py][line:273][INFO] ************************************

[2023-11-14 05:13:57,652][train.py][line:101][INFO] Epoch:7
[2023-11-14 06:50:39,245][train.py][line:164][INFO] 
Train mode Epoch 7: Total loss:1.12 
Arousal >> F1_score:0.54, recall:0.89, precision0.39, loss:0.6 
Apnea >> F1_score:0.51, recall:0.91, precision0.4, loss:0.53
[2023-11-14 06:50:39,246][train.py][line:229][INFO] *************** test ***************
[2023-11-14 07:02:10,984][train.py][line:270][INFO] 
Test mode: Total loss:1.27 
Arousal >> F1_score:0.57, recall:0.85, precision0.43, loss:0.64 
Apnea >> F1_score:0.54, recall:0.81, precision0.45, loss:0.64
[2023-11-14 07:02:10,984][train.py][line:273][INFO] ************************************

[2023-11-14 07:02:10,985][train.py][line:101][INFO] Epoch:8
[2023-11-14 08:38:42,060][train.py][line:164][INFO] 
Train mode Epoch 8: Total loss:1.11 
Arousal >> F1_score:0.54, recall:0.9, precision0.39, loss:0.59 
Apnea >> F1_score:0.51, recall:0.91, precision0.4, loss:0.52
[2023-11-14 08:38:42,061][train.py][line:229][INFO] *************** test ***************
[2023-11-14 08:50:15,399][train.py][line:270][INFO] 
Test mode: Total loss:1.24 
Arousal >> F1_score:0.58, recall:0.85, precision0.44, loss:0.63 
Apnea >> F1_score:0.55, recall:0.83, precision0.45, loss:0.61
[2023-11-14 08:50:15,400][train.py][line:273][INFO] ************************************

[2023-11-14 08:50:15,400][train.py][line:101][INFO] Epoch:9
[2023-11-14 10:28:29,361][train.py][line:164][INFO] 
Train mode Epoch 9: Total loss:1.1 
Arousal >> F1_score:0.54, recall:0.9, precision0.39, loss:0.58 
Apnea >> F1_score:0.51, recall:0.91, precision0.4, loss:0.51
[2023-11-14 10:28:29,363][train.py][line:229][INFO] *************** test ***************
[2023-11-14 10:40:26,238][train.py][line:270][INFO] 
Test mode: Total loss:1.24 
Arousal >> F1_score:0.58, recall:0.84, precision0.45, loss:0.63 
Apnea >> F1_score:0.55, recall:0.82, precision0.45, loss:0.61
[2023-11-14 10:40:26,238][train.py][line:273][INFO] ************************************

[2023-11-14 10:40:26,239][train.py][line:101][INFO] Epoch:10
[2023-11-14 12:22:46,561][train.py][line:164][INFO] 
Train mode Epoch 10: Total loss:1.09 
Arousal >> F1_score:0.54, recall:0.9, precision0.39, loss:0.58 
Apnea >> F1_score:0.51, recall:0.91, precision0.4, loss:0.51
[2023-11-14 12:22:46,562][train.py][line:229][INFO] *************** test ***************
[2023-11-14 12:36:50,338][train.py][line:270][INFO] 
Test mode: Total loss:1.22 
Arousal >> F1_score:0.57, recall:0.86, precision0.43, loss:0.61 
Apnea >> F1_score:0.55, recall:0.83, precision0.45, loss:0.61
[2023-11-14 12:36:50,338][train.py][line:273][INFO] ************************************

[2023-11-14 12:36:50,374][train.py][line:101][INFO] Epoch:11
[2023-11-14 14:21:52,552][train.py][line:164][INFO] 
Train mode Epoch 11: Total loss:1.08 
Arousal >> F1_score:0.54, recall:0.9, precision0.4, loss:0.58 
Apnea >> F1_score:0.52, recall:0.91, precision0.41, loss:0.51
[2023-11-14 14:21:52,552][train.py][line:229][INFO] *************** test ***************
[2023-11-14 14:33:33,160][train.py][line:270][INFO] 
Test mode: Total loss:1.23 
Arousal >> F1_score:0.58, recall:0.85, precision0.44, loss:0.62 
Apnea >> F1_score:0.55, recall:0.82, precision0.45, loss:0.61
[2023-11-14 14:33:33,160][train.py][line:273][INFO] ************************************

[2023-11-14 14:33:33,161][train.py][line:101][INFO] Epoch:12
[2023-11-14 16:11:15,944][train.py][line:164][INFO] 
Train mode Epoch 12: Total loss:1.07 
Arousal >> F1_score:0.54, recall:0.9, precision0.4, loss:0.57 
Apnea >> F1_score:0.52, recall:0.91, precision0.41, loss:0.5
[2023-11-14 16:11:15,945][train.py][line:229][INFO] *************** test ***************
[2023-11-14 16:22:57,780][train.py][line:270][INFO] 
Test mode: Total loss:1.22 
Arousal >> F1_score:0.57, recall:0.86, precision0.44, loss:0.62 
Apnea >> F1_score:0.55, recall:0.83, precision0.46, loss:0.6
[2023-11-14 16:22:57,780][train.py][line:273][INFO] ************************************

[2023-11-14 16:22:58,005][train.py][line:101][INFO] Epoch:13
[2023-11-14 18:00:10,941][train.py][line:164][INFO] 
Train mode Epoch 13: Total loss:1.07 
Arousal >> F1_score:0.54, recall:0.9, precision0.4, loss:0.57 
Apnea >> F1_score:0.52, recall:0.91, precision0.41, loss:0.5
[2023-11-14 18:00:10,943][train.py][line:229][INFO] *************** test ***************
[2023-11-14 18:11:51,774][train.py][line:270][INFO] 
Test mode: Total loss:1.2 
Arousal >> F1_score:0.57, recall:0.87, precision0.43, loss:0.61 
Apnea >> F1_score:0.55, recall:0.83, precision0.46, loss:0.6
[2023-11-14 18:11:51,775][train.py][line:273][INFO] ************************************

[2023-11-14 18:11:51,813][train.py][line:101][INFO] Epoch:14
[2023-11-14 19:48:52,437][train.py][line:164][INFO] 
Train mode Epoch 14: Total loss:1.06 
Arousal >> F1_score:0.55, recall:0.9, precision0.4, loss:0.57 
Apnea >> F1_score:0.52, recall:0.92, precision0.41, loss:0.49
[2023-11-14 19:48:52,438][train.py][line:229][INFO] *************** test ***************
[2023-11-14 20:00:30,210][train.py][line:270][INFO] 
Test mode: Total loss:1.21 
Arousal >> F1_score:0.58, recall:0.85, precision0.44, loss:0.62 
Apnea >> F1_score:0.55, recall:0.83, precision0.46, loss:0.59
[2023-11-14 20:00:30,211][train.py][line:273][INFO] ************************************

[2023-11-14 20:00:30,212][train.py][line:101][INFO] Epoch:15
[2023-11-14 21:37:17,334][train.py][line:164][INFO] 
Train mode Epoch 15: Total loss:1.05 
Arousal >> F1_score:0.55, recall:0.9, precision0.4, loss:0.56 
Apnea >> F1_score:0.53, recall:0.91, precision0.41, loss:0.49
[2023-11-14 21:37:17,335][train.py][line:229][INFO] *************** test ***************
[2023-11-14 21:49:20,373][train.py][line:270][INFO] 
Test mode: Total loss:1.22 
Arousal >> F1_score:0.57, recall:0.86, precision0.43, loss:0.61 
Apnea >> F1_score:0.55, recall:0.82, precision0.46, loss:0.61
[2023-11-14 21:49:20,374][train.py][line:273][INFO] ************************************

[2023-11-14 21:49:20,375][train.py][line:101][INFO] Epoch:16
[2023-11-14 23:28:01,092][train.py][line:164][INFO] 
Train mode Epoch 16: Total loss:1.04 
Arousal >> F1_score:0.55, recall:0.9, precision0.4, loss:0.56 
Apnea >> F1_score:0.53, recall:0.92, precision0.42, loss:0.48
[2023-11-14 23:28:01,093][train.py][line:229][INFO] *************** test ***************
[2023-11-14 23:41:58,009][train.py][line:270][INFO] 
Test mode: Total loss:1.23 
Arousal >> F1_score:0.58, recall:0.85, precision0.45, loss:0.62 
Apnea >> F1_score:0.55, recall:0.82, precision0.46, loss:0.61
[2023-11-14 23:41:58,010][train.py][line:273][INFO] ************************************

[2023-11-14 23:41:58,011][train.py][line:101][INFO] Epoch:17
[2023-11-15 01:26:06,860][train.py][line:164][INFO] 
Train mode Epoch 17: Total loss:1.04 
Arousal >> F1_score:0.55, recall:0.9, precision0.4, loss:0.56 
Apnea >> F1_score:0.53, recall:0.92, precision0.42, loss:0.48
[2023-11-15 01:26:06,861][train.py][line:229][INFO] *************** test ***************
[2023-11-15 01:37:41,764][train.py][line:270][INFO] 
Test mode: Total loss:1.23 
Arousal >> F1_score:0.58, recall:0.85, precision0.45, loss:0.61 
Apnea >> F1_score:0.55, recall:0.82, precision0.46, loss:0.62
[2023-11-15 01:37:41,765][train.py][line:273][INFO] ************************************

[2023-11-15 01:37:41,766][train.py][line:101][INFO] Epoch:18
[2023-11-15 03:14:26,133][train.py][line:164][INFO] 
Train mode Epoch 18: Total loss:1.03 
Arousal >> F1_score:0.55, recall:0.91, precision0.4, loss:0.56 
Apnea >> F1_score:0.53, recall:0.92, precision0.42, loss:0.48
[2023-11-15 03:14:26,135][train.py][line:229][INFO] *************** test ***************
[2023-11-15 03:26:02,031][train.py][line:270][INFO] 
Test mode: Total loss:1.22 
Arousal >> F1_score:0.58, recall:0.84, precision0.45, loss:0.63 
Apnea >> F1_score:0.55, recall:0.83, precision0.45, loss:0.59
[2023-11-15 03:26:02,031][train.py][line:273][INFO] ************************************

[2023-11-15 03:26:02,032][train.py][line:101][INFO] Epoch:19
[2023-11-15 05:02:57,400][train.py][line:164][INFO] 
Train mode Epoch 19: Total loss:1.03 
Arousal >> F1_score:0.55, recall:0.91, precision0.4, loss:0.55 
Apnea >> F1_score:0.53, recall:0.92, precision0.42, loss:0.48
[2023-11-15 05:02:57,401][train.py][line:229][INFO] *************** test ***************
[2023-11-15 05:14:35,541][train.py][line:270][INFO] 
Test mode: Total loss:1.24 
Arousal >> F1_score:0.59, recall:0.84, precision0.45, loss:0.63 
Apnea >> F1_score:0.54, recall:0.82, precision0.45, loss:0.62
[2023-11-15 05:14:35,542][train.py][line:273][INFO] ************************************

[2023-11-15 05:14:35,543][train.py][line:101][INFO] Epoch:20
[2023-11-15 06:51:24,221][train.py][line:164][INFO] 
Train mode Epoch 20: Total loss:1.03 
Arousal >> F1_score:0.55, recall:0.91, precision0.4, loss:0.55 
Apnea >> F1_score:0.53, recall:0.92, precision0.42, loss:0.48
[2023-11-15 06:51:24,223][train.py][line:229][INFO] *************** test ***************
[2023-11-15 07:03:01,446][train.py][line:270][INFO] 
Test mode: Total loss:1.23 
Arousal >> F1_score:0.59, recall:0.83, precision0.46, loss:0.64 
Apnea >> F1_score:0.55, recall:0.83, precision0.45, loss:0.6
[2023-11-15 07:03:01,446][train.py][line:273][INFO] ************************************

[2023-11-15 07:03:01,447][train.py][line:101][INFO] Epoch:21
[2023-11-15 08:39:55,917][train.py][line:164][INFO] 
Train mode Epoch 21: Total loss:1.02 
Arousal >> F1_score:0.55, recall:0.91, precision0.4, loss:0.55 
Apnea >> F1_score:0.53, recall:0.92, precision0.42, loss:0.47
[2023-11-15 08:39:55,918][train.py][line:229][INFO] *************** test ***************
[2023-11-15 08:51:32,021][train.py][line:270][INFO] 
Test mode: Total loss:1.24 
Arousal >> F1_score:0.58, recall:0.85, precision0.44, loss:0.62 
Apnea >> F1_score:0.55, recall:0.82, precision0.46, loss:0.61
[2023-11-15 08:51:32,021][train.py][line:273][INFO] ************************************

[2023-11-15 08:51:32,022][train.py][line:101][INFO] Epoch:22
[2023-11-15 10:32:59,695][train.py][line:164][INFO] 
Train mode Epoch 22: Total loss:1.02 
Arousal >> F1_score:0.55, recall:0.91, precision0.4, loss:0.55 
Apnea >> F1_score:0.53, recall:0.92, precision0.42, loss:0.47
[2023-11-15 10:32:59,697][train.py][line:229][INFO] *************** test ***************
[2023-11-15 10:47:01,504][train.py][line:270][INFO] 
Test mode: Total loss:1.22 
Arousal >> F1_score:0.59, recall:0.85, precision0.45, loss:0.62 
Apnea >> F1_score:0.54, recall:0.84, precision0.44, loss:0.6
[2023-11-15 10:47:01,505][train.py][line:273][INFO] ************************************

[2023-11-15 10:47:01,506][train.py][line:101][INFO] Epoch:23
[2023-11-15 12:32:50,636][train.py][line:164][INFO] 
Train mode Epoch 23: Total loss:1.01 
Arousal >> F1_score:0.55, recall:0.91, precision0.4, loss:0.55 
Apnea >> F1_score:0.54, recall:0.92, precision0.43, loss:0.47
[2023-11-15 12:32:50,636][train.py][line:229][INFO] *************** test ***************
[2023-11-15 12:46:56,877][train.py][line:270][INFO] 
Test mode: Total loss:1.21 
Arousal >> F1_score:0.59, recall:0.85, precision0.45, loss:0.62 
Apnea >> F1_score:0.54, recall:0.83, precision0.44, loss:0.59
[2023-11-15 12:46:56,878][train.py][line:273][INFO] ************************************

[2023-11-15 12:46:56,879][train.py][line:101][INFO] Epoch:24
[2023-11-15 14:30:04,286][train.py][line:164][INFO] 
Train mode Epoch 24: Total loss:1.01 
Arousal >> F1_score:0.55, recall:0.91, precision0.4, loss:0.54 
Apnea >> F1_score:0.54, recall:0.92, precision0.43, loss:0.46
[2023-11-15 14:30:04,287][train.py][line:229][INFO] *************** test ***************
[2023-11-15 14:41:49,598][train.py][line:270][INFO] 
Test mode: Total loss:1.22 
Arousal >> F1_score:0.59, recall:0.85, precision0.45, loss:0.62 
Apnea >> F1_score:0.54, recall:0.82, precision0.45, loss:0.6
[2023-11-15 14:41:49,599][train.py][line:273][INFO] ************************************

[2023-11-15 14:41:49,600][train.py][line:101][INFO] Epoch:25
[2023-11-15 16:19:39,640][train.py][line:164][INFO] 
Train mode Epoch 25: Total loss:1.01 
Arousal >> F1_score:0.55, recall:0.91, precision0.4, loss:0.54 
Apnea >> F1_score:0.54, recall:0.92, precision0.42, loss:0.47
[2023-11-15 16:19:39,642][train.py][line:229][INFO] *************** test ***************
[2023-11-15 16:31:25,995][train.py][line:270][INFO] 
Test mode: Total loss:1.22 
Arousal >> F1_score:0.59, recall:0.85, precision0.45, loss:0.62 
Apnea >> F1_score:0.55, recall:0.83, precision0.45, loss:0.6
[2023-11-15 16:31:25,996][train.py][line:273][INFO] ************************************

[2023-11-15 16:31:25,997][train.py][line:101][INFO] Epoch:26
[2023-11-15 18:10:18,911][train.py][line:164][INFO] 
Train mode Epoch 26: Total loss:1.0 
Arousal >> F1_score:0.55, recall:0.91, precision0.4, loss:0.54 
Apnea >> F1_score:0.54, recall:0.92, precision0.43, loss:0.46
[2023-11-15 18:10:18,913][train.py][line:229][INFO] *************** test ***************
[2023-11-15 18:24:31,852][train.py][line:270][INFO] 
Test mode: Total loss:1.24 
Arousal >> F1_score:0.58, recall:0.85, precision0.45, loss:0.62 
Apnea >> F1_score:0.54, recall:0.83, precision0.45, loss:0.62
[2023-11-15 18:24:31,853][train.py][line:273][INFO] ************************************

[2023-11-15 18:24:31,854][train.py][line:101][INFO] Epoch:27
[2023-11-15 20:05:37,739][train.py][line:164][INFO] 
Train mode Epoch 27: Total loss:1.0 
Arousal >> F1_score:0.55, recall:0.91, precision0.4, loss:0.54 
Apnea >> F1_score:0.54, recall:0.92, precision0.43, loss:0.46
[2023-11-15 20:05:37,740][train.py][line:229][INFO] *************** test ***************
[2023-11-15 20:17:18,373][train.py][line:270][INFO] 
Test mode: Total loss:1.21 
Arousal >> F1_score:0.58, recall:0.86, precision0.44, loss:0.61 
Apnea >> F1_score:0.55, recall:0.82, precision0.46, loss:0.6
[2023-11-15 20:17:18,373][train.py][line:273][INFO] ************************************

[2023-11-15 20:17:18,375][train.py][line:101][INFO] Epoch:28
[2023-11-15 21:54:10,838][train.py][line:164][INFO] 
Train mode Epoch 28: Total loss:1.0 
Arousal >> F1_score:0.55, recall:0.91, precision0.4, loss:0.54 
Apnea >> F1_score:0.55, recall:0.92, precision0.43, loss:0.46
[2023-11-15 21:54:10,840][train.py][line:229][INFO] *************** test ***************
[2023-11-15 22:05:52,155][train.py][line:270][INFO] 
Test mode: Total loss:1.22 
Arousal >> F1_score:0.58, recall:0.85, precision0.45, loss:0.62 
Apnea >> F1_score:0.55, recall:0.83, precision0.45, loss:0.6
[2023-11-15 22:05:52,156][train.py][line:273][INFO] ************************************

[2023-11-15 22:05:52,157][train.py][line:101][INFO] Epoch:29
