[2023-11-21 15:50:55,094][train.py][line:396][INFO] Batch size: 8, Learning Rate: 1e-05, Epochs: 80, Loss: CrossEntropy, Optimizer: RMSProp, Device: cuda
[2023-11-21 15:50:55,099][train.py][line:116][INFO] ********* Train Epoch:0 ********
[2023-11-21 17:04:26,347][train.py][line:179][INFO] 
Train mode Epoch 0: Total loss:1.78 
Arousal >> F1_score:0.41, recall:0.79, precision0.28, loss:0.91 
Apnea >> F1_score:0.39, recall:0.76, precision0.31, loss:0.87
[2023-11-21 17:04:26,348][train.py][line:195][INFO] ************************************

[2023-11-21 17:04:26,349][train.py][line:257][INFO] *************** test ***************
[2023-11-21 17:14:45,404][train.py][line:298][INFO] 
Test mode: Total loss:1.69 
Arousal >> F1_score:0.49, recall:0.72, precision0.38, loss:0.89 
Apnea >> F1_score:0.5, recall:0.72, precision0.43, loss:0.81
[2023-11-21 17:14:45,405][train.py][line:301][INFO] ************************************

[2023-11-21 17:14:45,519][train.py][line:116][INFO] ********* Train Epoch:1 ********
[2023-11-21 18:17:39,306][train.py][line:179][INFO] 
Train mode Epoch 1: Total loss:1.53 
Arousal >> F1_score:0.44, recall:0.84, precision0.3, loss:0.81 
Apnea >> F1_score:0.45, recall:0.82, precision0.35, loss:0.72
[2023-11-21 18:17:39,307][train.py][line:195][INFO] ************************************

[2023-11-21 18:17:39,308][train.py][line:257][INFO] *************** test ***************
[2023-11-21 18:25:34,595][train.py][line:298][INFO] 
Test mode: Total loss:1.53 
Arousal >> F1_score:0.5, recall:0.75, precision0.39, loss:0.85 
Apnea >> F1_score:0.54, recall:0.77, precision0.45, loss:0.68
[2023-11-21 18:25:34,596][train.py][line:301][INFO] ************************************

[2023-11-21 18:25:34,685][train.py][line:116][INFO] ********* Train Epoch:2 ********
[2023-11-21 19:28:30,852][train.py][line:179][INFO] 
Train mode Epoch 2: Total loss:1.41 
Arousal >> F1_score:0.45, recall:0.85, precision0.32, loss:0.78 
Apnea >> F1_score:0.47, recall:0.88, precision0.37, loss:0.63
[2023-11-21 19:28:30,853][train.py][line:195][INFO] ************************************

[2023-11-21 19:28:30,854][train.py][line:257][INFO] *************** test ***************
[2023-11-21 19:36:30,097][train.py][line:298][INFO] 
Test mode: Total loss:1.46 
Arousal >> F1_score:0.51, recall:0.75, precision0.4, loss:0.83 
Apnea >> F1_score:0.53, recall:0.82, precision0.44, loss:0.63
[2023-11-21 19:36:30,097][train.py][line:301][INFO] ************************************

[2023-11-21 19:36:30,199][train.py][line:116][INFO] ********* Train Epoch:3 ********
[2023-11-21 20:39:04,951][train.py][line:179][INFO] 
Train mode Epoch 3: Total loss:1.36 
Arousal >> F1_score:0.46, recall:0.86, precision0.32, loss:0.76 
Apnea >> F1_score:0.48, recall:0.89, precision0.37, loss:0.59
[2023-11-21 20:39:04,952][train.py][line:195][INFO] ************************************

[2023-11-21 20:39:04,952][train.py][line:257][INFO] *************** test ***************
[2023-11-21 20:46:59,913][train.py][line:298][INFO] 
Test mode: Total loss:1.43 
Arousal >> F1_score:0.52, recall:0.77, precision0.4, loss:0.81 
Apnea >> F1_score:0.55, recall:0.84, precision0.45, loss:0.62
[2023-11-21 20:46:59,914][train.py][line:301][INFO] ************************************

[2023-11-21 20:47:00,028][train.py][line:116][INFO] ********* Train Epoch:4 ********
[2023-11-21 21:49:40,031][train.py][line:179][INFO] 
Train mode Epoch 4: Total loss:1.32 
Arousal >> F1_score:0.46, recall:0.86, precision0.32, loss:0.75 
Apnea >> F1_score:0.48, recall:0.9, precision0.37, loss:0.57
[2023-11-21 21:49:40,032][train.py][line:195][INFO] ************************************

[2023-11-21 21:49:40,033][train.py][line:257][INFO] *************** test ***************
[2023-11-21 21:57:39,111][train.py][line:298][INFO] 
Test mode: Total loss:1.41 
Arousal >> F1_score:0.52, recall:0.78, precision0.39, loss:0.8 
Apnea >> F1_score:0.55, recall:0.84, precision0.45, loss:0.61
[2023-11-21 21:57:39,112][train.py][line:301][INFO] ************************************

[2023-11-21 21:57:39,211][train.py][line:116][INFO] ********* Train Epoch:5 ********
[2023-11-21 23:00:16,728][train.py][line:179][INFO] 
Train mode Epoch 5: Total loss:1.31 
Arousal >> F1_score:0.46, recall:0.87, precision0.32, loss:0.74 
Apnea >> F1_score:0.49, recall:0.9, precision0.38, loss:0.57
[2023-11-21 23:00:16,729][train.py][line:195][INFO] ************************************

[2023-11-21 23:00:16,730][train.py][line:257][INFO] *************** test ***************
[2023-11-21 23:08:12,954][train.py][line:298][INFO] 
Test mode: Total loss:1.37 
Arousal >> F1_score:0.5, recall:0.81, precision0.37, loss:0.78 
Apnea >> F1_score:0.54, recall:0.86, precision0.44, loss:0.59
[2023-11-21 23:08:12,955][train.py][line:301][INFO] ************************************

[2023-11-21 23:08:13,054][train.py][line:116][INFO] ********* Train Epoch:6 ********
[2023-11-22 00:11:02,966][train.py][line:179][INFO] 
Train mode Epoch 6: Total loss:1.3 
Arousal >> F1_score:0.46, recall:0.87, precision0.32, loss:0.74 
Apnea >> F1_score:0.48, recall:0.9, precision0.38, loss:0.56
[2023-11-22 00:11:02,966][train.py][line:195][INFO] ************************************

[2023-11-22 00:11:02,967][train.py][line:257][INFO] *************** test ***************
[2023-11-22 00:19:02,279][train.py][line:298][INFO] 
Test mode: Total loss:1.4 
Arousal >> F1_score:0.51, recall:0.79, precision0.39, loss:0.79 
Apnea >> F1_score:0.56, recall:0.83, precision0.46, loss:0.61
[2023-11-22 00:19:02,279][train.py][line:301][INFO] ************************************

[2023-11-22 00:19:02,356][train.py][line:116][INFO] ********* Train Epoch:7 ********
[2023-11-22 01:21:51,783][train.py][line:179][INFO] 
Train mode Epoch 7: Total loss:1.29 
Arousal >> F1_score:0.46, recall:0.87, precision0.32, loss:0.73 
Apnea >> F1_score:0.49, recall:0.9, precision0.38, loss:0.56
[2023-11-22 01:21:51,784][train.py][line:195][INFO] ************************************

[2023-11-22 01:21:51,785][train.py][line:257][INFO] *************** test ***************
[2023-11-22 01:29:49,199][train.py][line:298][INFO] 
Test mode: Total loss:1.36 
Arousal >> F1_score:0.51, recall:0.79, precision0.39, loss:0.77 
Apnea >> F1_score:0.55, recall:0.85, precision0.44, loss:0.59
[2023-11-22 01:29:49,200][train.py][line:301][INFO] ************************************

[2023-11-22 01:29:49,395][train.py][line:116][INFO] ********* Train Epoch:8 ********
[2023-11-22 02:32:41,899][train.py][line:179][INFO] 
Train mode Epoch 8: Total loss:1.28 
Arousal >> F1_score:0.47, recall:0.87, precision0.32, loss:0.72 
Apnea >> F1_score:0.49, recall:0.91, precision0.38, loss:0.55
[2023-11-22 02:32:41,899][train.py][line:195][INFO] ************************************

[2023-11-22 02:32:41,900][train.py][line:257][INFO] *************** test ***************
[2023-11-22 02:40:37,889][train.py][line:298][INFO] 
Test mode: Total loss:1.39 
Arousal >> F1_score:0.53, recall:0.77, precision0.41, loss:0.79 
Apnea >> F1_score:0.55, recall:0.83, precision0.45, loss:0.6
[2023-11-22 02:40:37,890][train.py][line:301][INFO] ************************************

[2023-11-22 02:40:37,978][train.py][line:116][INFO] ********* Train Epoch:9 ********
[2023-11-22 03:44:14,147][train.py][line:179][INFO] 
Train mode Epoch 9: Total loss:1.26 
Arousal >> F1_score:0.47, recall:0.87, precision0.33, loss:0.71 
Apnea >> F1_score:0.48, recall:0.91, precision0.38, loss:0.55
[2023-11-22 03:44:14,147][train.py][line:195][INFO] ************************************

[2023-11-22 03:44:14,148][train.py][line:257][INFO] *************** test ***************
[2023-11-22 03:52:41,921][train.py][line:298][INFO] 
Test mode: Total loss:1.36 
Arousal >> F1_score:0.53, recall:0.78, precision0.4, loss:0.77 
Apnea >> F1_score:0.55, recall:0.83, precision0.46, loss:0.59
[2023-11-22 03:52:41,922][train.py][line:301][INFO] ************************************

[2023-11-22 03:52:42,019][train.py][line:116][INFO] ********* Train Epoch:10 ********
[2023-11-22 04:56:11,235][train.py][line:179][INFO] 
Train mode Epoch 10: Total loss:1.25 
Arousal >> F1_score:0.47, recall:0.88, precision0.33, loss:0.7 
Apnea >> F1_score:0.49, recall:0.91, precision0.38, loss:0.55
[2023-11-22 04:56:11,236][train.py][line:195][INFO] ************************************

[2023-11-22 04:56:11,236][train.py][line:257][INFO] *************** test ***************
[2023-11-22 05:04:07,072][train.py][line:298][INFO] 
Test mode: Total loss:1.36 
Arousal >> F1_score:0.54, recall:0.78, precision0.41, loss:0.76 
Apnea >> F1_score:0.56, recall:0.83, precision0.46, loss:0.6
[2023-11-22 05:04:07,073][train.py][line:301][INFO] ************************************

[2023-11-22 05:04:07,179][train.py][line:116][INFO] ********* Train Epoch:11 ********
[2023-11-22 06:07:14,650][train.py][line:179][INFO] 
Train mode Epoch 11: Total loss:1.24 
Arousal >> F1_score:0.48, recall:0.88, precision0.34, loss:0.69 
Apnea >> F1_score:0.49, recall:0.91, precision0.38, loss:0.54
[2023-11-22 06:07:14,651][train.py][line:195][INFO] ************************************

[2023-11-22 06:07:14,652][train.py][line:257][INFO] *************** test ***************
[2023-11-22 06:15:29,023][train.py][line:298][INFO] 
Test mode: Total loss:1.38 
Arousal >> F1_score:0.54, recall:0.77, precision0.43, loss:0.76 
Apnea >> F1_score:0.55, recall:0.83, precision0.46, loss:0.61
[2023-11-22 06:15:29,024][train.py][line:301][INFO] ************************************

[2023-11-22 06:15:29,101][train.py][line:116][INFO] ********* Train Epoch:12 ********
[2023-11-22 07:27:34,867][train.py][line:179][INFO] 
Train mode Epoch 12: Total loss:1.22 
Arousal >> F1_score:0.48, recall:0.88, precision0.34, loss:0.68 
Apnea >> F1_score:0.5, recall:0.91, precision0.39, loss:0.54
[2023-11-22 07:27:34,868][train.py][line:195][INFO] ************************************

[2023-11-22 07:27:34,869][train.py][line:257][INFO] *************** test ***************
[2023-11-22 07:37:45,887][train.py][line:298][INFO] 
Test mode: Total loss:1.36 
Arousal >> F1_score:0.55, recall:0.79, precision0.42, loss:0.74 
Apnea >> F1_score:0.55, recall:0.82, precision0.46, loss:0.61
[2023-11-22 07:37:45,887][train.py][line:301][INFO] ************************************

[2023-11-22 07:37:46,038][train.py][line:116][INFO] ********* Train Epoch:13 ********
[2023-11-22 08:40:33,561][train.py][line:179][INFO] 
Train mode Epoch 13: Total loss:1.21 
Arousal >> F1_score:0.49, recall:0.88, precision0.35, loss:0.67 
Apnea >> F1_score:0.49, recall:0.91, precision0.38, loss:0.54
[2023-11-22 08:40:33,562][train.py][line:195][INFO] ************************************

[2023-11-22 08:40:33,563][train.py][line:257][INFO] *************** test ***************
[2023-11-22 08:48:28,407][train.py][line:298][INFO] 
Test mode: Total loss:1.3 
Arousal >> F1_score:0.58, recall:0.8, precision0.46, loss:0.71 
Apnea >> F1_score:0.55, recall:0.84, precision0.45, loss:0.59
[2023-11-22 08:48:28,407][train.py][line:301][INFO] ************************************

[2023-11-22 08:48:28,552][train.py][line:116][INFO] ********* Train Epoch:14 ********
[2023-11-22 09:55:14,481][train.py][line:179][INFO] 
Train mode Epoch 14: Total loss:1.2 
Arousal >> F1_score:0.49, recall:0.88, precision0.35, loss:0.67 
Apnea >> F1_score:0.5, recall:0.91, precision0.39, loss:0.53
[2023-11-22 09:55:14,482][train.py][line:195][INFO] ************************************

[2023-11-22 09:55:14,483][train.py][line:257][INFO] *************** test ***************
[2023-11-22 10:05:36,622][train.py][line:298][INFO] 
Test mode: Total loss:1.29 
Arousal >> F1_score:0.58, recall:0.79, precision0.46, loss:0.71 
Apnea >> F1_score:0.54, recall:0.85, precision0.44, loss:0.58
[2023-11-22 10:05:36,623][train.py][line:301][INFO] ************************************

[2023-11-22 10:05:36,725][train.py][line:116][INFO] ********* Train Epoch:15 ********
[2023-11-22 11:14:00,279][train.py][line:179][INFO] 
Train mode Epoch 15: Total loss:1.16 
Arousal >> F1_score:0.52, recall:0.89, precision0.37, loss:0.63 
Apnea >> F1_score:0.5, recall:0.91, precision0.39, loss:0.53
[2023-11-22 11:14:00,280][train.py][line:195][INFO] ************************************

[2023-11-22 11:14:00,281][train.py][line:257][INFO] *************** test ***************
[2023-11-22 11:21:57,938][train.py][line:298][INFO] 
Test mode: Total loss:1.24 
Arousal >> F1_score:0.58, recall:0.82, precision0.46, loss:0.67 
Apnea >> F1_score:0.54, recall:0.86, precision0.44, loss:0.57
[2023-11-22 11:21:57,939][train.py][line:301][INFO] ************************************

[2023-11-22 11:21:58,045][train.py][line:116][INFO] ********* Train Epoch:16 ********
[2023-11-22 12:25:05,039][train.py][line:179][INFO] 
Train mode Epoch 16: Total loss:1.14 
Arousal >> F1_score:0.53, recall:0.89, precision0.38, loss:0.61 
Apnea >> F1_score:0.49, recall:0.91, precision0.38, loss:0.53
[2023-11-22 12:25:05,039][train.py][line:195][INFO] ************************************

[2023-11-22 12:25:05,040][train.py][line:257][INFO] *************** test ***************
[2023-11-22 12:33:02,743][train.py][line:298][INFO] 
Test mode: Total loss:1.22 
Arousal >> F1_score:0.59, recall:0.83, precision0.47, loss:0.64 
Apnea >> F1_score:0.55, recall:0.85, precision0.45, loss:0.58
[2023-11-22 12:33:02,744][train.py][line:301][INFO] ************************************

[2023-11-22 12:33:02,865][train.py][line:116][INFO] ********* Train Epoch:17 ********
[2023-11-22 13:36:24,802][train.py][line:179][INFO] 
Train mode Epoch 17: Total loss:1.13 
Arousal >> F1_score:0.53, recall:0.9, precision0.39, loss:0.6 
Apnea >> F1_score:0.5, recall:0.9, precision0.39, loss:0.53
[2023-11-22 13:36:24,803][train.py][line:195][INFO] ************************************

[2023-11-22 13:36:24,804][train.py][line:257][INFO] *************** test ***************
[2023-11-22 13:46:51,069][train.py][line:298][INFO] 
Test mode: Total loss:1.21 
Arousal >> F1_score:0.59, recall:0.83, precision0.47, loss:0.63 
Apnea >> F1_score:0.55, recall:0.85, precision0.45, loss:0.58
[2023-11-22 13:46:51,070][train.py][line:301][INFO] ************************************

[2023-11-22 13:46:51,164][train.py][line:116][INFO] ********* Train Epoch:18 ********
[2023-11-22 14:58:53,872][train.py][line:179][INFO] 
Train mode Epoch 18: Total loss:1.11 
Arousal >> F1_score:0.53, recall:0.9, precision0.39, loss:0.59 
Apnea >> F1_score:0.5, recall:0.91, precision0.39, loss:0.52
[2023-11-22 14:58:53,873][train.py][line:195][INFO] ************************************

[2023-11-22 14:58:53,874][train.py][line:257][INFO] *************** test ***************
[2023-11-22 15:06:52,084][train.py][line:298][INFO] 
Test mode: Total loss:1.22 
Arousal >> F1_score:0.6, recall:0.83, precision0.48, loss:0.64 
Apnea >> F1_score:0.55, recall:0.84, precision0.45, loss:0.58
[2023-11-22 15:06:52,084][train.py][line:301][INFO] ************************************

[2023-11-22 15:06:52,173][train.py][line:116][INFO] ********* Train Epoch:19 ********
[2023-11-22 16:09:57,802][train.py][line:179][INFO] 
Train mode Epoch 19: Total loss:1.11 
Arousal >> F1_score:0.54, recall:0.9, precision0.39, loss:0.58 
Apnea >> F1_score:0.5, recall:0.91, precision0.39, loss:0.52
[2023-11-22 16:09:57,803][train.py][line:195][INFO] ************************************

[2023-11-22 16:09:57,804][train.py][line:257][INFO] *************** test ***************
[2023-11-22 16:17:59,204][train.py][line:298][INFO] 
Test mode: Total loss:1.22 
Arousal >> F1_score:0.61, recall:0.82, precision0.49, loss:0.64 
Apnea >> F1_score:0.55, recall:0.85, precision0.45, loss:0.58
[2023-11-22 16:17:59,205][train.py][line:301][INFO] ************************************

[2023-11-22 16:17:59,301][train.py][line:116][INFO] ********* Train Epoch:20 ********
[2023-11-22 17:20:49,152][train.py][line:179][INFO] 
Train mode Epoch 20: Total loss:1.1 
Arousal >> F1_score:0.54, recall:0.9, precision0.39, loss:0.58 
Apnea >> F1_score:0.5, recall:0.91, precision0.39, loss:0.52
[2023-11-22 17:20:49,153][train.py][line:195][INFO] ************************************

[2023-11-22 17:20:49,172][train.py][line:257][INFO] *************** test ***************
[2023-11-22 17:28:47,916][train.py][line:298][INFO] 
Test mode: Total loss:1.22 
Arousal >> F1_score:0.61, recall:0.83, precision0.49, loss:0.64 
Apnea >> F1_score:0.55, recall:0.85, precision0.45, loss:0.58
[2023-11-22 17:28:47,917][train.py][line:301][INFO] ************************************

[2023-11-22 17:28:48,023][train.py][line:116][INFO] ********* Train Epoch:21 ********
[2023-11-22 18:32:10,035][train.py][line:179][INFO] 
Train mode Epoch 21: Total loss:1.1 
Arousal >> F1_score:0.54, recall:0.9, precision0.39, loss:0.57 
Apnea >> F1_score:0.51, recall:0.91, precision0.39, loss:0.52
[2023-11-22 18:32:10,036][train.py][line:195][INFO] ************************************

[2023-11-22 18:32:10,036][train.py][line:257][INFO] *************** test ***************
[2023-11-22 18:40:06,676][train.py][line:298][INFO] 
Test mode: Total loss:1.26 
Arousal >> F1_score:0.61, recall:0.82, precision0.49, loss:0.65 
Apnea >> F1_score:0.55, recall:0.83, precision0.46, loss:0.6
[2023-11-22 18:40:06,678][train.py][line:301][INFO] ************************************

[2023-11-22 18:40:06,762][train.py][line:116][INFO] ********* Train Epoch:22 ********
[2023-11-22 19:43:18,926][train.py][line:179][INFO] 
Train mode Epoch 22: Total loss:1.09 
Arousal >> F1_score:0.54, recall:0.9, precision0.39, loss:0.57 
Apnea >> F1_score:0.51, recall:0.91, precision0.39, loss:0.51
[2023-11-22 19:43:18,927][train.py][line:195][INFO] ************************************

[2023-11-22 19:43:18,928][train.py][line:257][INFO] *************** test ***************
[2023-11-22 19:51:20,262][train.py][line:298][INFO] 
Test mode: Total loss:1.23 
Arousal >> F1_score:0.61, recall:0.82, precision0.49, loss:0.65 
Apnea >> F1_score:0.55, recall:0.85, precision0.45, loss:0.58
[2023-11-22 19:51:20,262][train.py][line:301][INFO] ************************************

[2023-11-22 19:51:20,347][train.py][line:116][INFO] ********* Train Epoch:23 ********
[2023-11-22 20:54:36,098][train.py][line:179][INFO] 
Train mode Epoch 23: Total loss:1.08 
Arousal >> F1_score:0.54, recall:0.9, precision0.39, loss:0.57 
Apnea >> F1_score:0.5, recall:0.92, precision0.39, loss:0.51
[2023-11-22 20:54:36,099][train.py][line:195][INFO] ************************************

[2023-11-22 20:54:36,100][train.py][line:257][INFO] *************** test ***************
[2023-11-22 21:02:32,705][train.py][line:298][INFO] 
Test mode: Total loss:1.23 
Arousal >> F1_score:0.61, recall:0.83, precision0.49, loss:0.64 
Apnea >> F1_score:0.56, recall:0.84, precision0.46, loss:0.59
[2023-11-22 21:02:32,706][train.py][line:301][INFO] ************************************

[2023-11-22 21:02:32,833][train.py][line:116][INFO] ********* Train Epoch:24 ********
[2023-11-22 22:05:54,121][train.py][line:179][INFO] 
Train mode Epoch 24: Total loss:1.08 
Arousal >> F1_score:0.54, recall:0.91, precision0.39, loss:0.57 
Apnea >> F1_score:0.51, recall:0.92, precision0.4, loss:0.51
[2023-11-22 22:05:54,122][train.py][line:195][INFO] ************************************

[2023-11-22 22:05:54,122][train.py][line:257][INFO] *************** test ***************
[2023-11-22 22:13:55,423][train.py][line:298][INFO] 
Test mode: Total loss:1.22 
Arousal >> F1_score:0.61, recall:0.83, precision0.49, loss:0.65 
Apnea >> F1_score:0.55, recall:0.85, precision0.45, loss:0.58
[2023-11-22 22:13:55,424][train.py][line:301][INFO] ************************************

[2023-11-22 22:13:55,493][train.py][line:116][INFO] ********* Train Epoch:25 ********
[2023-11-22 23:16:57,708][train.py][line:179][INFO] 
Train mode Epoch 25: Total loss:1.07 
Arousal >> F1_score:0.54, recall:0.91, precision0.39, loss:0.57 
Apnea >> F1_score:0.51, recall:0.92, precision0.4, loss:0.51
[2023-11-22 23:16:57,709][train.py][line:195][INFO] ************************************

[2023-11-22 23:16:57,710][train.py][line:257][INFO] *************** test ***************
[2023-11-22 23:24:55,893][train.py][line:298][INFO] 
Test mode: Total loss:1.21 
Arousal >> F1_score:0.61, recall:0.83, precision0.49, loss:0.64 
Apnea >> F1_score:0.55, recall:0.87, precision0.44, loss:0.57
[2023-11-22 23:24:55,893][train.py][line:301][INFO] ************************************

[2023-11-22 23:24:56,071][train.py][line:116][INFO] ********* Train Epoch:26 ********
[2023-11-23 00:28:06,728][train.py][line:179][INFO] 
Train mode Epoch 26: Total loss:1.08 
Arousal >> F1_score:0.54, recall:0.91, precision0.39, loss:0.56 
Apnea >> F1_score:0.5, recall:0.92, precision0.39, loss:0.51
[2023-11-23 00:28:06,728][train.py][line:195][INFO] ************************************

[2023-11-23 00:28:06,729][train.py][line:257][INFO] *************** test ***************
[2023-11-23 00:36:04,959][train.py][line:298][INFO] 
Test mode: Total loss:1.21 
Arousal >> F1_score:0.61, recall:0.83, precision0.49, loss:0.63 
Apnea >> F1_score:0.56, recall:0.85, precision0.46, loss:0.57
[2023-11-23 00:36:04,959][train.py][line:301][INFO] ************************************

[2023-11-23 00:36:05,058][train.py][line:116][INFO] ********* Train Epoch:27 ********
[2023-11-23 01:39:03,930][train.py][line:179][INFO] 
Train mode Epoch 27: Total loss:1.07 
Arousal >> F1_score:0.54, recall:0.91, precision0.4, loss:0.56 
Apnea >> F1_score:0.51, recall:0.92, precision0.4, loss:0.51
[2023-11-23 01:39:03,930][train.py][line:195][INFO] ************************************

[2023-11-23 01:39:03,931][train.py][line:257][INFO] *************** test ***************
[2023-11-23 01:47:05,267][train.py][line:298][INFO] 
Test mode: Total loss:1.23 
Arousal >> F1_score:0.62, recall:0.82, precision0.5, loss:0.64 
Apnea >> F1_score:0.56, recall:0.84, precision0.46, loss:0.59
[2023-11-23 01:47:05,268][train.py][line:301][INFO] ************************************

[2023-11-23 01:47:05,335][train.py][line:116][INFO] ********* Train Epoch:28 ********
[2023-11-23 02:50:08,286][train.py][line:179][INFO] 
Train mode Epoch 28: Total loss:1.06 
Arousal >> F1_score:0.55, recall:0.91, precision0.4, loss:0.56 
Apnea >> F1_score:0.51, recall:0.92, precision0.39, loss:0.5
[2023-11-23 02:50:08,287][train.py][line:195][INFO] ************************************

[2023-11-23 02:50:08,288][train.py][line:257][INFO] *************** test ***************
[2023-11-23 02:58:05,398][train.py][line:298][INFO] 
Test mode: Total loss:1.21 
Arousal >> F1_score:0.62, recall:0.82, precision0.5, loss:0.64 
Apnea >> F1_score:0.55, recall:0.85, precision0.45, loss:0.57
[2023-11-23 02:58:05,399][train.py][line:301][INFO] ************************************

[2023-11-23 02:58:05,468][train.py][line:116][INFO] ********* Train Epoch:29 ********
[2023-11-23 04:07:01,589][train.py][line:179][INFO] 
Train mode Epoch 29: Total loss:1.05 
Arousal >> F1_score:0.55, recall:0.91, precision0.4, loss:0.56 
Apnea >> F1_score:0.51, recall:0.92, precision0.4, loss:0.5
[2023-11-23 04:07:01,589][train.py][line:195][INFO] ************************************

[2023-11-23 04:07:01,590][train.py][line:257][INFO] *************** test ***************
[2023-11-23 04:17:29,661][train.py][line:298][INFO] 
Test mode: Total loss:1.19 
Arousal >> F1_score:0.6, recall:0.84, precision0.48, loss:0.62 
Apnea >> F1_score:0.55, recall:0.86, precision0.45, loss:0.57
[2023-11-23 04:17:29,662][train.py][line:301][INFO] ************************************

[2023-11-23 04:17:29,822][train.py][line:116][INFO] ********* Train Epoch:30 ********
[2023-11-23 05:24:35,230][train.py][line:179][INFO] 
Train mode Epoch 30: Total loss:1.05 
Arousal >> F1_score:0.55, recall:0.91, precision0.4, loss:0.56 
Apnea >> F1_score:0.51, recall:0.92, precision0.4, loss:0.49
[2023-11-23 05:24:35,231][train.py][line:195][INFO] ************************************

[2023-11-23 05:24:35,232][train.py][line:257][INFO] *************** test ***************
[2023-11-23 05:32:37,271][train.py][line:298][INFO] 
Test mode: Total loss:1.21 
Arousal >> F1_score:0.61, recall:0.83, precision0.49, loss:0.63 
Apnea >> F1_score:0.56, recall:0.85, precision0.46, loss:0.58
[2023-11-23 05:32:37,271][train.py][line:301][INFO] ************************************

[2023-11-23 05:32:37,355][train.py][line:116][INFO] ********* Train Epoch:31 ********
[2023-11-23 06:36:00,944][train.py][line:179][INFO] 
Train mode Epoch 31: Total loss:1.05 
Arousal >> F1_score:0.55, recall:0.91, precision0.4, loss:0.56 
Apnea >> F1_score:0.51, recall:0.92, precision0.4, loss:0.49
[2023-11-23 06:36:00,944][train.py][line:195][INFO] ************************************

[2023-11-23 06:36:00,945][train.py][line:257][INFO] *************** test ***************
[2023-11-23 06:43:58,381][train.py][line:298][INFO] 
Test mode: Total loss:1.2 
Arousal >> F1_score:0.61, recall:0.83, precision0.49, loss:0.62 
Apnea >> F1_score:0.55, recall:0.85, precision0.45, loss:0.58
[2023-11-23 06:43:58,382][train.py][line:301][INFO] ************************************

[2023-11-23 06:43:58,457][train.py][line:116][INFO] ********* Train Epoch:32 ********
[2023-11-23 07:47:14,922][train.py][line:179][INFO] 
Train mode Epoch 32: Total loss:1.04 
Arousal >> F1_score:0.55, recall:0.91, precision0.4, loss:0.55 
Apnea >> F1_score:0.51, recall:0.92, precision0.4, loss:0.49
[2023-11-23 07:47:14,923][train.py][line:195][INFO] ************************************

[2023-11-23 07:47:14,923][train.py][line:257][INFO] *************** test ***************
[2023-11-23 07:55:16,279][train.py][line:298][INFO] 
Test mode: Total loss:1.19 
Arousal >> F1_score:0.61, recall:0.84, precision0.49, loss:0.62 
Apnea >> F1_score:0.55, recall:0.86, precision0.44, loss:0.57
[2023-11-23 07:55:16,280][train.py][line:301][INFO] ************************************

[2023-11-23 07:55:16,456][train.py][line:116][INFO] ********* Train Epoch:33 ********
[2023-11-23 08:58:28,473][train.py][line:179][INFO] 
Train mode Epoch 33: Total loss:1.04 
Arousal >> F1_score:0.55, recall:0.91, precision0.4, loss:0.55 
Apnea >> F1_score:0.51, recall:0.93, precision0.4, loss:0.49
[2023-11-23 08:58:28,474][train.py][line:195][INFO] ************************************

[2023-11-23 08:58:28,475][train.py][line:257][INFO] *************** test ***************
[2023-11-23 09:06:26,802][train.py][line:298][INFO] 
Test mode: Total loss:1.19 
Arousal >> F1_score:0.61, recall:0.84, precision0.49, loss:0.62 
Apnea >> F1_score:0.56, recall:0.85, precision0.46, loss:0.57
[2023-11-23 09:06:26,803][train.py][line:301][INFO] ************************************

[2023-11-23 09:06:26,872][train.py][line:116][INFO] ********* Train Epoch:34 ********
[2023-11-23 10:15:34,841][train.py][line:179][INFO] 
Train mode Epoch 34: Total loss:1.03 
Arousal >> F1_score:0.55, recall:0.91, precision0.4, loss:0.55 
Apnea >> F1_score:0.52, recall:0.92, precision0.4, loss:0.48
[2023-11-23 10:15:34,842][train.py][line:195][INFO] ************************************

[2023-11-23 10:15:34,842][train.py][line:257][INFO] *************** test ***************
[2023-11-23 10:26:00,826][train.py][line:298][INFO] 
Test mode: Total loss:1.2 
Arousal >> F1_score:0.62, recall:0.83, precision0.5, loss:0.62 
Apnea >> F1_score:0.56, recall:0.85, precision0.46, loss:0.57
[2023-11-23 10:26:00,827][train.py][line:301][INFO] ************************************

[2023-11-23 10:26:00,896][train.py][line:116][INFO] ********* Train Epoch:35 ********
[2023-11-23 11:32:33,006][train.py][line:179][INFO] 
Train mode Epoch 35: Total loss:1.03 
Arousal >> F1_score:0.55, recall:0.91, precision0.4, loss:0.55 
Apnea >> F1_score:0.52, recall:0.92, precision0.4, loss:0.48
[2023-11-23 11:32:33,007][train.py][line:195][INFO] ************************************

[2023-11-23 11:32:33,008][train.py][line:257][INFO] *************** test ***************
[2023-11-23 11:40:34,266][train.py][line:298][INFO] 
Test mode: Total loss:1.18 
Arousal >> F1_score:0.61, recall:0.84, precision0.49, loss:0.61 
Apnea >> F1_score:0.55, recall:0.86, precision0.45, loss:0.56
[2023-11-23 11:40:34,266][train.py][line:301][INFO] ************************************

[2023-11-23 11:40:34,514][train.py][line:116][INFO] ********* Train Epoch:36 ********
[2023-11-23 12:44:08,803][train.py][line:179][INFO] 
Train mode Epoch 36: Total loss:1.03 
Arousal >> F1_score:0.55, recall:0.91, precision0.4, loss:0.55 
Apnea >> F1_score:0.52, recall:0.92, precision0.4, loss:0.48
[2023-11-23 12:44:08,804][train.py][line:195][INFO] ************************************

[2023-11-23 12:44:08,804][train.py][line:257][INFO] *************** test ***************
[2023-11-23 12:52:18,062][train.py][line:298][INFO] 
Test mode: Total loss:1.2 
Arousal >> F1_score:0.62, recall:0.83, precision0.5, loss:0.63 
Apnea >> F1_score:0.56, recall:0.85, precision0.46, loss:0.56
[2023-11-23 12:52:18,063][train.py][line:301][INFO] ************************************

[2023-11-23 12:52:18,152][train.py][line:116][INFO] ********* Train Epoch:37 ********
[2023-11-23 13:59:36,531][train.py][line:179][INFO] 
Train mode Epoch 37: Total loss:1.04 
Arousal >> F1_score:0.55, recall:0.91, precision0.4, loss:0.55 
Apnea >> F1_score:0.51, recall:0.92, precision0.4, loss:0.49
[2023-11-23 13:59:36,531][train.py][line:195][INFO] ************************************

[2023-11-23 13:59:36,532][train.py][line:257][INFO] *************** test ***************
[2023-11-23 14:10:11,683][train.py][line:298][INFO] 
Test mode: Total loss:1.17 
Arousal >> F1_score:0.61, recall:0.84, precision0.48, loss:0.61 
Apnea >> F1_score:0.55, recall:0.86, precision0.45, loss:0.56
[2023-11-23 14:10:11,683][train.py][line:301][INFO] ************************************

[2023-11-23 14:10:11,790][train.py][line:116][INFO] ********* Train Epoch:38 ********
[2023-11-23 15:31:10,407][train.py][line:179][INFO] 
Train mode Epoch 38: Total loss:1.03 
Arousal >> F1_score:0.55, recall:0.91, precision0.4, loss:0.55 
Apnea >> F1_score:0.52, recall:0.92, precision0.4, loss:0.48
[2023-11-23 15:31:10,408][train.py][line:195][INFO] ************************************

[2023-11-23 15:31:10,410][train.py][line:257][INFO] *************** test ***************
[2023-11-23 15:41:52,609][train.py][line:298][INFO] 
Test mode: Total loss:1.18 
Arousal >> F1_score:0.6, recall:0.85, precision0.47, loss:0.61 
Apnea >> F1_score:0.56, recall:0.85, precision0.46, loss:0.56
[2023-11-23 15:41:52,610][train.py][line:301][INFO] ************************************

[2023-11-23 15:41:52,683][train.py][line:116][INFO] ********* Train Epoch:39 ********
[2023-11-23 16:46:26,843][train.py][line:179][INFO] 
Train mode Epoch 39: Total loss:1.03 
Arousal >> F1_score:0.55, recall:0.91, precision0.4, loss:0.55 
Apnea >> F1_score:0.52, recall:0.93, precision0.4, loss:0.48
[2023-11-23 16:46:26,844][train.py][line:195][INFO] ************************************

[2023-11-23 16:46:26,845][train.py][line:257][INFO] *************** test ***************
[2023-11-23 16:54:25,125][train.py][line:298][INFO] 
Test mode: Total loss:1.19 
Arousal >> F1_score:0.61, recall:0.84, precision0.49, loss:0.61 
Apnea >> F1_score:0.56, recall:0.85, precision0.45, loss:0.57
[2023-11-23 16:54:25,125][train.py][line:301][INFO] ************************************

[2023-11-23 16:54:25,195][train.py][line:116][INFO] ********* Train Epoch:40 ********
[2023-11-23 17:57:59,798][train.py][line:179][INFO] 
Train mode Epoch 40: Total loss:1.02 
Arousal >> F1_score:0.55, recall:0.91, precision0.4, loss:0.54 
Apnea >> F1_score:0.52, recall:0.93, precision0.41, loss:0.47
[2023-11-23 17:57:59,799][train.py][line:195][INFO] ************************************

[2023-11-23 17:57:59,800][train.py][line:257][INFO] *************** test ***************
[2023-11-23 18:05:59,377][train.py][line:298][INFO] 
Test mode: Total loss:1.18 
Arousal >> F1_score:0.61, recall:0.85, precision0.48, loss:0.61 
Apnea >> F1_score:0.56, recall:0.85, precision0.46, loss:0.57
[2023-11-23 18:05:59,378][train.py][line:301][INFO] ************************************

[2023-11-23 18:05:59,448][train.py][line:116][INFO] ********* Train Epoch:41 ********
[2023-11-23 19:09:21,098][train.py][line:179][INFO] 
Train mode Epoch 41: Total loss:1.01 
Arousal >> F1_score:0.55, recall:0.91, precision0.4, loss:0.54 
Apnea >> F1_score:0.52, recall:0.93, precision0.41, loss:0.47
[2023-11-23 19:09:21,112][train.py][line:195][INFO] ************************************

[2023-11-23 19:09:21,112][train.py][line:257][INFO] *************** test ***************
[2023-11-23 19:17:25,650][train.py][line:298][INFO] 
Test mode: Total loss:1.19 
Arousal >> F1_score:0.61, recall:0.84, precision0.49, loss:0.62 
Apnea >> F1_score:0.56, recall:0.85, precision0.46, loss:0.57
[2023-11-23 19:17:25,651][train.py][line:301][INFO] ************************************

[2023-11-23 19:17:25,726][train.py][line:116][INFO] ********* Train Epoch:42 ********
[2023-11-23 20:20:42,127][train.py][line:179][INFO] 
Train mode Epoch 42: Total loss:1.01 
Arousal >> F1_score:0.55, recall:0.91, precision0.4, loss:0.54 
Apnea >> F1_score:0.52, recall:0.93, precision0.41, loss:0.47
[2023-11-23 20:20:42,128][train.py][line:195][INFO] ************************************

[2023-11-23 20:20:42,129][train.py][line:257][INFO] *************** test ***************
[2023-11-23 20:28:41,098][train.py][line:298][INFO] 
Test mode: Total loss:1.21 
Arousal >> F1_score:0.61, recall:0.84, precision0.48, loss:0.62 
Apnea >> F1_score:0.56, recall:0.83, precision0.47, loss:0.59
[2023-11-23 20:28:41,098][train.py][line:301][INFO] ************************************

[2023-11-23 20:28:41,198][train.py][line:116][INFO] ********* Train Epoch:43 ********
[2023-11-23 21:32:00,296][train.py][line:179][INFO] 
Train mode Epoch 43: Total loss:1.01 
Arousal >> F1_score:0.55, recall:0.91, precision0.4, loss:0.54 
Apnea >> F1_score:0.52, recall:0.93, precision0.41, loss:0.47
[2023-11-23 21:32:00,297][train.py][line:195][INFO] ************************************

[2023-11-23 21:32:00,297][train.py][line:257][INFO] *************** test ***************
[2023-11-23 21:40:03,132][train.py][line:298][INFO] 
Test mode: Total loss:1.16 
Arousal >> F1_score:0.6, recall:0.86, precision0.47, loss:0.59 
Apnea >> F1_score:0.56, recall:0.85, precision0.45, loss:0.57
[2023-11-23 21:40:03,133][train.py][line:301][INFO] ************************************

[2023-11-23 21:40:03,230][train.py][line:116][INFO] ********* Train Epoch:44 ********
[2023-11-23 22:43:30,483][train.py][line:179][INFO] 
Train mode Epoch 44: Total loss:1.01 
Arousal >> F1_score:0.55, recall:0.91, precision0.4, loss:0.54 
Apnea >> F1_score:0.53, recall:0.93, precision0.41, loss:0.47
[2023-11-23 22:43:30,484][train.py][line:195][INFO] ************************************

[2023-11-23 22:43:30,485][train.py][line:257][INFO] *************** test ***************
[2023-11-23 22:51:29,393][train.py][line:298][INFO] 
Test mode: Total loss:1.19 
Arousal >> F1_score:0.61, recall:0.85, precision0.48, loss:0.61 
Apnea >> F1_score:0.56, recall:0.84, precision0.46, loss:0.58
[2023-11-23 22:51:29,393][train.py][line:301][INFO] ************************************

[2023-11-23 22:51:29,464][train.py][line:116][INFO] ********* Train Epoch:45 ********
[2023-11-23 23:54:52,955][train.py][line:179][INFO] 
Train mode Epoch 45: Total loss:1.0 
Arousal >> F1_score:0.55, recall:0.91, precision0.4, loss:0.54 
Apnea >> F1_score:0.52, recall:0.93, precision0.41, loss:0.47
[2023-11-23 23:54:52,956][train.py][line:195][INFO] ************************************

[2023-11-23 23:54:52,957][train.py][line:257][INFO] *************** test ***************
[2023-11-24 00:02:55,443][train.py][line:298][INFO] 
Test mode: Total loss:1.19 
Arousal >> F1_score:0.61, recall:0.84, precision0.48, loss:0.62 
Apnea >> F1_score:0.57, recall:0.84, precision0.47, loss:0.57
[2023-11-24 00:02:55,443][train.py][line:301][INFO] ************************************

[2023-11-24 00:02:55,513][train.py][line:116][INFO] ********* Train Epoch:46 ********
[2023-11-24 01:06:12,008][train.py][line:179][INFO] 
Train mode Epoch 46: Total loss:1.0 
Arousal >> F1_score:0.55, recall:0.91, precision0.4, loss:0.54 
Apnea >> F1_score:0.53, recall:0.93, precision0.41, loss:0.46
[2023-11-24 01:06:12,009][train.py][line:195][INFO] ************************************

[2023-11-24 01:06:12,010][train.py][line:257][INFO] *************** test ***************
[2023-11-24 01:14:10,195][train.py][line:298][INFO] 
Test mode: Total loss:1.2 
Arousal >> F1_score:0.61, recall:0.84, precision0.49, loss:0.62 
Apnea >> F1_score:0.56, recall:0.84, precision0.46, loss:0.58
[2023-11-24 01:14:10,196][train.py][line:301][INFO] ************************************

[2023-11-24 01:14:10,315][train.py][line:116][INFO] ********* Train Epoch:47 ********
[2023-11-24 02:25:59,376][train.py][line:179][INFO] 
Train mode Epoch 47: Total loss:1.0 
Arousal >> F1_score:0.55, recall:0.91, precision0.4, loss:0.54 
Apnea >> F1_score:0.53, recall:0.93, precision0.41, loss:0.46
[2023-11-24 02:25:59,377][train.py][line:195][INFO] ************************************

[2023-11-24 02:25:59,378][train.py][line:257][INFO] *************** test ***************
[2023-11-24 02:36:18,008][train.py][line:298][INFO] 
Test mode: Total loss:1.19 
Arousal >> F1_score:0.61, recall:0.84, precision0.49, loss:0.61 
Apnea >> F1_score:0.56, recall:0.84, precision0.46, loss:0.57
[2023-11-24 02:36:18,009][train.py][line:301][INFO] ************************************

[2023-11-24 02:36:18,079][train.py][line:116][INFO] ********* Train Epoch:48 ********
[2023-11-24 03:40:29,111][train.py][line:179][INFO] 
Train mode Epoch 48: Total loss:1.0 
Arousal >> F1_score:0.55, recall:0.91, precision0.4, loss:0.54 
Apnea >> F1_score:0.53, recall:0.93, precision0.41, loss:0.46
[2023-11-24 03:40:29,111][train.py][line:195][INFO] ************************************

[2023-11-24 03:40:29,112][train.py][line:257][INFO] *************** test ***************
[2023-11-24 03:48:32,600][train.py][line:298][INFO] 
Test mode: Total loss:1.17 
Arousal >> F1_score:0.61, recall:0.85, precision0.48, loss:0.61 
Apnea >> F1_score:0.56, recall:0.85, precision0.46, loss:0.56
[2023-11-24 03:48:32,601][train.py][line:301][INFO] ************************************

[2023-11-24 03:48:32,669][train.py][line:116][INFO] ********* Train Epoch:49 ********
[2023-11-24 04:52:28,000][train.py][line:179][INFO] 
Train mode Epoch 49: Total loss:0.99 
Arousal >> F1_score:0.55, recall:0.91, precision0.4, loss:0.54 
Apnea >> F1_score:0.53, recall:0.93, precision0.41, loss:0.46
[2023-11-24 04:52:28,000][train.py][line:195][INFO] ************************************

[2023-11-24 04:52:28,001][train.py][line:257][INFO] *************** test ***************
[2023-11-24 05:00:42,903][train.py][line:298][INFO] 
Test mode: Total loss:1.18 
Arousal >> F1_score:0.61, recall:0.85, precision0.48, loss:0.6 
Apnea >> F1_score:0.57, recall:0.84, precision0.47, loss:0.57
[2023-11-24 05:00:42,903][train.py][line:301][INFO] ************************************

[2023-11-24 05:00:43,076][train.py][line:116][INFO] ********* Train Epoch:50 ********
[2023-11-24 06:04:42,161][train.py][line:179][INFO] 
Train mode Epoch 50: Total loss:0.99 
Arousal >> F1_score:0.55, recall:0.91, precision0.41, loss:0.53 
Apnea >> F1_score:0.53, recall:0.93, precision0.41, loss:0.46
[2023-11-24 06:04:42,162][train.py][line:195][INFO] ************************************

[2023-11-24 06:04:42,162][train.py][line:257][INFO] *************** test ***************
[2023-11-24 06:12:45,934][train.py][line:298][INFO] 
Test mode: Total loss:1.21 
Arousal >> F1_score:0.61, recall:0.84, precision0.49, loss:0.62 
Apnea >> F1_score:0.57, recall:0.84, precision0.47, loss:0.59
[2023-11-24 06:12:45,935][train.py][line:301][INFO] ************************************

[2023-11-24 06:12:46,004][train.py][line:116][INFO] ********* Train Epoch:51 ********
[2023-11-24 07:16:07,558][train.py][line:179][INFO] 
Train mode Epoch 51: Total loss:0.99 
Arousal >> F1_score:0.55, recall:0.91, precision0.4, loss:0.53 
Apnea >> F1_score:0.53, recall:0.93, precision0.41, loss:0.46
[2023-11-24 07:16:07,560][train.py][line:195][INFO] ************************************

[2023-11-24 07:16:07,560][train.py][line:257][INFO] *************** test ***************
[2023-11-24 07:24:06,529][train.py][line:298][INFO] 
Test mode: Total loss:1.21 
Arousal >> F1_score:0.61, recall:0.84, precision0.48, loss:0.62 
Apnea >> F1_score:0.57, recall:0.83, precision0.48, loss:0.59
[2023-11-24 07:24:06,530][train.py][line:301][INFO] ************************************

[2023-11-24 07:24:06,614][train.py][line:116][INFO] ********* Train Epoch:52 ********
[2023-11-24 08:27:41,220][train.py][line:179][INFO] 
Train mode Epoch 52: Total loss:0.99 
Arousal >> F1_score:0.56, recall:0.91, precision0.41, loss:0.53 
Apnea >> F1_score:0.53, recall:0.93, precision0.42, loss:0.45
[2023-11-24 08:27:41,221][train.py][line:195][INFO] ************************************

[2023-11-24 08:27:41,222][train.py][line:257][INFO] *************** test ***************
[2023-11-24 08:35:39,327][train.py][line:298][INFO] 
Test mode: Total loss:1.2 
Arousal >> F1_score:0.62, recall:0.84, precision0.49, loss:0.61 
Apnea >> F1_score:0.57, recall:0.83, precision0.47, loss:0.59
[2023-11-24 08:35:39,328][train.py][line:301][INFO] ************************************

[2023-11-24 08:35:39,458][train.py][line:116][INFO] ********* Train Epoch:53 ********
[2023-11-24 09:41:13,242][train.py][line:179][INFO] 
Train mode Epoch 53: Total loss:0.99 
Arousal >> F1_score:0.55, recall:0.91, precision0.4, loss:0.53 
Apnea >> F1_score:0.53, recall:0.93, precision0.41, loss:0.45
[2023-11-24 09:41:13,243][train.py][line:195][INFO] ************************************

[2023-11-24 09:41:13,244][train.py][line:257][INFO] *************** test ***************
[2023-11-24 09:51:38,847][train.py][line:298][INFO] 
Test mode: Total loss:1.18 
Arousal >> F1_score:0.61, recall:0.85, precision0.48, loss:0.6 
Apnea >> F1_score:0.57, recall:0.84, precision0.47, loss:0.59
[2023-11-24 09:51:38,848][train.py][line:301][INFO] ************************************

[2023-11-24 09:51:38,936][train.py][line:116][INFO] ********* Train Epoch:54 ********
[2023-11-24 11:01:55,914][train.py][line:179][INFO] 
Train mode Epoch 54: Total loss:0.98 
Arousal >> F1_score:0.56, recall:0.91, precision0.41, loss:0.53 
Apnea >> F1_score:0.53, recall:0.93, precision0.42, loss:0.45
[2023-11-24 11:01:55,915][train.py][line:195][INFO] ************************************

[2023-11-24 11:01:55,916][train.py][line:257][INFO] *************** test ***************
[2023-11-24 11:09:56,916][train.py][line:298][INFO] 
Test mode: Total loss:1.21 
Arousal >> F1_score:0.61, recall:0.84, precision0.48, loss:0.62 
Apnea >> F1_score:0.57, recall:0.84, precision0.47, loss:0.59
[2023-11-24 11:09:56,917][train.py][line:301][INFO] ************************************

[2023-11-24 11:09:57,050][train.py][line:116][INFO] ********* Train Epoch:55 ********
[2023-11-24 12:13:16,896][train.py][line:179][INFO] 
Train mode Epoch 55: Total loss:0.99 
Arousal >> F1_score:0.55, recall:0.91, precision0.4, loss:0.53 
Apnea >> F1_score:0.53, recall:0.93, precision0.42, loss:0.45
[2023-11-24 12:13:16,896][train.py][line:195][INFO] ************************************

[2023-11-24 12:13:16,897][train.py][line:257][INFO] *************** test ***************
[2023-11-24 12:21:14,482][train.py][line:298][INFO] 
Test mode: Total loss:1.21 
Arousal >> F1_score:0.6, recall:0.85, precision0.47, loss:0.6 
Apnea >> F1_score:0.57, recall:0.82, precision0.48, loss:0.61
[2023-11-24 12:21:14,482][train.py][line:301][INFO] ************************************

[2023-11-24 12:21:14,585][train.py][line:116][INFO] ********* Train Epoch:56 ********
[2023-11-24 13:24:16,103][train.py][line:179][INFO] 
Train mode Epoch 56: Total loss:0.99 
Arousal >> F1_score:0.55, recall:0.91, precision0.4, loss:0.53 
Apnea >> F1_score:0.53, recall:0.93, precision0.42, loss:0.45
[2023-11-24 13:24:16,104][train.py][line:195][INFO] ************************************

[2023-11-24 13:24:16,104][train.py][line:257][INFO] *************** test ***************
[2023-11-24 13:32:18,697][train.py][line:298][INFO] 
Test mode: Total loss:1.17 
Arousal >> F1_score:0.61, recall:0.86, precision0.47, loss:0.59 
Apnea >> F1_score:0.56, recall:0.85, precision0.46, loss:0.58
[2023-11-24 13:32:18,697][train.py][line:301][INFO] ************************************

[2023-11-24 13:32:18,767][train.py][line:116][INFO] ********* Train Epoch:57 ********
[2023-11-24 14:44:42,895][train.py][line:179][INFO] 
Train mode Epoch 57: Total loss:0.98 
Arousal >> F1_score:0.56, recall:0.91, precision0.41, loss:0.53 
Apnea >> F1_score:0.53, recall:0.93, precision0.42, loss:0.45
[2023-11-24 14:44:42,896][train.py][line:195][INFO] ************************************

[2023-11-24 14:44:42,897][train.py][line:257][INFO] *************** test ***************
[2023-11-24 14:55:01,270][train.py][line:298][INFO] 
Test mode: Total loss:1.18 
Arousal >> F1_score:0.61, recall:0.86, precision0.48, loss:0.59 
Apnea >> F1_score:0.57, recall:0.84, precision0.47, loss:0.59
[2023-11-24 14:55:01,271][train.py][line:301][INFO] ************************************

[2023-11-24 14:55:01,380][train.py][line:116][INFO] ********* Train Epoch:58 ********
[2023-11-24 15:58:31,634][train.py][line:179][INFO] 
Train mode Epoch 58: Total loss:0.98 
Arousal >> F1_score:0.56, recall:0.91, precision0.41, loss:0.53 
Apnea >> F1_score:0.54, recall:0.93, precision0.42, loss:0.45
[2023-11-24 15:58:31,635][train.py][line:195][INFO] ************************************

[2023-11-24 15:58:31,635][train.py][line:257][INFO] *************** test ***************
[2023-11-24 16:06:33,794][train.py][line:298][INFO] 
Test mode: Total loss:1.18 
Arousal >> F1_score:0.61, recall:0.85, precision0.48, loss:0.6 
Apnea >> F1_score:0.56, recall:0.85, precision0.46, loss:0.58
[2023-11-24 16:06:33,795][train.py][line:301][INFO] ************************************

[2023-11-24 16:06:33,892][train.py][line:116][INFO] ********* Train Epoch:59 ********
[2023-11-24 17:09:44,169][train.py][line:179][INFO] 
Train mode Epoch 59: Total loss:0.98 
Arousal >> F1_score:0.56, recall:0.91, precision0.41, loss:0.53 
Apnea >> F1_score:0.53, recall:0.93, precision0.42, loss:0.45
[2023-11-24 17:09:44,170][train.py][line:195][INFO] ************************************

[2023-11-24 17:09:44,171][train.py][line:257][INFO] *************** test ***************
[2023-11-24 17:17:40,916][train.py][line:298][INFO] 
Test mode: Total loss:1.21 
Arousal >> F1_score:0.61, recall:0.85, precision0.48, loss:0.61 
Apnea >> F1_score:0.57, recall:0.82, precision0.48, loss:0.61
[2023-11-24 17:17:40,917][train.py][line:301][INFO] ************************************

[2023-11-24 17:17:41,027][train.py][line:116][INFO] ********* Train Epoch:60 ********
[2023-11-24 18:21:03,900][train.py][line:179][INFO] 
Train mode Epoch 60: Total loss:0.97 
Arousal >> F1_score:0.56, recall:0.91, precision0.41, loss:0.53 
Apnea >> F1_score:0.54, recall:0.93, precision0.42, loss:0.44
[2023-11-24 18:21:03,901][train.py][line:195][INFO] ************************************

[2023-11-24 18:21:03,902][train.py][line:257][INFO] *************** test ***************
[2023-11-24 18:29:03,975][train.py][line:298][INFO] 
Test mode: Total loss:1.2 
Arousal >> F1_score:0.61, recall:0.85, precision0.48, loss:0.6 
Apnea >> F1_score:0.57, recall:0.83, precision0.48, loss:0.6
[2023-11-24 18:29:03,976][train.py][line:301][INFO] ************************************

[2023-11-24 18:29:04,046][train.py][line:116][INFO] ********* Train Epoch:61 ********
[2023-11-24 19:32:13,421][train.py][line:179][INFO] 
Train mode Epoch 61: Total loss:0.98 
Arousal >> F1_score:0.55, recall:0.91, precision0.4, loss:0.53 
Apnea >> F1_score:0.53, recall:0.93, precision0.42, loss:0.45
[2023-11-24 19:32:13,422][train.py][line:195][INFO] ************************************

[2023-11-24 19:32:13,423][train.py][line:257][INFO] *************** test ***************
[2023-11-24 19:40:15,022][train.py][line:298][INFO] 
Test mode: Total loss:1.19 
Arousal >> F1_score:0.61, recall:0.85, precision0.48, loss:0.61 
Apnea >> F1_score:0.57, recall:0.84, precision0.47, loss:0.58
[2023-11-24 19:40:15,023][train.py][line:301][INFO] ************************************

[2023-11-24 19:40:15,111][train.py][line:116][INFO] ********* Train Epoch:62 ********
[2023-11-24 20:43:32,479][train.py][line:179][INFO] 
Train mode Epoch 62: Total loss:0.97 
Arousal >> F1_score:0.56, recall:0.91, precision0.41, loss:0.53 
Apnea >> F1_score:0.54, recall:0.93, precision0.42, loss:0.44
[2023-11-24 20:43:32,480][train.py][line:195][INFO] ************************************

[2023-11-24 20:43:32,480][train.py][line:257][INFO] *************** test ***************
[2023-11-24 20:51:30,085][train.py][line:298][INFO] 
Test mode: Total loss:1.19 
Arousal >> F1_score:0.61, recall:0.85, precision0.48, loss:0.6 
Apnea >> F1_score:0.57, recall:0.83, precision0.48, loss:0.59
[2023-11-24 20:51:30,086][train.py][line:301][INFO] ************************************

[2023-11-24 20:51:30,211][train.py][line:116][INFO] ********* Train Epoch:63 ********
[2023-11-24 21:54:44,538][train.py][line:179][INFO] 
Train mode Epoch 63: Total loss:0.97 
Arousal >> F1_score:0.56, recall:0.91, precision0.41, loss:0.53 
Apnea >> F1_score:0.54, recall:0.93, precision0.42, loss:0.44
[2023-11-24 21:54:44,539][train.py][line:195][INFO] ************************************

[2023-11-24 21:54:44,541][train.py][line:257][INFO] *************** test ***************
[2023-11-24 22:02:46,506][train.py][line:298][INFO] 
Test mode: Total loss:1.19 
Arousal >> F1_score:0.61, recall:0.84, precision0.49, loss:0.61 
Apnea >> F1_score:0.57, recall:0.84, precision0.47, loss:0.58
[2023-11-24 22:02:46,507][train.py][line:301][INFO] ************************************

[2023-11-24 22:02:46,616][train.py][line:116][INFO] ********* Train Epoch:64 ********
[2023-11-24 23:05:58,931][train.py][line:179][INFO] 
Train mode Epoch 64: Total loss:0.97 
Arousal >> F1_score:0.55, recall:0.91, precision0.4, loss:0.53 
Apnea >> F1_score:0.54, recall:0.93, precision0.42, loss:0.45
[2023-11-24 23:05:58,932][train.py][line:195][INFO] ************************************

[2023-11-24 23:05:58,933][train.py][line:257][INFO] *************** test ***************
[2023-11-24 23:13:56,839][train.py][line:298][INFO] 
Test mode: Total loss:1.17 
Arousal >> F1_score:0.6, recall:0.87, precision0.47, loss:0.59 
Apnea >> F1_score:0.56, recall:0.85, precision0.46, loss:0.58
[2023-11-24 23:13:56,840][train.py][line:301][INFO] ************************************

[2023-11-24 23:13:56,938][train.py][line:116][INFO] ********* Train Epoch:65 ********
[2023-11-25 00:22:49,320][train.py][line:179][INFO] 
Train mode Epoch 65: Total loss:0.97 
Arousal >> F1_score:0.56, recall:0.92, precision0.41, loss:0.53 
Apnea >> F1_score:0.54, recall:0.93, precision0.42, loss:0.44
[2023-11-25 00:22:49,320][train.py][line:195][INFO] ************************************

[2023-11-25 00:22:49,321][train.py][line:257][INFO] *************** test ***************
[2023-11-25 00:33:09,097][train.py][line:298][INFO] 
Test mode: Total loss:1.18 
Arousal >> F1_score:0.61, recall:0.86, precision0.47, loss:0.59 
Apnea >> F1_score:0.58, recall:0.83, precision0.49, loss:0.59
[2023-11-25 00:33:09,098][train.py][line:301][INFO] ************************************

[2023-11-25 00:33:09,183][train.py][line:116][INFO] ********* Train Epoch:66 ********
[2023-11-25 01:40:11,475][train.py][line:179][INFO] 
Train mode Epoch 66: Total loss:0.96 
Arousal >> F1_score:0.56, recall:0.92, precision0.41, loss:0.53 
Apnea >> F1_score:0.54, recall:0.93, precision0.42, loss:0.44
[2023-11-25 01:40:11,476][train.py][line:195][INFO] ************************************

[2023-11-25 01:40:11,476][train.py][line:257][INFO] *************** test ***************
[2023-11-25 01:48:13,774][train.py][line:298][INFO] 
Test mode: Total loss:1.21 
Arousal >> F1_score:0.61, recall:0.84, precision0.49, loss:0.61 
Apnea >> F1_score:0.57, recall:0.84, precision0.47, loss:0.6
[2023-11-25 01:48:13,775][train.py][line:301][INFO] ************************************

[2023-11-25 01:48:13,841][train.py][line:116][INFO] ********* Train Epoch:67 ********
[2023-11-25 02:51:29,792][train.py][line:179][INFO] 
Train mode Epoch 67: Total loss:0.96 
Arousal >> F1_score:0.56, recall:0.92, precision0.41, loss:0.53 
Apnea >> F1_score:0.54, recall:0.93, precision0.43, loss:0.43
[2023-11-25 02:51:29,793][train.py][line:195][INFO] ************************************

[2023-11-25 02:51:29,794][train.py][line:257][INFO] *************** test ***************
[2023-11-25 02:59:27,979][train.py][line:298][INFO] 
Test mode: Total loss:1.19 
Arousal >> F1_score:0.6, recall:0.86, precision0.47, loss:0.59 
Apnea >> F1_score:0.57, recall:0.83, precision0.47, loss:0.6
[2023-11-25 02:59:27,980][train.py][line:301][INFO] ************************************

[2023-11-25 02:59:28,071][train.py][line:116][INFO] ********* Train Epoch:68 ********
[2023-11-25 04:02:52,970][train.py][line:179][INFO] 
Train mode Epoch 68: Total loss:0.96 
Arousal >> F1_score:0.56, recall:0.92, precision0.41, loss:0.53 
Apnea >> F1_score:0.54, recall:0.93, precision0.42, loss:0.44
[2023-11-25 04:02:52,971][train.py][line:195][INFO] ************************************

[2023-11-25 04:02:52,971][train.py][line:257][INFO] *************** test ***************
[2023-11-25 04:10:55,354][train.py][line:298][INFO] 
Test mode: Total loss:1.19 
Arousal >> F1_score:0.61, recall:0.85, precision0.49, loss:0.6 
Apnea >> F1_score:0.57, recall:0.84, precision0.47, loss:0.59
[2023-11-25 04:10:55,354][train.py][line:301][INFO] ************************************

[2023-11-25 04:10:55,458][train.py][line:116][INFO] ********* Train Epoch:69 ********
[2023-11-25 05:14:10,147][train.py][line:179][INFO] 
Train mode Epoch 69: Total loss:0.96 
Arousal >> F1_score:0.56, recall:0.92, precision0.41, loss:0.53 
Apnea >> F1_score:0.55, recall:0.93, precision0.43, loss:0.43
[2023-11-25 05:14:10,147][train.py][line:195][INFO] ************************************

[2023-11-25 05:14:10,148][train.py][line:257][INFO] *************** test ***************
[2023-11-25 05:22:09,194][train.py][line:298][INFO] 
Test mode: Total loss:1.21 
Arousal >> F1_score:0.61, recall:0.85, precision0.48, loss:0.61 
Apnea >> F1_score:0.57, recall:0.83, precision0.48, loss:0.6
[2023-11-25 05:22:09,195][train.py][line:301][INFO] ************************************

[2023-11-25 05:22:09,282][train.py][line:116][INFO] ********* Train Epoch:70 ********
[2023-11-25 06:25:31,159][train.py][line:179][INFO] 
Train mode Epoch 70: Total loss:0.96 
Arousal >> F1_score:0.56, recall:0.92, precision0.41, loss:0.53 
Apnea >> F1_score:0.54, recall:0.93, precision0.43, loss:0.44
[2023-11-25 06:25:31,160][train.py][line:195][INFO] ************************************

[2023-11-25 06:25:31,160][train.py][line:257][INFO] *************** test ***************
[2023-11-25 06:33:29,862][train.py][line:298][INFO] 
Test mode: Total loss:1.18 
Arousal >> F1_score:0.61, recall:0.86, precision0.47, loss:0.59 
Apnea >> F1_score:0.57, recall:0.84, precision0.47, loss:0.59
[2023-11-25 06:33:29,863][train.py][line:301][INFO] ************************************

[2023-11-25 06:33:29,962][train.py][line:116][INFO] ********* Train Epoch:71 ********
[2023-11-25 07:36:43,642][train.py][line:179][INFO] 
Train mode Epoch 71: Total loss:0.97 
Arousal >> F1_score:0.56, recall:0.91, precision0.41, loss:0.53 
Apnea >> F1_score:0.54, recall:0.93, precision0.42, loss:0.44
[2023-11-25 07:36:43,643][train.py][line:195][INFO] ************************************

[2023-11-25 07:36:43,644][train.py][line:257][INFO] *************** test ***************
[2023-11-25 07:44:45,052][train.py][line:298][INFO] 
Test mode: Total loss:1.18 
Arousal >> F1_score:0.6, recall:0.86, precision0.47, loss:0.59 
Apnea >> F1_score:0.57, recall:0.82, precision0.48, loss:0.59
[2023-11-25 07:44:45,052][train.py][line:301][INFO] ************************************

[2023-11-25 07:44:45,122][train.py][line:116][INFO] ********* Train Epoch:72 ********
[2023-11-25 08:48:05,107][train.py][line:179][INFO] 
Train mode Epoch 72: Total loss:0.95 
Arousal >> F1_score:0.56, recall:0.92, precision0.41, loss:0.52 
Apnea >> F1_score:0.54, recall:0.94, precision0.43, loss:0.43
[2023-11-25 08:48:05,108][train.py][line:195][INFO] ************************************

[2023-11-25 08:48:05,108][train.py][line:257][INFO] *************** test ***************
[2023-11-25 08:56:02,926][train.py][line:298][INFO] 
Test mode: Total loss:1.2 
Arousal >> F1_score:0.61, recall:0.85, precision0.49, loss:0.61 
Apnea >> F1_score:0.57, recall:0.83, precision0.48, loss:0.59
[2023-11-25 08:56:02,927][train.py][line:301][INFO] ************************************

[2023-11-25 08:56:03,074][train.py][line:116][INFO] ********* Train Epoch:73 ********
[2023-11-25 10:04:44,047][train.py][line:179][INFO] 
Train mode Epoch 73: Total loss:0.95 
Arousal >> F1_score:0.56, recall:0.92, precision0.41, loss:0.52 
Apnea >> F1_score:0.54, recall:0.94, precision0.43, loss:0.43
[2023-11-25 10:04:44,048][train.py][line:195][INFO] ************************************

[2023-11-25 10:04:44,049][train.py][line:257][INFO] *************** test ***************
[2023-11-25 10:15:09,129][train.py][line:298][INFO] 
Test mode: Total loss:1.2 
Arousal >> F1_score:0.61, recall:0.85, precision0.49, loss:0.61 
Apnea >> F1_score:0.57, recall:0.83, precision0.48, loss:0.59
[2023-11-25 10:15:09,130][train.py][line:301][INFO] ************************************

[2023-11-25 10:15:09,201][train.py][line:116][INFO] ********* Train Epoch:74 ********
[2023-11-25 11:22:24,608][train.py][line:179][INFO] 
Train mode Epoch 74: Total loss:0.95 
Arousal >> F1_score:0.56, recall:0.92, precision0.41, loss:0.52 
Apnea >> F1_score:0.55, recall:0.94, precision0.43, loss:0.43
[2023-11-25 11:22:24,608][train.py][line:195][INFO] ************************************

[2023-11-25 11:22:24,609][train.py][line:257][INFO] *************** test ***************
[2023-11-25 11:30:26,525][train.py][line:298][INFO] 
Test mode: Total loss:1.21 
Arousal >> F1_score:0.6, recall:0.86, precision0.47, loss:0.59 
Apnea >> F1_score:0.57, recall:0.82, precision0.48, loss:0.62
[2023-11-25 11:30:26,526][train.py][line:301][INFO] ************************************

[2023-11-25 11:30:26,686][train.py][line:116][INFO] ********* Train Epoch:75 ********
[2023-11-25 12:34:05,729][train.py][line:179][INFO] 
Train mode Epoch 75: Total loss:0.96 
Arousal >> F1_score:0.56, recall:0.92, precision0.41, loss:0.52 
Apnea >> F1_score:0.54, recall:0.93, precision0.42, loss:0.43
[2023-11-25 12:34:05,730][train.py][line:195][INFO] ************************************

[2023-11-25 12:34:05,730][train.py][line:257][INFO] *************** test ***************
[2023-11-25 12:42:04,817][train.py][line:298][INFO] 
Test mode: Total loss:1.2 
Arousal >> F1_score:0.61, recall:0.85, precision0.47, loss:0.6 
Apnea >> F1_score:0.57, recall:0.83, precision0.48, loss:0.6
[2023-11-25 12:42:04,818][train.py][line:301][INFO] ************************************

[2023-11-25 12:42:04,942][train.py][line:116][INFO] ********* Train Epoch:76 ********
[2023-11-25 13:47:00,971][train.py][line:179][INFO] 
Train mode Epoch 76: Total loss:0.95 
Arousal >> F1_score:0.56, recall:0.92, precision0.41, loss:0.52 
Apnea >> F1_score:0.54, recall:0.94, precision0.43, loss:0.43
[2023-11-25 13:47:00,972][train.py][line:195][INFO] ************************************

[2023-11-25 13:47:00,973][train.py][line:257][INFO] *************** test ***************
[2023-11-25 13:57:29,937][train.py][line:298][INFO] 
Test mode: Total loss:1.21 
Arousal >> F1_score:0.61, recall:0.85, precision0.48, loss:0.61 
Apnea >> F1_score:0.57, recall:0.82, precision0.48, loss:0.61
[2023-11-25 13:57:29,938][train.py][line:301][INFO] ************************************

[2023-11-25 13:57:30,028][train.py][line:116][INFO] ********* Train Epoch:77 ********
[2023-11-25 15:08:33,979][train.py][line:179][INFO] 
Train mode Epoch 77: Total loss:0.95 
Arousal >> F1_score:0.56, recall:0.92, precision0.41, loss:0.52 
Apnea >> F1_score:0.54, recall:0.94, precision0.43, loss:0.43
[2023-11-25 15:08:33,980][train.py][line:195][INFO] ************************************

[2023-11-25 15:08:33,981][train.py][line:257][INFO] *************** test ***************
[2023-11-25 15:16:31,889][train.py][line:298][INFO] 
Test mode: Total loss:1.21 
Arousal >> F1_score:0.61, recall:0.86, precision0.48, loss:0.6 
Apnea >> F1_score:0.57, recall:0.82, precision0.48, loss:0.61
[2023-11-25 15:16:31,890][train.py][line:301][INFO] ************************************

[2023-11-25 15:16:31,977][train.py][line:116][INFO] ********* Train Epoch:78 ********
[2023-11-25 16:19:55,688][train.py][line:179][INFO] 
Train mode Epoch 78: Total loss:0.95 
Arousal >> F1_score:0.56, recall:0.92, precision0.41, loss:0.52 
Apnea >> F1_score:0.55, recall:0.94, precision0.43, loss:0.43
[2023-11-25 16:19:55,689][train.py][line:195][INFO] ************************************

[2023-11-25 16:19:55,690][train.py][line:257][INFO] *************** test ***************
[2023-11-25 16:27:56,355][train.py][line:298][INFO] 
Test mode: Total loss:1.2 
Arousal >> F1_score:0.61, recall:0.85, precision0.48, loss:0.6 
Apnea >> F1_score:0.57, recall:0.83, precision0.47, loss:0.6
[2023-11-25 16:27:56,355][train.py][line:301][INFO] ************************************

[2023-11-25 16:27:56,437][train.py][line:116][INFO] ********* Train Epoch:79 ********
[2023-11-25 17:31:10,653][train.py][line:179][INFO] 
Train mode Epoch 79: Total loss:0.95 
Arousal >> F1_score:0.56, recall:0.92, precision0.41, loss:0.52 
Apnea >> F1_score:0.54, recall:0.94, precision0.43, loss:0.43
[2023-11-25 17:31:10,654][train.py][line:195][INFO] ************************************

[2023-11-25 17:31:10,655][train.py][line:257][INFO] *************** test ***************
[2023-11-25 17:39:13,118][train.py][line:298][INFO] 
Test mode: Total loss:1.2 
Arousal >> F1_score:0.61, recall:0.85, precision0.48, loss:0.6 
Apnea >> F1_score:0.57, recall:0.84, precision0.47, loss:0.59
[2023-11-25 17:39:13,119][train.py][line:301][INFO] ************************************

[2023-11-25 17:39:16,621][train.py][line:246][INFO] Best Test Loss: 1.16, Best Arousal F1 Score: 0.62, Best Apnea F1 Score: 0.58
