[2023-11-28 11:37:39,071][train.py][line:396][INFO] Batch size: 8, Learning Rate: 1e-05, Epochs: 80, Loss: CrossEntropy, Optimizer: RMSProp, Device: cuda
[2023-11-28 11:37:39,080][train.py][line:116][INFO] ********* Train Epoch:0 ********
[2023-11-28 12:53:43,412][train.py][line:179][INFO] 
Train mode Epoch 0: Total loss:1.75 
Arousal >> F1_score:0.42, recall:0.8, precision0.29, loss:0.88 
Apnea >> F1_score:0.4, recall:0.75, precision0.32, loss:0.87
[2023-11-28 12:53:43,413][train.py][line:195][INFO] ************************************

[2023-11-28 12:53:43,413][train.py][line:257][INFO] *************** test ***************
[2023-11-28 13:04:17,162][train.py][line:298][INFO] 
Test mode: Total loss:1.68 
Arousal >> F1_score:0.48, recall:0.79, precision0.35, loss:0.83 
Apnea >> F1_score:0.49, recall:0.66, precision0.45, loss:0.85
[2023-11-28 13:04:17,164][train.py][line:301][INFO] ************************************

[2023-11-28 13:04:17,298][train.py][line:116][INFO] ********* Train Epoch:1 ********
[2023-11-28 14:15:28,326][train.py][line:179][INFO] 
Train mode Epoch 1: Total loss:1.51 
Arousal >> F1_score:0.45, recall:0.85, precision0.31, loss:0.78 
Apnea >> F1_score:0.44, recall:0.82, precision0.35, loss:0.73
[2023-11-28 14:15:28,327][train.py][line:195][INFO] ************************************

[2023-11-28 14:15:28,328][train.py][line:257][INFO] *************** test ***************
[2023-11-28 14:25:49,461][train.py][line:298][INFO] 
Test mode: Total loss:1.66 
Arousal >> F1_score:0.5, recall:0.79, precision0.37, loss:0.81 
Apnea >> F1_score:0.49, recall:0.68, precision0.44, loss:0.85
[2023-11-28 14:25:49,461][train.py][line:301][INFO] ************************************

[2023-11-28 14:25:49,576][train.py][line:116][INFO] ********* Train Epoch:2 ********
[2023-11-28 15:37:45,682][train.py][line:179][INFO] 
Train mode Epoch 2: Total loss:1.44 
Arousal >> F1_score:0.46, recall:0.86, precision0.32, loss:0.75 
Apnea >> F1_score:0.45, recall:0.84, precision0.35, loss:0.68
[2023-11-28 15:37:45,682][train.py][line:195][INFO] ************************************

[2023-11-28 15:37:45,683][train.py][line:257][INFO] *************** test ***************
[2023-11-28 15:45:48,614][train.py][line:298][INFO] 
Test mode: Total loss:1.58 
Arousal >> F1_score:0.47, recall:0.84, precision0.34, loss:0.78 
Apnea >> F1_score:0.48, recall:0.71, precision0.41, loss:0.8
[2023-11-28 15:45:48,615][train.py][line:301][INFO] ************************************

[2023-11-28 15:45:48,721][train.py][line:116][INFO] ********* Train Epoch:3 ********
[2023-11-28 16:50:29,434][train.py][line:179][INFO] 
Train mode Epoch 3: Total loss:1.39 
Arousal >> F1_score:0.46, recall:0.87, precision0.32, loss:0.74 
Apnea >> F1_score:0.46, recall:0.85, precision0.36, loss:0.65
[2023-11-28 16:50:29,435][train.py][line:195][INFO] ************************************

[2023-11-28 16:50:29,436][train.py][line:257][INFO] *************** test ***************
[2023-11-28 16:58:27,903][train.py][line:298][INFO] 
Test mode: Total loss:1.58 
Arousal >> F1_score:0.49, recall:0.84, precision0.35, loss:0.76 
Apnea >> F1_score:0.51, recall:0.7, precision0.44, loss:0.81
[2023-11-28 16:58:27,904][train.py][line:301][INFO] ************************************

[2023-11-28 16:58:28,050][train.py][line:116][INFO] ********* Train Epoch:4 ********
[2023-11-28 18:09:22,521][train.py][line:179][INFO] 
Train mode Epoch 4: Total loss:1.36 
Arousal >> F1_score:0.47, recall:0.87, precision0.32, loss:0.72 
Apnea >> F1_score:0.46, recall:0.87, precision0.36, loss:0.64
[2023-11-28 18:09:22,522][train.py][line:195][INFO] ************************************

[2023-11-28 18:09:22,523][train.py][line:257][INFO] *************** test ***************
[2023-11-28 18:17:24,709][train.py][line:298][INFO] 
Test mode: Total loss:1.5 
Arousal >> F1_score:0.52, recall:0.81, precision0.38, loss:0.75 
Apnea >> F1_score:0.53, recall:0.75, precision0.45, loss:0.75
[2023-11-28 18:17:24,709][train.py][line:301][INFO] ************************************

[2023-11-28 18:17:24,834][train.py][line:116][INFO] ********* Train Epoch:5 ********
[2023-11-28 19:22:20,773][train.py][line:179][INFO] 
Train mode Epoch 5: Total loss:1.27 
Arousal >> F1_score:0.5, recall:0.88, precision0.35, loss:0.66 
Apnea >> F1_score:0.47, recall:0.88, precision0.37, loss:0.61
[2023-11-28 19:22:20,773][train.py][line:195][INFO] ************************************

[2023-11-28 19:22:20,774][train.py][line:257][INFO] *************** test ***************
[2023-11-28 19:30:23,004][train.py][line:298][INFO] 
Test mode: Total loss:1.37 
Arousal >> F1_score:0.55, recall:0.83, precision0.42, loss:0.69 
Apnea >> F1_score:0.55, recall:0.78, precision0.46, loss:0.68
[2023-11-28 19:30:23,005][train.py][line:301][INFO] ************************************

[2023-11-28 19:30:23,118][train.py][line:116][INFO] ********* Train Epoch:6 ********
[2023-11-28 20:41:20,160][train.py][line:179][INFO] 
Train mode Epoch 6: Total loss:1.22 
Arousal >> F1_score:0.52, recall:0.89, precision0.37, loss:0.63 
Apnea >> F1_score:0.48, recall:0.9, precision0.38, loss:0.59
[2023-11-28 20:41:20,160][train.py][line:195][INFO] ************************************

[2023-11-28 20:41:20,161][train.py][line:257][INFO] *************** test ***************
[2023-11-28 20:49:22,640][train.py][line:298][INFO] 
Test mode: Total loss:1.35 
Arousal >> F1_score:0.56, recall:0.85, precision0.42, loss:0.66 
Apnea >> F1_score:0.55, recall:0.76, precision0.48, loss:0.69
[2023-11-28 20:49:22,641][train.py][line:301][INFO] ************************************

[2023-11-28 20:49:22,794][train.py][line:116][INFO] ********* Train Epoch:7 ********
[2023-11-28 21:54:30,850][train.py][line:179][INFO] 
Train mode Epoch 7: Total loss:1.19 
Arousal >> F1_score:0.52, recall:0.89, precision0.38, loss:0.61 
Apnea >> F1_score:0.48, recall:0.9, precision0.37, loss:0.58
[2023-11-28 21:54:30,851][train.py][line:195][INFO] ************************************

[2023-11-28 21:54:30,852][train.py][line:257][INFO] *************** test ***************
[2023-11-28 22:02:34,151][train.py][line:298][INFO] 
Test mode: Total loss:1.29 
Arousal >> F1_score:0.56, recall:0.86, precision0.42, loss:0.64 
Apnea >> F1_score:0.55, recall:0.81, precision0.45, loss:0.65
[2023-11-28 22:02:34,152][train.py][line:301][INFO] ************************************

[2023-11-28 22:02:34,284][train.py][line:116][INFO] ********* Train Epoch:8 ********
[2023-11-28 23:13:02,629][train.py][line:179][INFO] 
Train mode Epoch 8: Total loss:1.18 
Arousal >> F1_score:0.53, recall:0.9, precision0.38, loss:0.61 
Apnea >> F1_score:0.49, recall:0.9, precision0.38, loss:0.57
[2023-11-28 23:13:02,630][train.py][line:195][INFO] ************************************

[2023-11-28 23:13:02,630][train.py][line:257][INFO] *************** test ***************
[2023-11-28 23:21:03,230][train.py][line:298][INFO] 
Test mode: Total loss:1.32 
Arousal >> F1_score:0.56, recall:0.86, precision0.42, loss:0.63 
Apnea >> F1_score:0.54, recall:0.78, precision0.46, loss:0.69
[2023-11-28 23:21:03,231][train.py][line:301][INFO] ************************************

[2023-11-28 23:21:03,387][train.py][line:116][INFO] ********* Train Epoch:9 ********
[2023-11-29 00:26:03,557][train.py][line:179][INFO] 
Train mode Epoch 9: Total loss:1.16 
Arousal >> F1_score:0.53, recall:0.9, precision0.38, loss:0.6 
Apnea >> F1_score:0.49, recall:0.9, precision0.38, loss:0.56
[2023-11-29 00:26:03,558][train.py][line:195][INFO] ************************************

[2023-11-29 00:26:03,559][train.py][line:257][INFO] *************** test ***************
[2023-11-29 00:34:03,183][train.py][line:298][INFO] 
Test mode: Total loss:1.26 
Arousal >> F1_score:0.55, recall:0.88, precision0.41, loss:0.62 
Apnea >> F1_score:0.55, recall:0.81, precision0.45, loss:0.64
[2023-11-29 00:34:03,184][train.py][line:301][INFO] ************************************

[2023-11-29 00:34:03,457][train.py][line:116][INFO] ********* Train Epoch:10 ********
[2023-11-29 01:45:22,823][train.py][line:179][INFO] 
Train mode Epoch 10: Total loss:1.15 
Arousal >> F1_score:0.53, recall:0.9, precision0.38, loss:0.6 
Apnea >> F1_score:0.49, recall:0.91, precision0.38, loss:0.55
[2023-11-29 01:45:22,824][train.py][line:195][INFO] ************************************

[2023-11-29 01:45:22,825][train.py][line:257][INFO] *************** test ***************
[2023-11-29 01:53:26,196][train.py][line:298][INFO] 
Test mode: Total loss:1.29 
Arousal >> F1_score:0.56, recall:0.87, precision0.42, loss:0.62 
Apnea >> F1_score:0.53, recall:0.79, precision0.44, loss:0.66
[2023-11-29 01:53:26,197][train.py][line:301][INFO] ************************************

[2023-11-29 01:53:26,280][train.py][line:116][INFO] ********* Train Epoch:11 ********
[2023-11-29 02:58:22,354][train.py][line:179][INFO] 
Train mode Epoch 11: Total loss:1.14 
Arousal >> F1_score:0.53, recall:0.9, precision0.39, loss:0.59 
Apnea >> F1_score:0.49, recall:0.91, precision0.38, loss:0.55
[2023-11-29 02:58:22,355][train.py][line:195][INFO] ************************************

[2023-11-29 02:58:22,355][train.py][line:257][INFO] *************** test ***************
[2023-11-29 03:06:22,607][train.py][line:298][INFO] 
Test mode: Total loss:1.29 
Arousal >> F1_score:0.57, recall:0.87, precision0.43, loss:0.62 
Apnea >> F1_score:0.55, recall:0.78, precision0.47, loss:0.67
[2023-11-29 03:06:22,608][train.py][line:301][INFO] ************************************

[2023-11-29 03:06:22,780][train.py][line:116][INFO] ********* Train Epoch:12 ********
[2023-11-29 04:18:52,790][train.py][line:179][INFO] 
Train mode Epoch 12: Total loss:1.13 
Arousal >> F1_score:0.53, recall:0.9, precision0.39, loss:0.59 
Apnea >> F1_score:0.49, recall:0.91, precision0.38, loss:0.54
[2023-11-29 04:18:52,791][train.py][line:195][INFO] ************************************

[2023-11-29 04:18:52,792][train.py][line:257][INFO] *************** test ***************
[2023-11-29 04:27:00,760][train.py][line:298][INFO] 
Test mode: Total loss:1.29 
Arousal >> F1_score:0.58, recall:0.85, precision0.44, loss:0.63 
Apnea >> F1_score:0.55, recall:0.79, precision0.47, loss:0.65
[2023-11-29 04:27:00,761][train.py][line:301][INFO] ************************************

[2023-11-29 04:27:00,900][train.py][line:116][INFO] ********* Train Epoch:13 ********
[2023-11-29 05:31:51,079][train.py][line:179][INFO] 
Train mode Epoch 13: Total loss:1.11 
Arousal >> F1_score:0.54, recall:0.9, precision0.39, loss:0.58 
Apnea >> F1_score:0.5, recall:0.91, precision0.39, loss:0.53
[2023-11-29 05:31:51,080][train.py][line:195][INFO] ************************************

[2023-11-29 05:31:51,081][train.py][line:257][INFO] *************** test ***************
[2023-11-29 05:39:54,618][train.py][line:298][INFO] 
Test mode: Total loss:1.26 
Arousal >> F1_score:0.57, recall:0.86, precision0.44, loss:0.61 
Apnea >> F1_score:0.55, recall:0.78, precision0.47, loss:0.65
[2023-11-29 05:39:54,619][train.py][line:301][INFO] ************************************

[2023-11-29 05:39:54,699][train.py][line:116][INFO] ********* Train Epoch:14 ********
[2023-11-29 06:51:18,453][train.py][line:179][INFO] 
Train mode Epoch 14: Total loss:1.11 
Arousal >> F1_score:0.53, recall:0.9, precision0.39, loss:0.58 
Apnea >> F1_score:0.5, recall:0.91, precision0.39, loss:0.53
[2023-11-29 06:51:18,456][train.py][line:195][INFO] ************************************

[2023-11-29 06:51:18,457][train.py][line:257][INFO] *************** test ***************
[2023-11-29 06:59:19,084][train.py][line:298][INFO] 
Test mode: Total loss:1.24 
Arousal >> F1_score:0.57, recall:0.87, precision0.43, loss:0.61 
Apnea >> F1_score:0.55, recall:0.8, precision0.46, loss:0.62
[2023-11-29 06:59:19,085][train.py][line:301][INFO] ************************************

[2023-11-29 06:59:19,286][train.py][line:116][INFO] ********* Train Epoch:15 ********
[2023-11-29 08:04:16,357][train.py][line:179][INFO] 
Train mode Epoch 15: Total loss:1.1 
Arousal >> F1_score:0.54, recall:0.9, precision0.39, loss:0.58 
Apnea >> F1_score:0.5, recall:0.91, precision0.39, loss:0.52
[2023-11-29 08:04:16,357][train.py][line:195][INFO] ************************************

[2023-11-29 08:04:16,358][train.py][line:257][INFO] *************** test ***************
[2023-11-29 08:12:19,157][train.py][line:298][INFO] 
Test mode: Total loss:1.23 
Arousal >> F1_score:0.58, recall:0.86, precision0.44, loss:0.62 
Apnea >> F1_score:0.55, recall:0.8, precision0.46, loss:0.61
[2023-11-29 08:12:19,158][train.py][line:301][INFO] ************************************

[2023-11-29 08:12:19,272][train.py][line:116][INFO] ********* Train Epoch:16 ********
[2023-11-29 09:23:21,578][train.py][line:179][INFO] 
Train mode Epoch 16: Total loss:1.09 
Arousal >> F1_score:0.54, recall:0.9, precision0.39, loss:0.57 
Apnea >> F1_score:0.51, recall:0.91, precision0.4, loss:0.51
[2023-11-29 09:23:21,579][train.py][line:195][INFO] ************************************

[2023-11-29 09:23:21,579][train.py][line:257][INFO] *************** test ***************
[2023-11-29 09:33:40,230][train.py][line:298][INFO] 
Test mode: Total loss:1.28 
Arousal >> F1_score:0.58, recall:0.86, precision0.44, loss:0.62 
Apnea >> F1_score:0.55, recall:0.77, precision0.48, loss:0.65
[2023-11-29 09:33:40,230][train.py][line:301][INFO] ************************************

[2023-11-29 09:33:40,363][train.py][line:116][INFO] ********* Train Epoch:17 ********
[2023-11-29 10:48:11,008][train.py][line:179][INFO] 
Train mode Epoch 17: Total loss:1.08 
Arousal >> F1_score:0.54, recall:0.91, precision0.39, loss:0.57 
Apnea >> F1_score:0.51, recall:0.92, precision0.4, loss:0.51
[2023-11-29 10:48:11,009][train.py][line:195][INFO] ************************************

[2023-11-29 10:48:11,009][train.py][line:257][INFO] *************** test ***************
[2023-11-29 10:56:22,976][train.py][line:298][INFO] 
Test mode: Total loss:1.23 
Arousal >> F1_score:0.58, recall:0.87, precision0.44, loss:0.61 
Apnea >> F1_score:0.55, recall:0.8, precision0.47, loss:0.62
[2023-11-29 10:56:22,977][train.py][line:301][INFO] ************************************

[2023-11-29 10:56:23,204][train.py][line:116][INFO] ********* Train Epoch:18 ********
[2023-11-29 12:08:06,318][train.py][line:179][INFO] 
Train mode Epoch 18: Total loss:1.07 
Arousal >> F1_score:0.54, recall:0.91, precision0.39, loss:0.57 
Apnea >> F1_score:0.51, recall:0.92, precision0.4, loss:0.5
[2023-11-29 12:08:06,318][train.py][line:195][INFO] ************************************

[2023-11-29 12:08:06,319][train.py][line:257][INFO] *************** test ***************
[2023-11-29 12:16:07,128][train.py][line:298][INFO] 
Test mode: Total loss:1.22 
Arousal >> F1_score:0.58, recall:0.87, precision0.44, loss:0.61 
Apnea >> F1_score:0.55, recall:0.8, precision0.47, loss:0.61
[2023-11-29 12:16:07,128][train.py][line:301][INFO] ************************************

[2023-11-29 12:16:07,243][train.py][line:116][INFO] ********* Train Epoch:19 ********
[2023-11-29 13:30:29,316][train.py][line:179][INFO] 
Train mode Epoch 19: Total loss:1.06 
Arousal >> F1_score:0.54, recall:0.91, precision0.39, loss:0.57 
Apnea >> F1_score:0.51, recall:0.92, precision0.4, loss:0.5
[2023-11-29 13:30:29,316][train.py][line:195][INFO] ************************************

[2023-11-29 13:30:29,317][train.py][line:257][INFO] *************** test ***************
[2023-11-29 13:40:57,713][train.py][line:298][INFO] 
Test mode: Total loss:1.22 
Arousal >> F1_score:0.58, recall:0.87, precision0.44, loss:0.61 
Apnea >> F1_score:0.56, recall:0.79, precision0.48, loss:0.62
[2023-11-29 13:40:57,713][train.py][line:301][INFO] ************************************

[2023-11-29 13:40:57,812][train.py][line:116][INFO] ********* Train Epoch:20 ********
[2023-11-29 14:53:44,081][train.py][line:179][INFO] 
Train mode Epoch 20: Total loss:1.06 
Arousal >> F1_score:0.54, recall:0.91, precision0.39, loss:0.57 
Apnea >> F1_score:0.51, recall:0.92, precision0.4, loss:0.5
[2023-11-29 14:53:44,081][train.py][line:195][INFO] ************************************

[2023-11-29 14:53:44,082][train.py][line:257][INFO] *************** test ***************
[2023-11-29 15:01:57,949][train.py][line:298][INFO] 
Test mode: Total loss:1.25 
Arousal >> F1_score:0.59, recall:0.86, precision0.45, loss:0.61 
Apnea >> F1_score:0.56, recall:0.77, precision0.49, loss:0.65
[2023-11-29 15:01:57,950][train.py][line:301][INFO] ************************************

[2023-11-29 15:01:58,020][train.py][line:116][INFO] ********* Train Epoch:21 ********
[2023-11-29 16:07:24,778][train.py][line:179][INFO] 
Train mode Epoch 21: Total loss:1.05 
Arousal >> F1_score:0.54, recall:0.91, precision0.4, loss:0.56 
Apnea >> F1_score:0.51, recall:0.92, precision0.4, loss:0.49
[2023-11-29 16:07:24,779][train.py][line:195][INFO] ************************************

[2023-11-29 16:07:24,780][train.py][line:257][INFO] *************** test ***************
[2023-11-29 16:15:25,483][train.py][line:298][INFO] 
Test mode: Total loss:1.21 
Arousal >> F1_score:0.58, recall:0.88, precision0.43, loss:0.6 
Apnea >> F1_score:0.56, recall:0.79, precision0.47, loss:0.62
[2023-11-29 16:15:25,483][train.py][line:301][INFO] ************************************

[2023-11-29 16:15:25,588][train.py][line:116][INFO] ********* Train Epoch:22 ********
[2023-11-29 17:27:13,079][train.py][line:179][INFO] 
Train mode Epoch 22: Total loss:1.05 
Arousal >> F1_score:0.54, recall:0.91, precision0.4, loss:0.56 
Apnea >> F1_score:0.51, recall:0.92, precision0.4, loss:0.49
[2023-11-29 17:27:13,080][train.py][line:195][INFO] ************************************

[2023-11-29 17:27:13,081][train.py][line:257][INFO] *************** test ***************
[2023-11-29 17:35:15,158][train.py][line:298][INFO] 
Test mode: Total loss:1.22 
Arousal >> F1_score:0.58, recall:0.87, precision0.44, loss:0.6 
Apnea >> F1_score:0.56, recall:0.78, precision0.48, loss:0.63
[2023-11-29 17:35:15,159][train.py][line:301][INFO] ************************************

[2023-11-29 17:35:15,235][train.py][line:116][INFO] ********* Train Epoch:23 ********
[2023-11-29 18:40:08,009][train.py][line:179][INFO] 
Train mode Epoch 23: Total loss:1.05 
Arousal >> F1_score:0.55, recall:0.91, precision0.4, loss:0.56 
Apnea >> F1_score:0.51, recall:0.92, precision0.4, loss:0.49
[2023-11-29 18:40:08,010][train.py][line:195][INFO] ************************************

[2023-11-29 18:40:08,011][train.py][line:257][INFO] *************** test ***************
[2023-11-29 18:48:09,441][train.py][line:298][INFO] 
Test mode: Total loss:1.23 
Arousal >> F1_score:0.58, recall:0.88, precision0.44, loss:0.59 
Apnea >> F1_score:0.56, recall:0.77, precision0.48, loss:0.64
[2023-11-29 18:48:09,442][train.py][line:301][INFO] ************************************

[2023-11-29 18:48:09,515][train.py][line:116][INFO] ********* Train Epoch:24 ********
[2023-11-29 19:59:28,530][train.py][line:179][INFO] 
Train mode Epoch 24: Total loss:1.04 
Arousal >> F1_score:0.55, recall:0.91, precision0.4, loss:0.56 
Apnea >> F1_score:0.51, recall:0.92, precision0.4, loss:0.49
[2023-11-29 19:59:28,531][train.py][line:195][INFO] ************************************

[2023-11-29 19:59:28,531][train.py][line:257][INFO] *************** test ***************
[2023-11-29 20:07:32,795][train.py][line:298][INFO] 
Test mode: Total loss:1.24 
Arousal >> F1_score:0.57, recall:0.88, precision0.43, loss:0.59 
Apnea >> F1_score:0.56, recall:0.77, precision0.48, loss:0.65
[2023-11-29 20:07:32,796][train.py][line:301][INFO] ************************************

[2023-11-29 20:07:32,869][train.py][line:116][INFO] ********* Train Epoch:25 ********
[2023-11-29 21:12:36,180][train.py][line:179][INFO] 
Train mode Epoch 25: Total loss:1.04 
Arousal >> F1_score:0.55, recall:0.91, precision0.4, loss:0.55 
Apnea >> F1_score:0.52, recall:0.92, precision0.41, loss:0.49
[2023-11-29 21:12:36,181][train.py][line:195][INFO] ************************************

[2023-11-29 21:12:36,182][train.py][line:257][INFO] *************** test ***************
[2023-11-29 21:20:37,171][train.py][line:298][INFO] 
Test mode: Total loss:1.22 
Arousal >> F1_score:0.58, recall:0.88, precision0.44, loss:0.59 
Apnea >> F1_score:0.56, recall:0.78, precision0.48, loss:0.63
[2023-11-29 21:20:37,172][train.py][line:301][INFO] ************************************

[2023-11-29 21:20:37,313][train.py][line:116][INFO] ********* Train Epoch:26 ********
[2023-11-29 22:31:55,575][train.py][line:179][INFO] 
Train mode Epoch 26: Total loss:1.04 
Arousal >> F1_score:0.55, recall:0.91, precision0.4, loss:0.55 
Apnea >> F1_score:0.52, recall:0.92, precision0.41, loss:0.48
[2023-11-29 22:31:55,576][train.py][line:195][INFO] ************************************

[2023-11-29 22:31:55,576][train.py][line:257][INFO] *************** test ***************
[2023-11-29 22:39:56,909][train.py][line:298][INFO] 
Test mode: Total loss:1.22 
Arousal >> F1_score:0.58, recall:0.88, precision0.43, loss:0.59 
Apnea >> F1_score:0.56, recall:0.78, precision0.48, loss:0.63
[2023-11-29 22:39:56,909][train.py][line:301][INFO] ************************************

[2023-11-29 22:39:57,070][train.py][line:116][INFO] ********* Train Epoch:27 ********
[2023-11-29 23:44:56,734][train.py][line:179][INFO] 
Train mode Epoch 27: Total loss:1.03 
Arousal >> F1_score:0.55, recall:0.91, precision0.4, loss:0.55 
Apnea >> F1_score:0.52, recall:0.92, precision0.41, loss:0.48
[2023-11-29 23:44:56,734][train.py][line:195][INFO] ************************************

[2023-11-29 23:44:56,735][train.py][line:257][INFO] *************** test ***************
[2023-11-29 23:52:59,852][train.py][line:298][INFO] 
Test mode: Total loss:1.24 
Arousal >> F1_score:0.58, recall:0.88, precision0.44, loss:0.59 
Apnea >> F1_score:0.55, recall:0.77, precision0.48, loss:0.65
[2023-11-29 23:52:59,853][train.py][line:301][INFO] ************************************

[2023-11-29 23:52:59,932][train.py][line:116][INFO] ********* Train Epoch:28 ********
[2023-11-30 01:03:48,452][train.py][line:179][INFO] 
Train mode Epoch 28: Total loss:1.03 
Arousal >> F1_score:0.55, recall:0.91, precision0.4, loss:0.55 
Apnea >> F1_score:0.52, recall:0.92, precision0.41, loss:0.48
[2023-11-30 01:03:48,453][train.py][line:195][INFO] ************************************

[2023-11-30 01:03:48,454][train.py][line:257][INFO] *************** test ***************
[2023-11-30 01:11:50,016][train.py][line:298][INFO] 
Test mode: Total loss:1.22 
Arousal >> F1_score:0.58, recall:0.87, precision0.44, loss:0.59 
Apnea >> F1_score:0.56, recall:0.79, precision0.48, loss:0.62
[2023-11-30 01:11:50,017][train.py][line:301][INFO] ************************************

[2023-11-30 01:11:50,192][train.py][line:116][INFO] ********* Train Epoch:29 ********
[2023-11-30 02:16:57,844][train.py][line:179][INFO] 
Train mode Epoch 29: Total loss:1.03 
Arousal >> F1_score:0.55, recall:0.91, precision0.4, loss:0.55 
Apnea >> F1_score:0.51, recall:0.92, precision0.4, loss:0.48
[2023-11-30 02:16:57,845][train.py][line:195][INFO] ************************************

[2023-11-30 02:16:57,846][train.py][line:257][INFO] *************** test ***************
[2023-11-30 02:25:01,794][train.py][line:298][INFO] 
Test mode: Total loss:1.21 
Arousal >> F1_score:0.58, recall:0.88, precision0.44, loss:0.58 
Apnea >> F1_score:0.56, recall:0.8, precision0.48, loss:0.62
[2023-11-30 02:25:01,795][train.py][line:301][INFO] ************************************

[2023-11-30 02:25:02,003][train.py][line:116][INFO] ********* Train Epoch:30 ********
[2023-11-30 03:36:24,067][train.py][line:179][INFO] 
Train mode Epoch 30: Total loss:1.02 
Arousal >> F1_score:0.55, recall:0.91, precision0.4, loss:0.55 
Apnea >> F1_score:0.52, recall:0.92, precision0.41, loss:0.47
[2023-11-30 03:36:24,068][train.py][line:195][INFO] ************************************

[2023-11-30 03:36:24,068][train.py][line:257][INFO] *************** test ***************
[2023-11-30 03:44:27,239][train.py][line:298][INFO] 
Test mode: Total loss:1.21 
Arousal >> F1_score:0.58, recall:0.87, precision0.44, loss:0.59 
Apnea >> F1_score:0.56, recall:0.79, precision0.48, loss:0.62
[2023-11-30 03:44:27,240][train.py][line:301][INFO] ************************************

[2023-11-30 03:44:27,353][train.py][line:116][INFO] ********* Train Epoch:31 ********
[2023-11-30 04:56:04,548][train.py][line:179][INFO] 
Train mode Epoch 31: Total loss:1.01 
Arousal >> F1_score:0.55, recall:0.91, precision0.4, loss:0.54 
Apnea >> F1_score:0.52, recall:0.93, precision0.41, loss:0.47
[2023-11-30 04:56:04,551][train.py][line:195][INFO] ************************************

[2023-11-30 04:56:04,551][train.py][line:257][INFO] *************** test ***************
[2023-11-30 05:06:06,721][train.py][line:298][INFO] 
Test mode: Total loss:1.21 
Arousal >> F1_score:0.58, recall:0.88, precision0.44, loss:0.59 
Apnea >> F1_score:0.56, recall:0.78, precision0.49, loss:0.62
[2023-11-30 05:06:06,722][train.py][line:301][INFO] ************************************

[2023-11-30 05:06:06,896][train.py][line:116][INFO] ********* Train Epoch:32 ********
[2023-11-30 06:13:17,619][train.py][line:179][INFO] 
Train mode Epoch 32: Total loss:1.01 
Arousal >> F1_score:0.55, recall:0.91, precision0.4, loss:0.54 
Apnea >> F1_score:0.53, recall:0.93, precision0.41, loss:0.47
[2023-11-30 06:13:17,620][train.py][line:195][INFO] ************************************

[2023-11-30 06:13:17,621][train.py][line:257][INFO] *************** test ***************
[2023-11-30 06:21:21,556][train.py][line:298][INFO] 
Test mode: Total loss:1.22 
Arousal >> F1_score:0.59, recall:0.87, precision0.45, loss:0.59 
Apnea >> F1_score:0.56, recall:0.79, precision0.48, loss:0.63
[2023-11-30 06:21:21,556][train.py][line:301][INFO] ************************************

[2023-11-30 06:21:21,684][train.py][line:116][INFO] ********* Train Epoch:33 ********
[2023-11-30 07:29:29,903][train.py][line:179][INFO] 
Train mode Epoch 33: Total loss:1.01 
Arousal >> F1_score:0.55, recall:0.91, precision0.4, loss:0.54 
Apnea >> F1_score:0.53, recall:0.93, precision0.41, loss:0.46
[2023-11-30 07:29:29,904][train.py][line:195][INFO] ************************************

[2023-11-30 07:29:29,905][train.py][line:257][INFO] *************** test ***************
[2023-11-30 07:39:44,367][train.py][line:298][INFO] 
Test mode: Total loss:1.18 
Arousal >> F1_score:0.58, recall:0.88, precision0.44, loss:0.58 
Apnea >> F1_score:0.55, recall:0.82, precision0.46, loss:0.6
[2023-11-30 07:39:44,368][train.py][line:301][INFO] ************************************

[2023-11-30 07:39:44,509][train.py][line:116][INFO] ********* Train Epoch:34 ********
[2023-11-30 08:46:11,590][train.py][line:179][INFO] 
Train mode Epoch 34: Total loss:1.0 
Arousal >> F1_score:0.55, recall:0.91, precision0.4, loss:0.54 
Apnea >> F1_score:0.53, recall:0.93, precision0.41, loss:0.46
[2023-11-30 08:46:11,592][train.py][line:195][INFO] ************************************

[2023-11-30 08:46:11,593][train.py][line:257][INFO] *************** test ***************
[2023-11-30 08:54:13,271][train.py][line:298][INFO] 
Test mode: Total loss:1.21 
Arousal >> F1_score:0.58, recall:0.88, precision0.44, loss:0.59 
Apnea >> F1_score:0.56, recall:0.8, precision0.47, loss:0.62
[2023-11-30 08:54:13,272][train.py][line:301][INFO] ************************************

[2023-11-30 08:54:13,397][train.py][line:116][INFO] ********* Train Epoch:35 ********
[2023-11-30 10:02:09,262][train.py][line:179][INFO] 
Train mode Epoch 35: Total loss:1.0 
Arousal >> F1_score:0.55, recall:0.91, precision0.4, loss:0.54 
Apnea >> F1_score:0.53, recall:0.93, precision0.41, loss:0.46
[2023-11-30 10:02:09,263][train.py][line:195][INFO] ************************************

[2023-11-30 10:02:09,264][train.py][line:257][INFO] *************** test ***************
[2023-11-30 10:12:17,820][train.py][line:298][INFO] 
Test mode: Total loss:1.22 
Arousal >> F1_score:0.58, recall:0.88, precision0.44, loss:0.59 
Apnea >> F1_score:0.56, recall:0.79, precision0.48, loss:0.63
[2023-11-30 10:12:17,821][train.py][line:301][INFO] ************************************

[2023-11-30 10:12:17,894][train.py][line:116][INFO] ********* Train Epoch:36 ********
[2023-11-30 11:26:36,024][train.py][line:179][INFO] 
Train mode Epoch 36: Total loss:0.99 
Arousal >> F1_score:0.55, recall:0.91, precision0.4, loss:0.54 
Apnea >> F1_score:0.53, recall:0.93, precision0.42, loss:0.46
[2023-11-30 11:26:36,025][train.py][line:195][INFO] ************************************

[2023-11-30 11:26:36,026][train.py][line:257][INFO] *************** test ***************
[2023-11-30 11:37:02,583][train.py][line:298][INFO] 
Test mode: Total loss:1.2 
Arousal >> F1_score:0.58, recall:0.88, precision0.44, loss:0.58 
Apnea >> F1_score:0.56, recall:0.81, precision0.47, loss:0.62
[2023-11-30 11:37:02,584][train.py][line:301][INFO] ************************************

[2023-11-30 11:37:02,746][train.py][line:116][INFO] ********* Train Epoch:37 ********
[2023-11-30 12:45:57,677][train.py][line:179][INFO] 
Train mode Epoch 37: Total loss:0.99 
Arousal >> F1_score:0.55, recall:0.91, precision0.4, loss:0.54 
Apnea >> F1_score:0.53, recall:0.93, precision0.42, loss:0.46
[2023-11-30 12:45:57,678][train.py][line:195][INFO] ************************************

[2023-11-30 12:45:57,679][train.py][line:257][INFO] *************** test ***************
[2023-11-30 12:56:08,628][train.py][line:298][INFO] 
Test mode: Total loss:1.21 
Arousal >> F1_score:0.58, recall:0.88, precision0.44, loss:0.59 
Apnea >> F1_score:0.56, recall:0.79, precision0.48, loss:0.62
[2023-11-30 12:56:08,629][train.py][line:301][INFO] ************************************

[2023-11-30 12:56:08,699][train.py][line:116][INFO] ********* Train Epoch:38 ********
[2023-11-30 14:09:05,604][train.py][line:179][INFO] 
Train mode Epoch 38: Total loss:0.99 
Arousal >> F1_score:0.55, recall:0.91, precision0.4, loss:0.54 
Apnea >> F1_score:0.53, recall:0.93, precision0.42, loss:0.46
[2023-11-30 14:09:05,605][train.py][line:195][INFO] ************************************

[2023-11-30 14:09:05,606][train.py][line:257][INFO] *************** test ***************
[2023-11-30 14:19:33,173][train.py][line:298][INFO] 
Test mode: Total loss:1.2 
Arousal >> F1_score:0.58, recall:0.88, precision0.44, loss:0.59 
Apnea >> F1_score:0.56, recall:0.81, precision0.48, loss:0.61
[2023-11-30 14:19:33,174][train.py][line:301][INFO] ************************************

[2023-11-30 14:19:33,244][train.py][line:116][INFO] ********* Train Epoch:39 ********
[2023-11-30 15:30:33,602][train.py][line:179][INFO] 
Train mode Epoch 39: Total loss:0.99 
Arousal >> F1_score:0.55, recall:0.91, precision0.4, loss:0.53 
Apnea >> F1_score:0.53, recall:0.93, precision0.42, loss:0.45
[2023-11-30 15:30:33,603][train.py][line:195][INFO] ************************************

[2023-11-30 15:30:33,604][train.py][line:257][INFO] *************** test ***************
[2023-11-30 15:40:31,265][train.py][line:298][INFO] 
Test mode: Total loss:1.21 
Arousal >> F1_score:0.59, recall:0.87, precision0.45, loss:0.59 
Apnea >> F1_score:0.56, recall:0.8, precision0.48, loss:0.62
[2023-11-30 15:40:31,266][train.py][line:301][INFO] ************************************

[2023-11-30 15:40:31,337][train.py][line:116][INFO] ********* Train Epoch:40 ********
[2023-11-30 16:49:08,486][train.py][line:179][INFO] 
Train mode Epoch 40: Total loss:0.98 
Arousal >> F1_score:0.55, recall:0.91, precision0.4, loss:0.53 
Apnea >> F1_score:0.54, recall:0.93, precision0.42, loss:0.45
[2023-11-30 16:49:08,487][train.py][line:195][INFO] ************************************

[2023-11-30 16:49:08,488][train.py][line:257][INFO] *************** test ***************
[2023-11-30 16:57:11,145][train.py][line:298][INFO] 
Test mode: Total loss:1.22 
Arousal >> F1_score:0.58, recall:0.88, precision0.44, loss:0.58 
Apnea >> F1_score:0.56, recall:0.79, precision0.48, loss:0.64
[2023-11-30 16:57:11,146][train.py][line:301][INFO] ************************************

[2023-11-30 16:57:11,215][train.py][line:116][INFO] ********* Train Epoch:41 ********
[2023-11-30 18:03:01,685][train.py][line:179][INFO] 
Train mode Epoch 41: Total loss:0.98 
Arousal >> F1_score:0.55, recall:0.91, precision0.4, loss:0.53 
Apnea >> F1_score:0.53, recall:0.93, precision0.42, loss:0.45
[2023-11-30 18:03:01,686][train.py][line:195][INFO] ************************************

[2023-11-30 18:03:01,686][train.py][line:257][INFO] *************** test ***************
[2023-11-30 18:12:58,913][train.py][line:298][INFO] 
Test mode: Total loss:1.21 
Arousal >> F1_score:0.57, recall:0.88, precision0.43, loss:0.58 
Apnea >> F1_score:0.57, recall:0.79, precision0.49, loss:0.62
[2023-11-30 18:12:58,914][train.py][line:301][INFO] ************************************

[2023-11-30 18:12:58,981][train.py][line:116][INFO] ********* Train Epoch:42 ********
[2023-11-30 19:22:28,445][train.py][line:179][INFO] 
Train mode Epoch 42: Total loss:0.98 
Arousal >> F1_score:0.55, recall:0.92, precision0.4, loss:0.53 
Apnea >> F1_score:0.54, recall:0.93, precision0.42, loss:0.45
[2023-11-30 19:22:28,446][train.py][line:195][INFO] ************************************

[2023-11-30 19:22:28,447][train.py][line:257][INFO] *************** test ***************
[2023-11-30 19:30:32,022][train.py][line:298][INFO] 
Test mode: Total loss:1.2 
Arousal >> F1_score:0.59, recall:0.87, precision0.45, loss:0.59 
Apnea >> F1_score:0.56, recall:0.81, precision0.47, loss:0.61
[2023-11-30 19:30:32,022][train.py][line:301][INFO] ************************************

[2023-11-30 19:30:32,114][train.py][line:116][INFO] ********* Train Epoch:43 ********
[2023-11-30 20:37:01,514][train.py][line:179][INFO] 
Train mode Epoch 43: Total loss:0.97 
Arousal >> F1_score:0.56, recall:0.92, precision0.41, loss:0.53 
Apnea >> F1_score:0.54, recall:0.93, precision0.42, loss:0.44
[2023-11-30 20:37:01,515][train.py][line:195][INFO] ************************************

[2023-11-30 20:37:01,516][train.py][line:257][INFO] *************** test ***************
[2023-11-30 20:46:59,780][train.py][line:298][INFO] 
Test mode: Total loss:1.2 
Arousal >> F1_score:0.58, recall:0.88, precision0.44, loss:0.58 
Apnea >> F1_score:0.57, recall:0.8, precision0.48, loss:0.61
[2023-11-30 20:46:59,780][train.py][line:301][INFO] ************************************

[2023-11-30 20:46:59,884][train.py][line:116][INFO] ********* Train Epoch:44 ********
[2023-11-30 21:56:11,328][train.py][line:179][INFO] 
Train mode Epoch 44: Total loss:0.97 
Arousal >> F1_score:0.55, recall:0.92, precision0.4, loss:0.53 
Apnea >> F1_score:0.54, recall:0.93, precision0.42, loss:0.44
[2023-11-30 21:56:11,328][train.py][line:195][INFO] ************************************

[2023-11-30 21:56:11,329][train.py][line:257][INFO] *************** test ***************
[2023-11-30 22:04:14,991][train.py][line:298][INFO] 
Test mode: Total loss:1.21 
Arousal >> F1_score:0.58, recall:0.88, precision0.44, loss:0.58 
Apnea >> F1_score:0.56, recall:0.81, precision0.48, loss:0.63
[2023-11-30 22:04:14,991][train.py][line:301][INFO] ************************************

[2023-11-30 22:04:15,063][train.py][line:116][INFO] ********* Train Epoch:45 ********
[2023-11-30 23:10:15,148][train.py][line:179][INFO] 
Train mode Epoch 45: Total loss:0.98 
Arousal >> F1_score:0.56, recall:0.92, precision0.41, loss:0.53 
Apnea >> F1_score:0.54, recall:0.93, precision0.42, loss:0.45
[2023-11-30 23:10:15,149][train.py][line:195][INFO] ************************************

[2023-11-30 23:10:15,150][train.py][line:257][INFO] *************** test ***************
[2023-11-30 23:20:12,898][train.py][line:298][INFO] 
Test mode: Total loss:1.19 
Arousal >> F1_score:0.58, recall:0.88, precision0.44, loss:0.58 
Apnea >> F1_score:0.56, recall:0.81, precision0.47, loss:0.61
[2023-11-30 23:20:12,898][train.py][line:301][INFO] ************************************

[2023-11-30 23:20:13,064][train.py][line:116][INFO] ********* Train Epoch:46 ********
[2023-12-01 00:29:25,317][train.py][line:179][INFO] 
Train mode Epoch 46: Total loss:0.97 
Arousal >> F1_score:0.56, recall:0.92, precision0.41, loss:0.53 
Apnea >> F1_score:0.54, recall:0.93, precision0.43, loss:0.44
[2023-12-01 00:29:25,317][train.py][line:195][INFO] ************************************

[2023-12-01 00:29:25,318][train.py][line:257][INFO] *************** test ***************
[2023-12-01 00:37:27,119][train.py][line:298][INFO] 
Test mode: Total loss:1.21 
Arousal >> F1_score:0.58, recall:0.88, precision0.44, loss:0.59 
Apnea >> F1_score:0.57, recall:0.8, precision0.48, loss:0.62
[2023-12-01 00:37:27,120][train.py][line:301][INFO] ************************************

[2023-12-01 00:37:27,256][train.py][line:116][INFO] ********* Train Epoch:47 ********
[2023-12-01 01:43:27,469][train.py][line:179][INFO] 
Train mode Epoch 47: Total loss:0.97 
Arousal >> F1_score:0.56, recall:0.92, precision0.41, loss:0.53 
Apnea >> F1_score:0.54, recall:0.93, precision0.42, loss:0.44
[2023-12-01 01:43:27,469][train.py][line:195][INFO] ************************************

[2023-12-01 01:43:27,470][train.py][line:257][INFO] *************** test ***************
[2023-12-01 01:53:29,776][train.py][line:298][INFO] 
Test mode: Total loss:1.2 
Arousal >> F1_score:0.58, recall:0.88, precision0.44, loss:0.59 
Apnea >> F1_score:0.56, recall:0.81, precision0.47, loss:0.61
[2023-12-01 01:53:29,776][train.py][line:301][INFO] ************************************

[2023-12-01 01:53:29,854][train.py][line:116][INFO] ********* Train Epoch:48 ********
[2023-12-01 03:02:33,759][train.py][line:179][INFO] 
Train mode Epoch 48: Total loss:0.96 
Arousal >> F1_score:0.56, recall:0.92, precision0.41, loss:0.53 
Apnea >> F1_score:0.54, recall:0.93, precision0.43, loss:0.44
[2023-12-01 03:02:33,760][train.py][line:195][INFO] ************************************

[2023-12-01 03:02:33,761][train.py][line:257][INFO] *************** test ***************
[2023-12-01 03:10:36,021][train.py][line:298][INFO] 
Test mode: Total loss:1.22 
Arousal >> F1_score:0.58, recall:0.88, precision0.43, loss:0.59 
Apnea >> F1_score:0.56, recall:0.79, precision0.48, loss:0.64
[2023-12-01 03:10:36,022][train.py][line:301][INFO] ************************************

[2023-12-01 03:10:36,160][train.py][line:116][INFO] ********* Train Epoch:49 ********
[2023-12-01 04:17:09,373][train.py][line:179][INFO] 
Train mode Epoch 49: Total loss:0.97 
Arousal >> F1_score:0.56, recall:0.92, precision0.41, loss:0.53 
Apnea >> F1_score:0.54, recall:0.93, precision0.42, loss:0.44
[2023-12-01 04:17:09,374][train.py][line:195][INFO] ************************************

[2023-12-01 04:17:09,374][train.py][line:257][INFO] *************** test ***************
[2023-12-01 04:27:11,153][train.py][line:298][INFO] 
Test mode: Total loss:1.22 
Arousal >> F1_score:0.58, recall:0.87, precision0.44, loss:0.6 
Apnea >> F1_score:0.57, recall:0.81, precision0.48, loss:0.62
[2023-12-01 04:27:11,154][train.py][line:301][INFO] ************************************

[2023-12-01 04:27:11,281][train.py][line:116][INFO] ********* Train Epoch:50 ********
[2023-12-01 05:34:30,511][train.py][line:179][INFO] 
Train mode Epoch 50: Total loss:0.96 
Arousal >> F1_score:0.56, recall:0.92, precision0.41, loss:0.53 
Apnea >> F1_score:0.54, recall:0.93, precision0.43, loss:0.44
[2023-12-01 05:34:30,511][train.py][line:195][INFO] ************************************

[2023-12-01 05:34:30,512][train.py][line:257][INFO] *************** test ***************
[2023-12-01 05:42:34,097][train.py][line:298][INFO] 
Test mode: Total loss:1.2 
Arousal >> F1_score:0.58, recall:0.88, precision0.43, loss:0.58 
Apnea >> F1_score:0.57, recall:0.81, precision0.48, loss:0.61
[2023-12-01 05:42:34,098][train.py][line:301][INFO] ************************************

[2023-12-01 05:42:34,168][train.py][line:116][INFO] ********* Train Epoch:51 ********
[2023-12-01 06:48:44,168][train.py][line:179][INFO] 
Train mode Epoch 51: Total loss:0.96 
Arousal >> F1_score:0.56, recall:0.92, precision0.4, loss:0.53 
Apnea >> F1_score:0.54, recall:0.93, precision0.43, loss:0.44
[2023-12-01 06:48:44,172][train.py][line:195][INFO] ************************************

[2023-12-01 06:48:44,173][train.py][line:257][INFO] *************** test ***************
[2023-12-01 06:58:42,481][train.py][line:298][INFO] 
Test mode: Total loss:1.23 
Arousal >> F1_score:0.58, recall:0.88, precision0.44, loss:0.59 
Apnea >> F1_score:0.57, recall:0.79, precision0.48, loss:0.64
[2023-12-01 06:58:42,482][train.py][line:301][INFO] ************************************

[2023-12-01 06:58:42,635][train.py][line:116][INFO] ********* Train Epoch:52 ********
[2023-12-01 08:06:11,195][train.py][line:179][INFO] 
Train mode Epoch 52: Total loss:0.96 
Arousal >> F1_score:0.56, recall:0.92, precision0.41, loss:0.53 
Apnea >> F1_score:0.54, recall:0.93, precision0.43, loss:0.44
[2023-12-01 08:06:11,196][train.py][line:195][INFO] ************************************

[2023-12-01 08:06:11,197][train.py][line:257][INFO] *************** test ***************
[2023-12-01 08:14:16,379][train.py][line:298][INFO] 
Test mode: Total loss:1.2 
Arousal >> F1_score:0.58, recall:0.88, precision0.44, loss:0.59 
Apnea >> F1_score:0.57, recall:0.81, precision0.48, loss:0.62
[2023-12-01 08:14:16,380][train.py][line:301][INFO] ************************************

[2023-12-01 08:14:16,444][train.py][line:116][INFO] ********* Train Epoch:53 ********
[2023-12-01 09:20:30,502][train.py][line:179][INFO] 
Train mode Epoch 53: Total loss:0.95 
Arousal >> F1_score:0.56, recall:0.92, precision0.41, loss:0.52 
Apnea >> F1_score:0.55, recall:0.93, precision0.43, loss:0.43
[2023-12-01 09:20:30,502][train.py][line:195][INFO] ************************************

[2023-12-01 09:20:30,503][train.py][line:257][INFO] *************** test ***************
[2023-12-01 09:31:01,766][train.py][line:298][INFO] 
Test mode: Total loss:1.21 
Arousal >> F1_score:0.58, recall:0.88, precision0.44, loss:0.59 
Apnea >> F1_score:0.57, recall:0.8, precision0.48, loss:0.62
[2023-12-01 09:31:01,766][train.py][line:301][INFO] ************************************

[2023-12-01 09:31:01,908][train.py][line:116][INFO] ********* Train Epoch:54 ********
[2023-12-01 10:46:03,171][train.py][line:179][INFO] 
Train mode Epoch 54: Total loss:0.95 
Arousal >> F1_score:0.56, recall:0.92, precision0.4, loss:0.52 
Apnea >> F1_score:0.55, recall:0.93, precision0.43, loss:0.43
[2023-12-01 10:46:03,186][train.py][line:195][INFO] ************************************

[2023-12-01 10:46:03,188][train.py][line:257][INFO] *************** test ***************
[2023-12-01 10:54:54,861][train.py][line:298][INFO] 
Test mode: Total loss:1.2 
Arousal >> F1_score:0.58, recall:0.88, precision0.43, loss:0.59 
Apnea >> F1_score:0.57, recall:0.81, precision0.48, loss:0.61
[2023-12-01 10:54:54,862][train.py][line:301][INFO] ************************************

[2023-12-01 10:54:55,014][train.py][line:116][INFO] ********* Train Epoch:55 ********
[2023-12-01 12:01:09,529][train.py][line:179][INFO] 
Train mode Epoch 55: Total loss:0.95 
Arousal >> F1_score:0.56, recall:0.92, precision0.41, loss:0.52 
Apnea >> F1_score:0.55, recall:0.93, precision0.43, loss:0.43
[2023-12-01 12:01:09,530][train.py][line:195][INFO] ************************************

[2023-12-01 12:01:09,531][train.py][line:257][INFO] *************** test ***************
[2023-12-01 12:11:49,287][train.py][line:298][INFO] 
Test mode: Total loss:1.23 
Arousal >> F1_score:0.58, recall:0.88, precision0.44, loss:0.59 
Apnea >> F1_score:0.57, recall:0.8, precision0.49, loss:0.64
[2023-12-01 12:11:49,287][train.py][line:301][INFO] ************************************

[2023-12-01 12:11:49,353][train.py][line:116][INFO] ********* Train Epoch:56 ********
[2023-12-01 13:20:28,705][train.py][line:179][INFO] 
Train mode Epoch 56: Total loss:0.95 
Arousal >> F1_score:0.56, recall:0.92, precision0.41, loss:0.52 
Apnea >> F1_score:0.55, recall:0.94, precision0.44, loss:0.43
[2023-12-01 13:20:28,707][train.py][line:195][INFO] ************************************

[2023-12-01 13:20:28,708][train.py][line:257][INFO] *************** test ***************
[2023-12-01 13:28:36,298][train.py][line:298][INFO] 
Test mode: Total loss:1.2 
Arousal >> F1_score:0.58, recall:0.88, precision0.44, loss:0.59 
Apnea >> F1_score:0.56, recall:0.82, precision0.47, loss:0.61
[2023-12-01 13:28:36,299][train.py][line:301][INFO] ************************************

[2023-12-01 13:28:36,382][train.py][line:116][INFO] ********* Train Epoch:57 ********
[2023-12-01 14:43:32,691][train.py][line:179][INFO] 
Train mode Epoch 57: Total loss:0.95 
Arousal >> F1_score:0.56, recall:0.92, precision0.41, loss:0.52 
Apnea >> F1_score:0.55, recall:0.93, precision0.43, loss:0.43
[2023-12-01 14:43:32,691][train.py][line:195][INFO] ************************************

[2023-12-01 14:43:32,692][train.py][line:257][INFO] *************** test ***************
[2023-12-01 14:54:00,571][train.py][line:298][INFO] 
Test mode: Total loss:1.22 
Arousal >> F1_score:0.58, recall:0.88, precision0.44, loss:0.59 
Apnea >> F1_score:0.56, recall:0.81, precision0.48, loss:0.63
[2023-12-01 14:54:00,572][train.py][line:301][INFO] ************************************

[2023-12-01 14:54:00,647][train.py][line:116][INFO] ********* Train Epoch:58 ********
[2023-12-01 16:02:35,939][train.py][line:179][INFO] 
Train mode Epoch 58: Total loss:0.95 
Arousal >> F1_score:0.56, recall:0.92, precision0.41, loss:0.52 
Apnea >> F1_score:0.55, recall:0.94, precision0.43, loss:0.43
[2023-12-01 16:02:35,940][train.py][line:195][INFO] ************************************

[2023-12-01 16:02:35,941][train.py][line:257][INFO] *************** test ***************
[2023-12-01 16:10:38,253][train.py][line:298][INFO] 
Test mode: Total loss:1.2 
Arousal >> F1_score:0.58, recall:0.88, precision0.44, loss:0.59 
Apnea >> F1_score:0.56, recall:0.82, precision0.47, loss:0.61
[2023-12-01 16:10:38,253][train.py][line:301][INFO] ************************************

[2023-12-01 16:10:38,322][train.py][line:116][INFO] ********* Train Epoch:59 ********
[2023-12-01 17:16:18,764][train.py][line:179][INFO] 
Train mode Epoch 59: Total loss:0.95 
Arousal >> F1_score:0.56, recall:0.92, precision0.41, loss:0.52 
Apnea >> F1_score:0.55, recall:0.93, precision0.43, loss:0.43
[2023-12-01 17:16:18,764][train.py][line:195][INFO] ************************************

[2023-12-01 17:16:18,765][train.py][line:257][INFO] *************** test ***************
[2023-12-01 17:26:29,624][train.py][line:298][INFO] 
Test mode: Total loss:1.21 
Arousal >> F1_score:0.58, recall:0.87, precision0.44, loss:0.59 
Apnea >> F1_score:0.56, recall:0.81, precision0.48, loss:0.62
[2023-12-01 17:26:29,624][train.py][line:301][INFO] ************************************

[2023-12-01 17:26:29,692][train.py][line:116][INFO] ********* Train Epoch:60 ********
[2023-12-01 18:34:31,305][train.py][line:179][INFO] 
Train mode Epoch 60: Total loss:0.94 
Arousal >> F1_score:0.56, recall:0.92, precision0.41, loss:0.52 
Apnea >> F1_score:0.55, recall:0.94, precision0.43, loss:0.43
[2023-12-01 18:34:31,306][train.py][line:195][INFO] ************************************

[2023-12-01 18:34:31,307][train.py][line:257][INFO] *************** test ***************
[2023-12-01 18:42:35,715][train.py][line:298][INFO] 
Test mode: Total loss:1.19 
Arousal >> F1_score:0.58, recall:0.88, precision0.44, loss:0.59 
Apnea >> F1_score:0.56, recall:0.83, precision0.46, loss:0.6
[2023-12-01 18:42:35,716][train.py][line:301][INFO] ************************************

[2023-12-01 18:42:35,787][train.py][line:116][INFO] ********* Train Epoch:61 ********
[2023-12-01 19:48:35,789][train.py][line:179][INFO] 
Train mode Epoch 61: Total loss:0.95 
Arousal >> F1_score:0.56, recall:0.92, precision0.41, loss:0.52 
Apnea >> F1_score:0.55, recall:0.93, precision0.43, loss:0.43
[2023-12-01 19:48:35,790][train.py][line:195][INFO] ************************************

[2023-12-01 19:48:35,791][train.py][line:257][INFO] *************** test ***************
[2023-12-01 19:58:53,123][train.py][line:298][INFO] 
Test mode: Total loss:1.21 
Arousal >> F1_score:0.58, recall:0.87, precision0.44, loss:0.59 
Apnea >> F1_score:0.57, recall:0.81, precision0.48, loss:0.62
[2023-12-01 19:58:53,123][train.py][line:301][INFO] ************************************

[2023-12-01 19:58:53,286][train.py][line:116][INFO] ********* Train Epoch:62 ********
[2023-12-01 21:06:56,626][train.py][line:179][INFO] 
Train mode Epoch 62: Total loss:0.95 
Arousal >> F1_score:0.56, recall:0.92, precision0.41, loss:0.52 
Apnea >> F1_score:0.54, recall:0.93, precision0.43, loss:0.43
[2023-12-01 21:06:56,629][train.py][line:195][INFO] ************************************

[2023-12-01 21:06:56,630][train.py][line:257][INFO] *************** test ***************
[2023-12-01 21:14:59,918][train.py][line:298][INFO] 
Test mode: Total loss:1.18 
Arousal >> F1_score:0.58, recall:0.88, precision0.44, loss:0.58 
Apnea >> F1_score:0.56, recall:0.82, precision0.46, loss:0.6
[2023-12-01 21:14:59,918][train.py][line:301][INFO] ************************************

[2023-12-01 21:15:00,072][train.py][line:116][INFO] ********* Train Epoch:63 ********
[2023-12-01 22:21:05,773][train.py][line:179][INFO] 
Train mode Epoch 63: Total loss:0.94 
Arousal >> F1_score:0.56, recall:0.92, precision0.41, loss:0.52 
Apnea >> F1_score:0.55, recall:0.93, precision0.44, loss:0.43
[2023-12-01 22:21:05,774][train.py][line:195][INFO] ************************************

[2023-12-01 22:21:05,774][train.py][line:257][INFO] *************** test ***************
[2023-12-01 22:31:18,673][train.py][line:298][INFO] 
Test mode: Total loss:1.19 
Arousal >> F1_score:0.58, recall:0.88, precision0.44, loss:0.59 
Apnea >> F1_score:0.56, recall:0.83, precision0.47, loss:0.6
[2023-12-01 22:31:18,674][train.py][line:301][INFO] ************************************

[2023-12-01 22:31:18,812][train.py][line:116][INFO] ********* Train Epoch:64 ********
[2023-12-01 23:39:51,199][train.py][line:179][INFO] 
Train mode Epoch 64: Total loss:0.94 
Arousal >> F1_score:0.56, recall:0.92, precision0.41, loss:0.52 
Apnea >> F1_score:0.55, recall:0.93, precision0.44, loss:0.43
[2023-12-01 23:39:51,200][train.py][line:195][INFO] ************************************

[2023-12-01 23:39:51,201][train.py][line:257][INFO] *************** test ***************
[2023-12-01 23:47:55,869][train.py][line:298][INFO] 
Test mode: Total loss:1.18 
Arousal >> F1_score:0.59, recall:0.88, precision0.45, loss:0.59 
Apnea >> F1_score:0.56, recall:0.83, precision0.47, loss:0.59
[2023-12-01 23:47:55,870][train.py][line:301][INFO] ************************************

[2023-12-01 23:47:56,004][train.py][line:116][INFO] ********* Train Epoch:65 ********
[2023-12-02 00:53:53,134][train.py][line:179][INFO] 
Train mode Epoch 65: Total loss:0.94 
Arousal >> F1_score:0.56, recall:0.92, precision0.41, loss:0.51 
Apnea >> F1_score:0.55, recall:0.94, precision0.44, loss:0.42
[2023-12-02 00:53:53,141][train.py][line:195][INFO] ************************************

[2023-12-02 00:53:53,142][train.py][line:257][INFO] *************** test ***************
[2023-12-02 01:04:06,033][train.py][line:298][INFO] 
Test mode: Total loss:1.22 
Arousal >> F1_score:0.59, recall:0.87, precision0.45, loss:0.59 
Apnea >> F1_score:0.57, recall:0.8, precision0.48, loss:0.63
[2023-12-02 01:04:06,034][train.py][line:301][INFO] ************************************

[2023-12-02 01:04:06,201][train.py][line:116][INFO] ********* Train Epoch:66 ********
[2023-12-02 02:12:24,403][train.py][line:179][INFO] 
Train mode Epoch 66: Total loss:0.93 
Arousal >> F1_score:0.56, recall:0.92, precision0.41, loss:0.51 
Apnea >> F1_score:0.55, recall:0.94, precision0.44, loss:0.42
[2023-12-02 02:12:24,404][train.py][line:195][INFO] ************************************

[2023-12-02 02:12:24,405][train.py][line:257][INFO] *************** test ***************
[2023-12-02 02:20:29,173][train.py][line:298][INFO] 
Test mode: Total loss:1.21 
Arousal >> F1_score:0.58, recall:0.88, precision0.44, loss:0.59 
Apnea >> F1_score:0.56, recall:0.8, precision0.48, loss:0.62
[2023-12-02 02:20:29,173][train.py][line:301][INFO] ************************************

[2023-12-02 02:20:29,277][train.py][line:116][INFO] ********* Train Epoch:67 ********
[2023-12-02 03:26:33,109][train.py][line:179][INFO] 
Train mode Epoch 67: Total loss:0.93 
Arousal >> F1_score:0.56, recall:0.92, precision0.41, loss:0.52 
Apnea >> F1_score:0.56, recall:0.94, precision0.44, loss:0.42
[2023-12-02 03:26:33,110][train.py][line:195][INFO] ************************************

[2023-12-02 03:26:33,110][train.py][line:257][INFO] *************** test ***************
[2023-12-02 03:38:25,595][train.py][line:298][INFO] 
Test mode: Total loss:1.2 
Arousal >> F1_score:0.58, recall:0.88, precision0.43, loss:0.59 
Apnea >> F1_score:0.56, recall:0.82, precision0.47, loss:0.62
[2023-12-02 03:38:25,596][train.py][line:301][INFO] ************************************

[2023-12-02 03:38:25,667][train.py][line:116][INFO] ********* Train Epoch:68 ********
[2023-12-02 04:54:47,729][train.py][line:179][INFO] 
Train mode Epoch 68: Total loss:0.93 
Arousal >> F1_score:0.56, recall:0.92, precision0.41, loss:0.51 
Apnea >> F1_score:0.55, recall:0.94, precision0.44, loss:0.42
[2023-12-02 04:54:47,730][train.py][line:195][INFO] ************************************

[2023-12-02 04:54:47,731][train.py][line:257][INFO] *************** test ***************
[2023-12-02 05:02:51,216][train.py][line:298][INFO] 
Test mode: Total loss:1.18 
Arousal >> F1_score:0.58, recall:0.88, precision0.44, loss:0.58 
Apnea >> F1_score:0.57, recall:0.82, precision0.48, loss:0.6
[2023-12-02 05:02:51,217][train.py][line:301][INFO] ************************************

[2023-12-02 05:02:51,350][train.py][line:116][INFO] ********* Train Epoch:69 ********
[2023-12-02 06:08:11,683][train.py][line:179][INFO] 
Train mode Epoch 69: Total loss:0.93 
Arousal >> F1_score:0.56, recall:0.92, precision0.41, loss:0.51 
Apnea >> F1_score:0.56, recall:0.94, precision0.44, loss:0.42
[2023-12-02 06:08:11,684][train.py][line:195][INFO] ************************************

[2023-12-02 06:08:11,684][train.py][line:257][INFO] *************** test ***************
[2023-12-02 06:16:16,531][train.py][line:298][INFO] 
Test mode: Total loss:1.19 
Arousal >> F1_score:0.58, recall:0.88, precision0.43, loss:0.58 
Apnea >> F1_score:0.56, recall:0.82, precision0.47, loss:0.6
[2023-12-02 06:16:16,532][train.py][line:301][INFO] ************************************

[2023-12-02 06:16:16,602][train.py][line:116][INFO] ********* Train Epoch:70 ********
[2023-12-02 07:23:22,413][train.py][line:179][INFO] 
Train mode Epoch 70: Total loss:0.93 
Arousal >> F1_score:0.56, recall:0.92, precision0.41, loss:0.51 
Apnea >> F1_score:0.56, recall:0.94, precision0.44, loss:0.41
[2023-12-02 07:23:22,415][train.py][line:195][INFO] ************************************

[2023-12-02 07:23:22,416][train.py][line:257][INFO] *************** test ***************
[2023-12-02 07:33:49,066][train.py][line:298][INFO] 
Test mode: Total loss:1.18 
Arousal >> F1_score:0.58, recall:0.88, precision0.44, loss:0.59 
Apnea >> F1_score:0.56, recall:0.82, precision0.47, loss:0.59
[2023-12-02 07:33:49,067][train.py][line:301][INFO] ************************************

[2023-12-02 07:33:49,209][train.py][line:116][INFO] ********* Train Epoch:71 ********
[2023-12-02 08:47:25,771][train.py][line:179][INFO] 
Train mode Epoch 71: Total loss:0.94 
Arousal >> F1_score:0.56, recall:0.92, precision0.41, loss:0.51 
Apnea >> F1_score:0.55, recall:0.94, precision0.44, loss:0.42
[2023-12-02 08:47:25,772][train.py][line:195][INFO] ************************************

[2023-12-02 08:47:25,772][train.py][line:257][INFO] *************** test ***************
[2023-12-02 08:57:53,900][train.py][line:298][INFO] 
Test mode: Total loss:1.22 
Arousal >> F1_score:0.58, recall:0.88, precision0.44, loss:0.59 
Apnea >> F1_score:0.56, recall:0.81, precision0.47, loss:0.63
[2023-12-02 08:57:53,900][train.py][line:301][INFO] ************************************

[2023-12-02 08:57:53,999][train.py][line:116][INFO] ********* Train Epoch:72 ********
[2023-12-02 10:12:46,360][train.py][line:179][INFO] 
Train mode Epoch 72: Total loss:0.93 
Arousal >> F1_score:0.56, recall:0.92, precision0.41, loss:0.51 
Apnea >> F1_score:0.55, recall:0.94, precision0.44, loss:0.42
[2023-12-02 10:12:46,369][train.py][line:195][INFO] ************************************

[2023-12-02 10:12:46,370][train.py][line:257][INFO] *************** test ***************
[2023-12-02 10:23:20,586][train.py][line:298][INFO] 
Test mode: Total loss:1.2 
Arousal >> F1_score:0.58, recall:0.88, precision0.44, loss:0.59 
Apnea >> F1_score:0.56, recall:0.82, precision0.47, loss:0.61
[2023-12-02 10:23:20,587][train.py][line:301][INFO] ************************************

[2023-12-02 10:23:20,675][train.py][line:116][INFO] ********* Train Epoch:73 ********
[2023-12-02 11:33:03,180][train.py][line:179][INFO] 
Train mode Epoch 73: Total loss:0.92 
Arousal >> F1_score:0.56, recall:0.92, precision0.41, loss:0.51 
Apnea >> F1_score:0.56, recall:0.94, precision0.44, loss:0.41
[2023-12-02 11:33:03,180][train.py][line:195][INFO] ************************************

[2023-12-02 11:33:03,181][train.py][line:257][INFO] *************** test ***************
[2023-12-02 11:41:07,282][train.py][line:298][INFO] 
Test mode: Total loss:1.18 
Arousal >> F1_score:0.57, recall:0.89, precision0.43, loss:0.58 
Apnea >> F1_score:0.56, recall:0.83, precision0.47, loss:0.6
[2023-12-02 11:41:07,283][train.py][line:301][INFO] ************************************

[2023-12-02 11:41:07,352][train.py][line:116][INFO] ********* Train Epoch:74 ********
[2023-12-02 12:48:13,374][train.py][line:179][INFO] 
Train mode Epoch 74: Total loss:0.93 
Arousal >> F1_score:0.56, recall:0.92, precision0.41, loss:0.51 
Apnea >> F1_score:0.55, recall:0.94, precision0.44, loss:0.42
[2023-12-02 12:48:13,376][train.py][line:195][INFO] ************************************

[2023-12-02 12:48:13,377][train.py][line:257][INFO] *************** test ***************
[2023-12-02 12:58:34,488][train.py][line:298][INFO] 
Test mode: Total loss:1.22 
Arousal >> F1_score:0.58, recall:0.88, precision0.44, loss:0.59 
Apnea >> F1_score:0.56, recall:0.8, precision0.48, loss:0.63
[2023-12-02 12:58:34,489][train.py][line:301][INFO] ************************************

[2023-12-02 12:58:34,613][train.py][line:116][INFO] ********* Train Epoch:75 ********
[2023-12-02 14:11:25,796][train.py][line:179][INFO] 
Train mode Epoch 75: Total loss:0.92 
Arousal >> F1_score:0.56, recall:0.92, precision0.41, loss:0.51 
Apnea >> F1_score:0.56, recall:0.94, precision0.44, loss:0.41
[2023-12-02 14:11:25,797][train.py][line:195][INFO] ************************************

[2023-12-02 14:11:25,798][train.py][line:257][INFO] *************** test ***************
[2023-12-02 14:21:59,623][train.py][line:298][INFO] 
Test mode: Total loss:1.18 
Arousal >> F1_score:0.58, recall:0.88, precision0.44, loss:0.59 
Apnea >> F1_score:0.55, recall:0.83, precision0.46, loss:0.59
[2023-12-02 14:21:59,624][train.py][line:301][INFO] ************************************

[2023-12-02 14:21:59,717][train.py][line:116][INFO] ********* Train Epoch:76 ********
[2023-12-02 15:33:37,697][train.py][line:179][INFO] 
Train mode Epoch 76: Total loss:0.92 
Arousal >> F1_score:0.56, recall:0.92, precision0.41, loss:0.51 
Apnea >> F1_score:0.56, recall:0.94, precision0.44, loss:0.41
[2023-12-02 15:33:37,698][train.py][line:195][INFO] ************************************

[2023-12-02 15:33:37,699][train.py][line:257][INFO] *************** test ***************
[2023-12-02 15:44:03,303][train.py][line:298][INFO] 
Test mode: Total loss:1.24 
Arousal >> F1_score:0.59, recall:0.87, precision0.45, loss:0.6 
Apnea >> F1_score:0.56, recall:0.8, precision0.48, loss:0.64
[2023-12-02 15:44:03,304][train.py][line:301][INFO] ************************************

[2023-12-02 15:44:03,443][train.py][line:116][INFO] ********* Train Epoch:77 ********
[2023-12-02 16:55:04,090][train.py][line:179][INFO] 
Train mode Epoch 77: Total loss:0.92 
Arousal >> F1_score:0.56, recall:0.92, precision0.41, loss:0.51 
Apnea >> F1_score:0.56, recall:0.94, precision0.45, loss:0.41
[2023-12-02 16:55:04,091][train.py][line:195][INFO] ************************************

[2023-12-02 16:55:04,091][train.py][line:257][INFO] *************** test ***************
[2023-12-02 17:03:13,191][train.py][line:298][INFO] 
Test mode: Total loss:1.3 
Arousal >> F1_score:0.59, recall:0.87, precision0.45, loss:0.6 
Apnea >> F1_score:0.56, recall:0.77, precision0.49, loss:0.69
[2023-12-02 17:03:13,192][train.py][line:301][INFO] ************************************

[2023-12-02 17:03:13,268][train.py][line:116][INFO] ********* Train Epoch:78 ********
[2023-12-02 18:10:50,233][train.py][line:179][INFO] 
Train mode Epoch 78: Total loss:0.92 
Arousal >> F1_score:0.56, recall:0.92, precision0.41, loss:0.51 
Apnea >> F1_score:0.56, recall:0.94, precision0.44, loss:0.41
[2023-12-02 18:10:50,234][train.py][line:195][INFO] ************************************

[2023-12-02 18:10:50,234][train.py][line:257][INFO] *************** test ***************
[2023-12-02 18:21:12,369][train.py][line:298][INFO] 
Test mode: Total loss:1.22 
Arousal >> F1_score:0.59, recall:0.87, precision0.45, loss:0.59 
Apnea >> F1_score:0.56, recall:0.82, precision0.47, loss:0.62
[2023-12-02 18:21:12,370][train.py][line:301][INFO] ************************************

[2023-12-02 18:21:12,449][train.py][line:116][INFO] ********* Train Epoch:79 ********
[2023-12-02 19:30:24,700][train.py][line:179][INFO] 
Train mode Epoch 79: Total loss:0.92 
Arousal >> F1_score:0.56, recall:0.92, precision0.41, loss:0.51 
Apnea >> F1_score:0.56, recall:0.94, precision0.44, loss:0.41
[2023-12-02 19:30:24,701][train.py][line:195][INFO] ************************************

[2023-12-02 19:30:24,701][train.py][line:257][INFO] *************** test ***************
[2023-12-02 19:38:30,244][train.py][line:298][INFO] 
Test mode: Total loss:1.25 
Arousal >> F1_score:0.58, recall:0.88, precision0.44, loss:0.59 
Apnea >> F1_score:0.56, recall:0.8, precision0.48, loss:0.66
[2023-12-02 19:38:30,245][train.py][line:301][INFO] ************************************

[2023-12-02 19:38:33,811][train.py][line:246][INFO] Best Test Loss: 1.18, Best Arousal F1 Score: 0.59, Best Apnea F1 Score: 0.57
